

================================================================
== Vivado HLS Report for 'dense_latency_ap_ufixed_ap_fixed_16_6_5_3_0_config16_0_0_0_0_0_0'
================================================================
* Date:           Thu Nov  2 21:28:28 2023

* Version:        2020.1 (Build 2897737 on Wed May 27 20:21:37 MDT 2020)
* Project:        myproject_prj
* Solution:       solution1
* Product family: virtexuplus
* Target device:  xcvu13p-flga2577-2-e


================================================================
== Performance Estimates
================================================================
+ Timing: 
    * Summary: 
    +--------+---------+----------+------------+
    |  Clock |  Target | Estimated| Uncertainty|
    +--------+---------+----------+------------+
    |ap_clk  | 5.00 ns | 4.187 ns |   0.62 ns  |
    +--------+---------+----------+------------+

+ Latency: 
    * Summary: 
    +---------+---------+----------+----------+-----+-----+----------+
    |  Latency (cycles) |  Latency (absolute) |  Interval | Pipeline |
    |   min   |   max   |    min   |    max   | min | max |   Type   |
    +---------+---------+----------+----------+-----+-----+----------+
    |        1|        1| 5.000 ns | 5.000 ns |    1|    1| function |
    +---------+---------+----------+----------+-----+-----+----------+

    + Detail: 
        * Instance: 
        N/A

        * Loop: 
        N/A



================================================================
== Utilization Estimates
================================================================
* Summary: 
+---------------------+---------+-------+---------+---------+------+
|         Name        | BRAM_18K| DSP48E|    FF   |   LUT   | URAM |
+---------------------+---------+-------+---------+---------+------+
|DSP                  |        -|      -|        -|        -|     -|
|Expression           |        -|     66|        0|     7978|     -|
|FIFO                 |        -|      -|        -|        -|     -|
|Instance             |        -|      -|        -|        -|     -|
|Memory               |        -|      -|        -|        -|     -|
|Multiplexer          |        -|      -|        -|       54|     -|
|Register             |        -|      -|      439|        -|     -|
+---------------------+---------+-------+---------+---------+------+
|Total                |        0|     66|      439|     8032|     0|
+---------------------+---------+-------+---------+---------+------+
|Available SLR        |     1344|   3072|   864000|   432000|   320|
+---------------------+---------+-------+---------+---------+------+
|Utilization SLR (%)  |        0|      2|    ~0   |        1|     0|
+---------------------+---------+-------+---------+---------+------+
|Available            |     5376|  12288|  3456000|  1728000|  1280|
+---------------------+---------+-------+---------+---------+------+
|Utilization (%)      |        0|   ~0  |    ~0   |    ~0   |     0|
+---------------------+---------+-------+---------+---------+------+

+ Detail: 
    * Instance: 
    N/A

    * DSP48E: 
    N/A

    * Memory: 
    N/A

    * FIFO: 
    N/A

    * Expression: 
    +----------------------------------+----------+-------+---+----+------------+------------+
    |           Variable Name          | Operation| DSP48E| FF| LUT| Bitwidth P0| Bitwidth P1|
    +----------------------------------+----------+-------+---+----+------------+------------+
    |mul_ln1118_100_fu_796_p2          |     *    |      0|  0|  49|           8|           9|
    |mul_ln1118_101_fu_785_p2          |     *    |      0|  0|  62|           8|          10|
    |mul_ln1118_102_fu_706_p2          |     *    |      0|  0|  62|           8|          10|
    |mul_ln1118_103_fu_690_p2          |     *    |      1|  0|   6|           8|          11|
    |mul_ln1118_104_fu_816_p2          |     *    |      0|  0|  49|           8|           9|
    |mul_ln1118_105_fu_662_p2          |     *    |      1|  0|   6|           8|          11|
    |mul_ln1118_106_fu_773_p2          |     *    |      1|  0|   6|           8|          11|
    |mul_ln1118_107_fu_666_p2          |     *    |      1|  0|   6|           8|          11|
    |mul_ln1118_108_fu_679_p2          |     *    |      1|  0|   7|           8|          14|
    |mul_ln1118_109_fu_689_p2          |     *    |      1|  0|   6|           8|          11|
    |mul_ln1118_10_fu_680_p2           |     *    |      0|  0|  62|           8|          10|
    |mul_ln1118_110_fu_685_p2          |     *    |      0|  0|  49|           8|           9|
    |mul_ln1118_111_fu_692_p2          |     *    |      1|  0|   7|           8|          14|
    |mul_ln1118_112_fu_783_p2          |     *    |      0|  0|  62|           8|          10|
    |mul_ln1118_113_fu_711_p2          |     *    |      0|  0|  62|           8|          10|
    |mul_ln1118_114_fu_709_p2          |     *    |      0|  0|  49|           8|           9|
    |mul_ln1118_115_fu_801_p2          |     *    |      0|  0|  62|           8|          10|
    |mul_ln1118_116_fu_747_p2          |     *    |      0|  0|  62|           8|          10|
    |mul_ln1118_117_fu_771_p2          |     *    |      1|  0|   9|           8|          12|
    |mul_ln1118_118_fu_740_p2          |     *    |      0|  0|  62|           8|          10|
    |mul_ln1118_119_fu_786_p2          |     *    |      1|  0|   9|           8|          12|
    |mul_ln1118_11_fu_696_p2           |     *    |      0|  0|  49|           8|           9|
    |mul_ln1118_120_fu_684_p2          |     *    |      1|  0|   9|           8|          12|
    |mul_ln1118_121_fu_812_p2          |     *    |      1|  0|   8|           8|          13|
    |mul_ln1118_122_fu_705_p2          |     *    |      1|  0|   6|           8|          11|
    |mul_ln1118_123_fu_788_p2          |     *    |      1|  0|   6|           8|          11|
    |mul_ln1118_124_fu_762_p2          |     *    |      1|  0|   6|           8|          11|
    |mul_ln1118_125_fu_758_p2          |     *    |      0|  0|  62|           8|          10|
    |mul_ln1118_126_fu_708_p2          |     *    |      0|  0|  49|           8|           9|
    |mul_ln1118_127_fu_693_p2          |     *    |      0|  0|  62|           8|          10|
    |mul_ln1118_128_fu_678_p2          |     *    |      0|  0|  62|           8|          10|
    |mul_ln1118_129_fu_779_p2          |     *    |      1|  0|   8|           8|          13|
    |mul_ln1118_12_fu_697_p2           |     *    |      0|  0|  49|           8|           9|
    |mul_ln1118_130_fu_757_p2          |     *    |      0|  0|  62|           8|          10|
    |mul_ln1118_131_fu_772_p2          |     *    |      1|  0|   9|           8|          12|
    |mul_ln1118_132_fu_808_p2          |     *    |      1|  0|   6|           8|          11|
    |mul_ln1118_133_fu_809_p2          |     *    |      1|  0|   9|           8|          12|
    |mul_ln1118_13_fu_782_p2           |     *    |      1|  0|   8|           8|          13|
    |mul_ln1118_14_fu_683_p2           |     *    |      1|  0|   6|           8|          11|
    |mul_ln1118_15_fu_813_p2           |     *    |      0|  0|  62|           8|          10|
    |mul_ln1118_16_fu_667_p2           |     *    |      1|  0|   6|           8|          11|
    |mul_ln1118_17_fu_815_p2           |     *    |      0|  0|  62|           8|          10|
    |mul_ln1118_18_fu_694_p2           |     *    |      0|  0|  62|           8|          10|
    |mul_ln1118_19_fu_737_p2           |     *    |      1|  0|   9|           8|          12|
    |mul_ln1118_20_fu_738_p2           |     *    |      1|  0|   8|           8|          13|
    |mul_ln1118_21_fu_722_p2           |     *    |      0|  0|  62|           8|          10|
    |mul_ln1118_22_fu_750_p2           |     *    |      0|  0|  49|           8|           9|
    |mul_ln1118_23_fu_763_p2           |     *    |      0|  0|  49|           8|           9|
    |mul_ln1118_24_fu_720_p2           |     *    |      1|  0|   7|           8|          14|
    |mul_ln1118_25_fu_797_p2           |     *    |      1|  0|   6|           8|          11|
    |mul_ln1118_26_fu_765_p2           |     *    |      0|  0|  62|           8|          10|
    |mul_ln1118_27_fu_752_p2           |     *    |      0|  0|  62|           8|          10|
    |mul_ln1118_28_fu_818_p2           |     *    |      0|  0|  49|           8|           9|
    |mul_ln1118_29_fu_775_p2           |     *    |      0|  0|  62|           8|          10|
    |mul_ln1118_30_fu_799_p2           |     *    |      1|  0|   6|           8|          11|
    |mul_ln1118_31_fu_791_p2           |     *    |      1|  0|   9|           8|          12|
    |mul_ln1118_32_fu_755_p2           |     *    |      0|  0|  40|           8|           8|
    |mul_ln1118_33_fu_778_p2           |     *    |      0|  0|  62|           8|          10|
    |mul_ln1118_34_fu_671_p2           |     *    |      0|  0|  62|           8|          10|
    |mul_ln1118_35_fu_819_p2           |     *    |      0|  0|  49|           8|           9|
    |mul_ln1118_36_fu_817_p2           |     *    |      1|  0|   9|           8|          12|
    |mul_ln1118_37_fu_663_p2           |     *    |      0|  0|  49|           8|           9|
    |mul_ln1118_38_fu_727_p2           |     *    |      0|  0|  49|           8|           9|
    |mul_ln1118_39_fu_804_p2           |     *    |      0|  0|  62|           8|          10|
    |mul_ln1118_40_fu_789_p2           |     *    |      1|  0|   6|           8|          11|
    |mul_ln1118_41_fu_698_p2           |     *    |      1|  0|   6|           8|          11|
    |mul_ln1118_42_fu_675_p2           |     *    |      1|  0|   6|           8|          11|
    |mul_ln1118_43_fu_700_p2           |     *    |      1|  0|   6|           8|          11|
    |mul_ln1118_44_fu_777_p2           |     *    |      1|  0|   6|           8|          11|
    |mul_ln1118_45_fu_670_p2           |     *    |      0|  0|  62|           8|          10|
    |mul_ln1118_46_fu_703_p2           |     *    |      0|  0|  62|           8|          10|
    |mul_ln1118_47_fu_704_p2           |     *    |      1|  0|   6|           8|          11|
    |mul_ln1118_48_fu_794_p2           |     *    |      1|  0|   6|           8|          11|
    |mul_ln1118_49_fu_726_p2           |     *    |      1|  0|   9|           8|          12|
    |mul_ln1118_50_fu_764_p2           |     *    |      0|  0|  49|           8|           9|
    |mul_ln1118_51_fu_735_p2           |     *    |      0|  0|  62|           8|          10|
    |mul_ln1118_52_fu_730_p2           |     *    |      1|  0|   9|           8|          12|
    |mul_ln1118_53_fu_756_p2           |     *    |      1|  0|   9|           8|          12|
    |mul_ln1118_54_fu_820_p2           |     *    |      0|  0|  62|           8|          10|
    |mul_ln1118_55_fu_805_p2           |     *    |      1|  0|   6|           8|          11|
    |mul_ln1118_56_fu_790_p2           |     *    |      0|  0|  49|           8|           9|
    |mul_ln1118_57_fu_753_p2           |     *    |      0|  0|  49|           8|           9|
    |mul_ln1118_58_fu_807_p2           |     *    |      0|  0|  62|           8|          10|
    |mul_ln1118_59_fu_793_p2           |     *    |      1|  0|   6|           8|          11|
    |mul_ln1118_5_fu_707_p2            |     *    |      0|  0|  62|           8|          10|
    |mul_ln1118_60_fu_739_p2           |     *    |      1|  0|   6|           8|          11|
    |mul_ln1118_61_fu_710_p2           |     *    |      0|  0|  62|           8|          10|
    |mul_ln1118_62_fu_780_p2           |     *    |      0|  0|  40|           8|           8|
    |mul_ln1118_63_fu_767_p2           |     *    |      1|  0|   6|           8|          11|
    |mul_ln1118_64_fu_742_p2           |     *    |      1|  0|   9|           8|          12|
    |mul_ln1118_65_fu_766_p2           |     *    |      1|  0|   6|           8|          11|
    |mul_ln1118_66_fu_787_p2           |     *    |      1|  0|   6|           8|          11|
    |mul_ln1118_67_fu_803_p2           |     *    |      0|  0|  40|           8|           8|
    |mul_ln1118_68_fu_810_p2           |     *    |      0|  0|  49|           8|           9|
    |mul_ln1118_69_fu_770_p2           |     *    |      0|  0|  62|           8|          10|
    |mul_ln1118_6_fu_673_p2            |     *    |      0|  0|  62|           8|          10|
    |mul_ln1118_70_fu_821_p2           |     *    |      0|  0|  62|           8|          10|
    |mul_ln1118_71_fu_806_p2           |     *    |      1|  0|   6|           8|          11|
    |mul_ln1118_72_fu_699_p2           |     *    |      1|  0|   9|           8|          12|
    |mul_ln1118_73_fu_669_p2           |     *    |      1|  0|   9|           8|          12|
    |mul_ln1118_74_fu_676_p2           |     *    |      1|  0|   9|           8|          12|
    |mul_ln1118_75_fu_798_p2           |     *    |      1|  0|   6|           8|          11|
    |mul_ln1118_76_fu_702_p2           |     *    |      0|  0|  62|           8|          10|
    |mul_ln1118_77_fu_687_p2           |     *    |      1|  0|   6|           8|          11|
    |mul_ln1118_78_fu_732_p2           |     *    |      0|  0|  62|           8|          10|
    |mul_ln1118_79_fu_811_p2           |     *    |      0|  0|  62|           8|          10|
    |mul_ln1118_7_fu_665_p2            |     *    |      1|  0|   6|           8|          11|
    |mul_ln1118_80_fu_743_p2           |     *    |      1|  0|   6|           8|          11|
    |mul_ln1118_81_fu_728_p2           |     *    |      1|  0|   6|           8|          11|
    |mul_ln1118_82_fu_674_p2           |     *    |      1|  0|   9|           8|          12|
    |mul_ln1118_83_fu_716_p2           |     *    |      1|  0|   6|           8|          11|
    |mul_ln1118_84_fu_714_p2           |     *    |      0|  0|  62|           8|          10|
    |mul_ln1118_85_fu_745_p2           |     *    |      0|  0|  49|           8|           9|
    |mul_ln1118_86_fu_677_p2           |     *    |      1|  0|   6|           8|          11|
    |mul_ln1118_87_fu_754_p2           |     *    |      1|  0|   6|           8|          11|
    |mul_ln1118_88_fu_686_p2           |     *    |      1|  0|   9|           8|          12|
    |mul_ln1118_89_fu_746_p2           |     *    |      0|  0|  49|           8|           9|
    |mul_ln1118_8_fu_802_p2            |     *    |      1|  0|   9|           8|          12|
    |mul_ln1118_90_fu_712_p2           |     *    |      0|  0|  62|           8|          10|
    |mul_ln1118_91_fu_718_p2           |     *    |      1|  0|   9|           8|          12|
    |mul_ln1118_92_fu_795_p2           |     *    |      1|  0|   6|           8|          11|
    |mul_ln1118_93_fu_741_p2           |     *    |      0|  0|  49|           8|           9|
    |mul_ln1118_94_fu_769_p2           |     *    |      0|  0|  62|           8|          10|
    |mul_ln1118_95_fu_776_p2           |     *    |      0|  0|  62|           8|          10|
    |mul_ln1118_96_fu_715_p2           |     *    |      1|  0|   6|           8|          11|
    |mul_ln1118_97_fu_691_p2           |     *    |      1|  0|   6|           8|          11|
    |mul_ln1118_98_fu_729_p2           |     *    |      1|  0|   9|           8|          12|
    |mul_ln1118_99_fu_792_p2           |     *    |      0|  0|  62|           8|          10|
    |mul_ln1118_9_fu_695_p2            |     *    |      1|  0|   9|           8|          12|
    |mul_ln1118_fu_681_p2              |     *    |      0|  0|  49|           8|           9|
    |mul_ln708_10_fu_760_p2            |     *    |      0|  0|  40|           8|           7|
    |mul_ln708_11_fu_744_p2            |     *    |      0|  0|  40|           8|           7|
    |mul_ln708_12_fu_749_p2            |     *    |      0|  0|  40|           8|           8|
    |mul_ln708_13_fu_734_p2            |     *    |      0|  0|  40|           8|           6|
    |mul_ln708_1_fu_731_p2             |     *    |      0|  0|  40|           8|           8|
    |mul_ln708_2_fu_723_p2             |     *    |      0|  0|  40|           8|           7|
    |mul_ln708_3_fu_784_p2             |     *    |      0|  0|  40|           8|           7|
    |mul_ln708_4_fu_717_p2             |     *    |      0|  0|  40|           8|           8|
    |mul_ln708_5_fu_682_p2             |     *    |      0|  0|  40|           8|           6|
    |mul_ln708_6_fu_751_p2             |     *    |      0|  0|  40|           8|           6|
    |mul_ln708_7_fu_701_p2             |     *    |      0|  0|  40|           8|           8|
    |mul_ln708_8_fu_748_p2             |     *    |      0|  0|  40|           8|           7|
    |mul_ln708_9_fu_719_p2             |     *    |      0|  0|  40|           8|           8|
    |mul_ln708_fu_761_p2               |     *    |      0|  0|  40|           8|           8|
    |acc_1_V_fu_98494_p2               |     +    |      0|  0|  23|          16|          16|
    |acc_2_V_fu_98525_p2               |     +    |      0|  0|  16|          16|          16|
    |acc_3_V_fu_98564_p2               |     +    |      0|  0|  16|          16|          16|
    |acc_4_V_fu_98599_p2               |     +    |      0|  0|  16|          16|          16|
    |add_ln1118_4_fu_96086_p2          |     +    |      0|  0|  25|          18|          18|
    |add_ln1118_fu_96020_p2            |     +    |      0|  0|  25|          18|          18|
    |add_ln703_3867_fu_97179_p2        |     +    |      0|  0|  16|          11|          11|
    |add_ln703_3868_fu_97185_p2        |     +    |      0|  0|  16|          11|          11|
    |add_ln703_3869_fu_97195_p2        |     +    |      0|  0|  19|          12|          12|
    |add_ln703_3870_fu_97205_p2        |     +    |      0|  0|  18|          11|          11|
    |add_ln703_3871_fu_97215_p2        |     +    |      0|  0|  18|          11|          11|
    |add_ln703_3872_fu_97225_p2        |     +    |      0|  0|  19|          12|          12|
    |add_ln703_3873_fu_97235_p2        |     +    |      0|  0|  18|          11|          11|
    |add_ln703_3874_fu_97245_p2        |     +    |      0|  0|  18|          11|          11|
    |add_ln703_3875_fu_97255_p2        |     +    |      0|  0|  19|          12|          12|
    |add_ln703_3876_fu_97265_p2        |     +    |      0|  0|  20|          13|          13|
    |add_ln703_3877_fu_97271_p2        |     +    |      0|  0|  19|          12|          12|
    |add_ln703_3878_fu_97281_p2        |     +    |      0|  0|  17|          10|          10|
    |add_ln703_3879_fu_97291_p2        |     +    |      0|  0|  16|          13|          13|
    |add_ln703_3880_fu_97297_p2        |     +    |      0|  0|  18|          11|          11|
    |add_ln703_3881_fu_97307_p2        |     +    |      0|  0|  17|          10|          10|
    |add_ln703_3882_fu_97317_p2        |     +    |      0|  0|  19|          12|          12|
    |add_ln703_3883_fu_97327_p2        |     +    |      0|  0|  16|          13|          13|
    |add_ln703_3884_fu_98399_p2        |     +    |      0|  0|  21|          14|          14|
    |add_ln703_3885_fu_97333_p2        |     +    |      0|  0|  20|          13|          13|
    |add_ln703_3886_fu_97343_p2        |     +    |      0|  0|  20|          13|          13|
    |add_ln703_3887_fu_97353_p2        |     +    |      0|  0|  21|          14|          14|
    |add_ln703_3888_fu_97359_p2        |     +    |      0|  0|  19|          12|          12|
    |add_ln703_3889_fu_97369_p2        |     +    |      0|  0|  19|          12|          12|
    |add_ln703_3890_fu_97379_p2        |     +    |      0|  0|  20|          13|          13|
    |add_ln703_3891_fu_98415_p2        |     +    |      0|  0|  16|          15|          15|
    |add_ln703_3892_fu_97385_p2        |     +    |      0|  0|  18|          11|          11|
    |add_ln703_3893_fu_97395_p2        |     +    |      0|  0|  18|          11|          11|
    |add_ln703_3894_fu_97405_p2        |     +    |      0|  0|  19|          12|          12|
    |add_ln703_3895_fu_97411_p2        |     +    |      0|  0|  17|          10|           9|
    |add_ln703_3896_fu_97421_p2        |     +    |      0|  0|  17|          10|          10|
    |add_ln703_3897_fu_97431_p2        |     +    |      0|  0|  18|          11|          11|
    |add_ln703_3898_fu_97441_p2        |     +    |      0|  0|  19|          12|          12|
    |add_ln703_3899_fu_98427_p2        |     +    |      0|  0|  20|          13|          13|
    |add_ln703_3900_fu_98437_p2        |     +    |      0|  0|  16|          15|          15|
    |add_ln703_3901_fu_98447_p2        |     +    |      0|  0|  23|          16|          16|
    |add_ln703_3902_fu_97447_p2        |     +    |      0|  0|  17|          10|          10|
    |add_ln703_3903_fu_97457_p2        |     +    |      0|  0|  18|          11|          11|
    |add_ln703_3904_fu_97467_p2        |     +    |      0|  0|  18|          11|          11|
    |add_ln703_3905_fu_97477_p2        |     +    |      0|  0|  18|          11|          11|
    |add_ln703_3906_fu_97487_p2        |     +    |      0|  0|  19|          12|          12|
    |add_ln703_3907_fu_97497_p2        |     +    |      0|  0|  20|          13|          13|
    |add_ln703_3908_fu_97503_p2        |     +    |      0|  0|  17|          10|          10|
    |add_ln703_3909_fu_97513_p2        |     +    |      0|  0|  16|          12|          12|
    |add_ln703_3910_fu_97519_p2        |     +    |      0|  0|  16|          12|          12|
    |add_ln703_3911_fu_97529_p2        |     +    |      0|  0|  16|          11|          11|
    |add_ln703_3912_fu_97535_p2        |     +    |      0|  0|  15|           8|           8|
    |add_ln703_3913_fu_97545_p2        |     +    |      0|  0|  16|          11|          11|
    |add_ln703_3914_fu_97555_p2        |     +    |      0|  0|  20|          13|          13|
    |add_ln703_3915_fu_98459_p2        |     +    |      0|  0|  21|          14|          14|
    |add_ln703_3916_fu_97561_p2        |     +    |      0|  0|  16|          13|          13|
    |add_ln703_3917_fu_97567_p2        |     +    |      0|  0|  16|          13|          13|
    |add_ln703_3918_fu_97573_p2        |     +    |      0|  0|  20|          13|          13|
    |add_ln703_3919_fu_97583_p2        |     +    |      0|  0|  19|          12|          12|
    |add_ln703_3920_fu_97593_p2        |     +    |      0|  0|  21|          14|          14|
    |add_ln703_3921_fu_98475_p2        |     +    |      0|  0|  16|          15|          15|
    |add_ln703_3922_fu_97599_p2        |     +    |      0|  0|  19|          12|          12|
    |add_ln703_3923_fu_97609_p2        |     +    |      0|  0|  19|          12|          12|
    |add_ln703_3924_fu_97619_p2        |     +    |      0|  0|  20|          13|          13|
    |add_ln703_3925_fu_97629_p2        |     +    |      0|  0|  19|          12|          12|
    |add_ln703_3926_fu_97639_p2        |     +    |      0|  0|  18|          11|          11|
    |add_ln703_3927_fu_97649_p2        |     +    |      0|  0|  20|          13|          13|
    |add_ln703_3928_fu_97659_p2        |     +    |      0|  0|  21|          14|          14|
    |add_ln703_3929_fu_98484_p2        |     +    |      0|  0|  16|          15|          15|
    |add_ln703_3931_fu_97665_p2        |     +    |      0|  0|  19|          12|          12|
    |add_ln703_3932_fu_97675_p2        |     +    |      0|  0|  19|          12|          12|
    |add_ln703_3933_fu_97685_p2        |     +    |      0|  0|  16|          13|          13|
    |add_ln703_3934_fu_97691_p2        |     +    |      0|  0|  17|          10|          10|
    |add_ln703_3935_fu_97701_p2        |     +    |      0|  0|  18|          11|          11|
    |add_ln703_3936_fu_97711_p2        |     +    |      0|  0|  19|          12|          12|
    |add_ln703_3937_fu_97721_p2        |     +    |      0|  0|  16|          13|          13|
    |add_ln703_3938_fu_97727_p2        |     +    |      0|  0|  19|          12|          12|
    |add_ln703_3939_fu_97737_p2        |     +    |      0|  0|  18|          11|          11|
    |add_ln703_3940_fu_97747_p2        |     +    |      0|  0|  20|          13|          13|
    |add_ln703_3941_fu_97753_p2        |     +    |      0|  0|  22|          15|          15|
    |add_ln703_3942_fu_97763_p2        |     +    |      0|  0|  15|           7|           7|
    |add_ln703_3943_fu_97773_p2        |     +    |      0|  0|  23|          16|          16|
    |add_ln703_3944_fu_98506_p2        |     +    |      0|  0|  16|          16|          16|
    |add_ln703_3945_fu_98511_p2        |     +    |      0|  0|  16|          16|          16|
    |add_ln703_3946_fu_97779_p2        |     +    |      0|  0|  21|          14|          14|
    |add_ln703_3947_fu_97789_p2        |     +    |      0|  0|  20|          13|          13|
    |add_ln703_3948_fu_97799_p2        |     +    |      0|  0|  22|          15|          15|
    |add_ln703_3949_fu_97809_p2        |     +    |      0|  0|  20|          13|          13|
    |add_ln703_3950_fu_97819_p2        |     +    |      0|  0|  20|          13|          13|
    |add_ln703_3951_fu_97829_p2        |     +    |      0|  0|  21|          14|          14|
    |add_ln703_3952_fu_97839_p2        |     +    |      0|  0|  23|          16|          16|
    |add_ln703_3953_fu_97845_p2        |     +    |      0|  0|  19|          12|          12|
    |add_ln703_3954_fu_97855_p2        |     +    |      0|  0|  19|          12|          12|
    |add_ln703_3955_fu_97865_p2        |     +    |      0|  0|  20|          13|          13|
    |add_ln703_3956_fu_97875_p2        |     +    |      0|  0|  18|          11|          11|
    |add_ln703_3957_fu_97885_p2        |     +    |      0|  0|  15|           8|           5|
    |add_ln703_3958_fu_97895_p2        |     +    |      0|  0|  17|          10|          10|
    |add_ln703_3959_fu_97905_p2        |     +    |      0|  0|  19|          12|          12|
    |add_ln703_3960_fu_97915_p2        |     +    |      0|  0|  21|          14|          14|
    |add_ln703_3961_fu_98520_p2        |     +    |      0|  0|  16|          16|          16|
    |add_ln703_3963_fu_97921_p2        |     +    |      0|  0|  19|          12|          12|
    |add_ln703_3964_fu_97931_p2        |     +    |      0|  0|  19|          12|          12|
    |add_ln703_3965_fu_97941_p2        |     +    |      0|  0|  16|          13|          13|
    |add_ln703_3966_fu_97947_p2        |     +    |      0|  0|  18|          11|          11|
    |add_ln703_3967_fu_97957_p2        |     +    |      0|  0|  18|          11|          11|
    |add_ln703_3968_fu_97967_p2        |     +    |      0|  0|  19|          12|          12|
    |add_ln703_3969_fu_97977_p2        |     +    |      0|  0|  16|          13|          13|
    |add_ln703_3970_fu_97983_p2        |     +    |      0|  0|  16|          12|          12|
    |add_ln703_3971_fu_97989_p2        |     +    |      0|  0|  15|           8|           8|
    |add_ln703_3972_fu_97999_p2        |     +    |      0|  0|  16|          12|          12|
    |add_ln703_3973_fu_98009_p2        |     +    |      0|  0|  16|          15|          15|
    |add_ln703_3974_fu_98015_p2        |     +    |      0|  0|  21|          14|          14|
    |add_ln703_3975_fu_98025_p2        |     +    |      0|  0|  16|          15|          15|
    |add_ln703_3976_fu_98035_p2        |     +    |      0|  0|  23|          16|          16|
    |add_ln703_3977_fu_98534_p2        |     +    |      0|  0|  16|          16|          16|
    |add_ln703_3978_fu_98041_p2        |     +    |      0|  0|  20|          13|          13|
    |add_ln703_3979_fu_98051_p2        |     +    |      0|  0|  19|          12|          12|
    |add_ln703_3980_fu_98061_p2        |     +    |      0|  0|  21|          14|          14|
    |add_ln703_3981_fu_98067_p2        |     +    |      0|  0|  19|          12|          12|
    |add_ln703_3982_fu_98077_p2        |     +    |      0|  0|  19|          12|          12|
    |add_ln703_3983_fu_98087_p2        |     +    |      0|  0|  20|          13|          13|
    |add_ln703_3984_fu_98545_p2        |     +    |      0|  0|  16|          15|          15|
    |add_ln703_3985_fu_98093_p2        |     +    |      0|  0|  18|          11|          11|
    |add_ln703_3986_fu_98103_p2        |     +    |      0|  0|  18|          11|          11|
    |add_ln703_3987_fu_98113_p2        |     +    |      0|  0|  16|          13|          13|
    |add_ln703_3988_fu_98119_p2        |     +    |      0|  0|  17|          10|          10|
    |add_ln703_3989_fu_98129_p2        |     +    |      0|  0|  16|           9|           9|
    |add_ln703_3990_fu_98139_p2        |     +    |      0|  0|  18|          11|          11|
    |add_ln703_3991_fu_98149_p2        |     +    |      0|  0|  16|          13|          13|
    |add_ln703_3992_fu_98554_p2        |     +    |      0|  0|  16|          15|          15|
    |add_ln703_3994_fu_98155_p2        |     +    |      0|  0|  16|          16|          16|
    |add_ln703_3995_fu_98161_p2        |     +    |      0|  0|  18|          11|          11|
    |add_ln703_3996_fu_98171_p2        |     +    |      0|  0|  16|          16|          16|
    |add_ln703_3997_fu_98177_p2        |     +    |      0|  0|  18|          11|          11|
    |add_ln703_3998_fu_98187_p2        |     +    |      0|  0|  18|          11|          11|
    |add_ln703_3999_fu_98197_p2        |     +    |      0|  0|  19|          12|          12|
    |add_ln703_4000_fu_98573_p2        |     +    |      0|  0|  16|          16|          16|
    |add_ln703_4001_fu_98203_p2        |     +    |      0|  0|  17|          10|          10|
    |add_ln703_4002_fu_98213_p2        |     +    |      0|  0|  17|          10|          10|
    |add_ln703_4003_fu_98223_p2        |     +    |      0|  0|  18|          11|          11|
    |add_ln703_4004_fu_98233_p2        |     +    |      0|  0|  17|          10|          10|
    |add_ln703_4005_fu_98243_p2        |     +    |      0|  0|  21|          14|          14|
    |add_ln703_4006_fu_98249_p2        |     +    |      0|  0|  16|          14|          14|
    |add_ln703_4007_fu_98255_p2        |     +    |      0|  0|  16|          14|          14|
    |add_ln703_4008_fu_98581_p2        |     +    |      0|  0|  16|          16|          16|
    |add_ln703_4009_fu_98261_p2        |     +    |      0|  0|  20|          13|          13|
    |add_ln703_4010_fu_98271_p2        |     +    |      0|  0|  20|          13|          13|
    |add_ln703_4011_fu_98281_p2        |     +    |      0|  0|  21|          14|          14|
    |add_ln703_4012_fu_98291_p2        |     +    |      0|  0|  20|          13|          13|
    |add_ln703_4013_fu_98301_p2        |     +    |      0|  0|  20|          13|          13|
    |add_ln703_4014_fu_98311_p2        |     +    |      0|  0|  21|          14|          14|
    |add_ln703_4015_fu_98321_p2        |     +    |      0|  0|  22|          15|          15|
    |add_ln703_4016_fu_98327_p2        |     +    |      0|  0|  19|          12|          12|
    |add_ln703_4017_fu_98337_p2        |     +    |      0|  0|  19|          12|          12|
    |add_ln703_4018_fu_98347_p2        |     +    |      0|  0|  20|          13|          13|
    |add_ln703_4019_fu_98357_p2        |     +    |      0|  0|  17|          10|          10|
    |add_ln703_4020_fu_98367_p2        |     +    |      0|  0|  16|           9|           9|
    |add_ln703_4021_fu_98377_p2        |     +    |      0|  0|  18|          11|          11|
    |add_ln703_4022_fu_98387_p2        |     +    |      0|  0|  21|          14|          14|
    |add_ln703_4023_fu_98593_p2        |     +    |      0|  0|  16|          16|          16|
    |add_ln703_fu_97157_p2             |     +    |      0|  0|  16|           9|           9|
    |add_ln708_101_fu_94274_p2         |     +    |      0|  0|  20|          13|          13|
    |add_ln708_fu_94079_p2             |     +    |      0|  0|  21|          14|          14|
    |sub_ln1118_1091_fu_95596_p2       |     -    |      0|  0|  24|          17|          17|
    |sub_ln1118_1092_fu_95686_p2       |     -    |      0|  0|  23|           1|          16|
    |sub_ln1118_1093_fu_95708_p2       |     -    |      0|  0|  24|          17|          17|
    |sub_ln1118_1094_fu_95839_p2       |     -    |      0|  0|  19|           1|          12|
    |sub_ln1118_1095_fu_95849_p2       |     -    |      0|  0|  20|          13|          13|
    |sub_ln1118_1096_fu_95951_p2       |     -    |      0|  0|  23|          16|          16|
    |sub_ln1118_1097_fu_96207_p2       |     -    |      0|  0|  16|           1|          19|
    |sub_ln1118_1098_fu_96225_p2       |     -    |      0|  0|  16|          19|          19|
    |sub_ln1118_1099_fu_97036_p2       |     -    |      0|  0|  25|          18|          18|
    |sub_ln1118_fu_94884_p2            |     -    |      0|  0|  22|           1|          15|
    |sub_ln708_326_fu_95460_p2         |     -    |      0|  0|  19|          12|          12|
    |sub_ln708_327_fu_95805_p2         |     -    |      0|  0|  21|          14|          14|
    |sub_ln708_328_fu_96175_p2         |     -    |      0|  0|  23|          16|          16|
    |sub_ln708_329_fu_96665_p2         |     -    |      0|  0|  21|          14|          14|
    |sub_ln708_fu_95362_p2             |     -    |      0|  0|  22|          15|          15|
    |ap_block_pp0_stage0_11001         |    or    |      0|  0|   2|           1|           1|
    |ap_block_state1_pp0_stage0_iter0  |    or    |      0|  0|   2|           1|           1|
    |ap_enable_pp0                     |    xor   |      0|  0|   2|           1|           2|
    +----------------------------------+----------+-------+---+----+------------+------------+
    |Total                             |          |     66|  0|7978|        3385|        3766|
    +----------------------------------+----------+-------+---+----+------------+------------+

    * Multiplexer: 
    +-------------+----+-----------+-----+-----------+
    |     Name    | LUT| Input Size| Bits| Total Bits|
    +-------------+----+-----------+-----+-----------+
    |ap_done      |   9|          2|    1|          2|
    |ap_return_0  |   9|          2|   16|         32|
    |ap_return_1  |   9|          2|   16|         32|
    |ap_return_2  |   9|          2|   16|         32|
    |ap_return_3  |   9|          2|   16|         32|
    |ap_return_4  |   9|          2|   16|         32|
    +-------------+----+-----------+-----+-----------+
    |Total        |  54|         12|   81|        162|
    +-------------+----+-----------+-----+-----------+

    * Register: 
    +--------------------------+----+----+-----+-----------+
    |           Name           | FF | LUT| Bits| Const Bits|
    +--------------------------+----+----+-----+-----------+
    |add_ln703_3876_reg_98635  |  13|   0|   13|          0|
    |add_ln703_3883_reg_98640  |  13|   0|   13|          0|
    |add_ln703_3887_reg_98645  |  14|   0|   14|          0|
    |add_ln703_3890_reg_98650  |  13|   0|   13|          0|
    |add_ln703_3894_reg_98655  |  12|   0|   12|          0|
    |add_ln703_3898_reg_98660  |  12|   0|   12|          0|
    |add_ln703_3907_reg_98665  |  13|   0|   13|          0|
    |add_ln703_3914_reg_98670  |  13|   0|   13|          0|
    |add_ln703_3917_reg_98675  |  13|   0|   13|          0|
    |add_ln703_3920_reg_98680  |  14|   0|   14|          0|
    |add_ln703_3928_reg_98685  |  14|   0|   14|          0|
    |add_ln703_3937_reg_98690  |  13|   0|   13|          0|
    |add_ln703_3940_reg_98695  |  13|   0|   13|          0|
    |add_ln703_3943_reg_98700  |  16|   0|   16|          0|
    |add_ln703_3952_reg_98705  |  16|   0|   16|          0|
    |add_ln703_3960_reg_98710  |  14|   0|   14|          0|
    |add_ln703_3969_reg_98715  |  13|   0|   13|          0|
    |add_ln703_3976_reg_98720  |  16|   0|   16|          0|
    |add_ln703_3980_reg_98725  |  14|   0|   14|          0|
    |add_ln703_3983_reg_98730  |  13|   0|   13|          0|
    |add_ln703_3991_reg_98735  |  13|   0|   13|          0|
    |add_ln703_3996_reg_98740  |  16|   0|   16|          0|
    |add_ln703_3999_reg_98745  |  12|   0|   12|          0|
    |add_ln703_4007_reg_98750  |  14|   0|   14|          0|
    |add_ln703_4015_reg_98755  |  15|   0|   15|          0|
    |add_ln703_4022_reg_98760  |  14|   0|   14|          0|
    |ap_CS_fsm                 |   1|   0|    1|          0|
    |ap_done_reg               |   1|   0|    1|          0|
    |ap_enable_reg_pp0_iter1   |   1|   0|    1|          0|
    |ap_return_0_preg          |  16|   0|   16|          0|
    |ap_return_1_preg          |  16|   0|   16|          0|
    |ap_return_2_preg          |  16|   0|   16|          0|
    |ap_return_3_preg          |  16|   0|   16|          0|
    |ap_return_4_preg          |  16|   0|   16|          0|
    +--------------------------+----+----+-----+-----------+
    |Total                     | 439|   0|  439|          0|
    +--------------------------+----+----+-----+-----------+



================================================================
== Interface
================================================================
* Summary: 
+-------------+-----+-----+------------+--------------------------------------------------------------------+--------------+
|  RTL Ports  | Dir | Bits|  Protocol  |                            Source Object                           |    C Type    |
+-------------+-----+-----+------------+--------------------------------------------------------------------+--------------+
|ap_clk       |  in |    1| ap_ctrl_hs | dense_latency<ap_ufixed,ap_fixed<16,6,5,3,0>,config16>.0.0.0.0.0.0 | return value |
|ap_rst       |  in |    1| ap_ctrl_hs | dense_latency<ap_ufixed,ap_fixed<16,6,5,3,0>,config16>.0.0.0.0.0.0 | return value |
|ap_start     |  in |    1| ap_ctrl_hs | dense_latency<ap_ufixed,ap_fixed<16,6,5,3,0>,config16>.0.0.0.0.0.0 | return value |
|ap_done      | out |    1| ap_ctrl_hs | dense_latency<ap_ufixed,ap_fixed<16,6,5,3,0>,config16>.0.0.0.0.0.0 | return value |
|ap_continue  |  in |    1| ap_ctrl_hs | dense_latency<ap_ufixed,ap_fixed<16,6,5,3,0>,config16>.0.0.0.0.0.0 | return value |
|ap_idle      | out |    1| ap_ctrl_hs | dense_latency<ap_ufixed,ap_fixed<16,6,5,3,0>,config16>.0.0.0.0.0.0 | return value |
|ap_ready     | out |    1| ap_ctrl_hs | dense_latency<ap_ufixed,ap_fixed<16,6,5,3,0>,config16>.0.0.0.0.0.0 | return value |
|ap_return_0  | out |   16| ap_ctrl_hs | dense_latency<ap_ufixed,ap_fixed<16,6,5,3,0>,config16>.0.0.0.0.0.0 | return value |
|ap_return_1  | out |   16| ap_ctrl_hs | dense_latency<ap_ufixed,ap_fixed<16,6,5,3,0>,config16>.0.0.0.0.0.0 | return value |
|ap_return_2  | out |   16| ap_ctrl_hs | dense_latency<ap_ufixed,ap_fixed<16,6,5,3,0>,config16>.0.0.0.0.0.0 | return value |
|ap_return_3  | out |   16| ap_ctrl_hs | dense_latency<ap_ufixed,ap_fixed<16,6,5,3,0>,config16>.0.0.0.0.0.0 | return value |
|ap_return_4  | out |   16| ap_ctrl_hs | dense_latency<ap_ufixed,ap_fixed<16,6,5,3,0>,config16>.0.0.0.0.0.0 | return value |
|p_read       |  in |    8|   ap_none  |                               p_read                               |    scalar    |
|p_read1      |  in |    8|   ap_none  |                               p_read1                              |    scalar    |
|p_read2      |  in |    8|   ap_none  |                               p_read2                              |    scalar    |
|p_read3      |  in |    8|   ap_none  |                               p_read3                              |    scalar    |
|p_read4      |  in |    8|   ap_none  |                               p_read4                              |    scalar    |
|p_read5      |  in |    8|   ap_none  |                               p_read5                              |    scalar    |
|p_read6      |  in |    8|   ap_none  |                               p_read6                              |    scalar    |
|p_read7      |  in |    8|   ap_none  |                               p_read7                              |    scalar    |
|p_read8      |  in |    8|   ap_none  |                               p_read8                              |    scalar    |
|p_read9      |  in |    8|   ap_none  |                               p_read9                              |    scalar    |
|p_read10     |  in |    8|   ap_none  |                              p_read10                              |    scalar    |
|p_read11     |  in |    8|   ap_none  |                              p_read11                              |    scalar    |
|p_read12     |  in |    8|   ap_none  |                              p_read12                              |    scalar    |
|p_read13     |  in |    8|   ap_none  |                              p_read13                              |    scalar    |
|p_read14     |  in |    8|   ap_none  |                              p_read14                              |    scalar    |
|p_read15     |  in |    8|   ap_none  |                              p_read15                              |    scalar    |
|p_read16     |  in |    8|   ap_none  |                              p_read16                              |    scalar    |
|p_read17     |  in |    8|   ap_none  |                              p_read17                              |    scalar    |
|p_read18     |  in |    8|   ap_none  |                              p_read18                              |    scalar    |
|p_read19     |  in |    8|   ap_none  |                              p_read19                              |    scalar    |
|p_read20     |  in |    8|   ap_none  |                              p_read20                              |    scalar    |
|p_read21     |  in |    8|   ap_none  |                              p_read21                              |    scalar    |
|p_read22     |  in |    8|   ap_none  |                              p_read22                              |    scalar    |
|p_read23     |  in |    8|   ap_none  |                              p_read23                              |    scalar    |
|p_read24     |  in |    8|   ap_none  |                              p_read24                              |    scalar    |
|p_read25     |  in |    8|   ap_none  |                              p_read25                              |    scalar    |
|p_read26     |  in |    8|   ap_none  |                              p_read26                              |    scalar    |
|p_read27     |  in |    8|   ap_none  |                              p_read27                              |    scalar    |
|p_read28     |  in |    8|   ap_none  |                              p_read28                              |    scalar    |
|p_read29     |  in |    8|   ap_none  |                              p_read29                              |    scalar    |
|p_read30     |  in |    8|   ap_none  |                              p_read30                              |    scalar    |
|p_read31     |  in |    8|   ap_none  |                              p_read31                              |    scalar    |
+-------------+-----+-----+------------+--------------------------------------------------------------------+--------------+

