

================================================================
== Vivado HLS Report for 'global_pooling1d_cl_ap_fixed_ap_fixed_16_6_5_3_0_config12_s'
================================================================
* Date:           Thu Nov  2 21:27:12 2023

* Version:        2020.1 (Build 2897737 on Wed May 27 20:21:37 MDT 2020)
* Project:        myproject_prj
* Solution:       solution1
* Product family: virtexuplus
* Target device:  xcvu13p-flga2577-2-e


================================================================
== Performance Estimates
================================================================
+ Timing: 
    * Summary: 
    +--------+---------+----------+------------+
    |  Clock |  Target | Estimated| Uncertainty|
    +--------+---------+----------+------------+
    |ap_clk  | 5.00 ns | 3.056 ns |   0.62 ns  |
    +--------+---------+----------+------------+

+ Latency: 
    * Summary: 
    +---------+---------+----------+----------+-----+-----+----------+
    |  Latency (cycles) |  Latency (absolute) |  Interval | Pipeline |
    |   min   |   max   |    min   |    max   | min | max |   Type   |
    +---------+---------+----------+----------+-----+-----+----------+
    |        0|        0|   0 ns   |   0 ns   |    1|    1| function |
    +---------+---------+----------+----------+-----+-----+----------+

    + Detail: 
        * Instance: 
        +------------------------------------------------------+-----------------------------+---------+---------+----------+----------+-----+-----+----------+
        |                                                      |                             |  Latency (cycles) |  Latency (absolute) |  Interval | Pipeline |
        |                       Instance                       |            Module           |   min   |   max   |    min   |    max   | min | max |   Type   |
        +------------------------------------------------------+-----------------------------+---------+---------+----------+----------+-----+-----+----------+
        |agg_result_V_i_avg_ap_fixed_12_4_0_0_0_8_s_fu_2066    |avg_ap_fixed_12_4_0_0_0_8_s  |        0|        0|   0 ns   |   0 ns   |    1|    1| function |
        |agg_result_V_i1_avg_ap_fixed_12_4_0_0_0_8_s_fu_2086   |avg_ap_fixed_12_4_0_0_0_8_s  |        0|        0|   0 ns   |   0 ns   |    1|    1| function |
        |agg_result_V_i2_avg_ap_fixed_12_4_0_0_0_8_s_fu_2106   |avg_ap_fixed_12_4_0_0_0_8_s  |        0|        0|   0 ns   |   0 ns   |    1|    1| function |
        |agg_result_V_i3_avg_ap_fixed_12_4_0_0_0_8_s_fu_2126   |avg_ap_fixed_12_4_0_0_0_8_s  |        0|        0|   0 ns   |   0 ns   |    1|    1| function |
        |agg_result_V_i4_avg_ap_fixed_12_4_0_0_0_8_s_fu_2146   |avg_ap_fixed_12_4_0_0_0_8_s  |        0|        0|   0 ns   |   0 ns   |    1|    1| function |
        |agg_result_V_i5_avg_ap_fixed_12_4_0_0_0_8_s_fu_2166   |avg_ap_fixed_12_4_0_0_0_8_s  |        0|        0|   0 ns   |   0 ns   |    1|    1| function |
        |agg_result_V_i6_avg_ap_fixed_12_4_0_0_0_8_s_fu_2186   |avg_ap_fixed_12_4_0_0_0_8_s  |        0|        0|   0 ns   |   0 ns   |    1|    1| function |
        |agg_result_V_i7_avg_ap_fixed_12_4_0_0_0_8_s_fu_2206   |avg_ap_fixed_12_4_0_0_0_8_s  |        0|        0|   0 ns   |   0 ns   |    1|    1| function |
        |agg_result_V_i8_avg_ap_fixed_12_4_0_0_0_8_s_fu_2226   |avg_ap_fixed_12_4_0_0_0_8_s  |        0|        0|   0 ns   |   0 ns   |    1|    1| function |
        |agg_result_V_i9_avg_ap_fixed_12_4_0_0_0_8_s_fu_2246   |avg_ap_fixed_12_4_0_0_0_8_s  |        0|        0|   0 ns   |   0 ns   |    1|    1| function |
        |agg_result_V_i10_avg_ap_fixed_12_4_0_0_0_8_s_fu_2266  |avg_ap_fixed_12_4_0_0_0_8_s  |        0|        0|   0 ns   |   0 ns   |    1|    1| function |
        |agg_result_V_i11_avg_ap_fixed_12_4_0_0_0_8_s_fu_2286  |avg_ap_fixed_12_4_0_0_0_8_s  |        0|        0|   0 ns   |   0 ns   |    1|    1| function |
        |agg_result_V_i12_avg_ap_fixed_12_4_0_0_0_8_s_fu_2306  |avg_ap_fixed_12_4_0_0_0_8_s  |        0|        0|   0 ns   |   0 ns   |    1|    1| function |
        |agg_result_V_i13_avg_ap_fixed_12_4_0_0_0_8_s_fu_2326  |avg_ap_fixed_12_4_0_0_0_8_s  |        0|        0|   0 ns   |   0 ns   |    1|    1| function |
        |agg_result_V_i14_avg_ap_fixed_12_4_0_0_0_8_s_fu_2346  |avg_ap_fixed_12_4_0_0_0_8_s  |        0|        0|   0 ns   |   0 ns   |    1|    1| function |
        |agg_result_V_i15_avg_ap_fixed_12_4_0_0_0_8_s_fu_2366  |avg_ap_fixed_12_4_0_0_0_8_s  |        0|        0|   0 ns   |   0 ns   |    1|    1| function |
        |agg_result_V_i16_avg_ap_fixed_12_4_0_0_0_8_s_fu_2386  |avg_ap_fixed_12_4_0_0_0_8_s  |        0|        0|   0 ns   |   0 ns   |    1|    1| function |
        |agg_result_V_i17_avg_ap_fixed_12_4_0_0_0_8_s_fu_2406  |avg_ap_fixed_12_4_0_0_0_8_s  |        0|        0|   0 ns   |   0 ns   |    1|    1| function |
        |agg_result_V_i18_avg_ap_fixed_12_4_0_0_0_8_s_fu_2426  |avg_ap_fixed_12_4_0_0_0_8_s  |        0|        0|   0 ns   |   0 ns   |    1|    1| function |
        |agg_result_V_i19_avg_ap_fixed_12_4_0_0_0_8_s_fu_2446  |avg_ap_fixed_12_4_0_0_0_8_s  |        0|        0|   0 ns   |   0 ns   |    1|    1| function |
        |agg_result_V_i20_avg_ap_fixed_12_4_0_0_0_8_s_fu_2466  |avg_ap_fixed_12_4_0_0_0_8_s  |        0|        0|   0 ns   |   0 ns   |    1|    1| function |
        |agg_result_V_i21_avg_ap_fixed_12_4_0_0_0_8_s_fu_2486  |avg_ap_fixed_12_4_0_0_0_8_s  |        0|        0|   0 ns   |   0 ns   |    1|    1| function |
        |agg_result_V_i22_avg_ap_fixed_12_4_0_0_0_8_s_fu_2506  |avg_ap_fixed_12_4_0_0_0_8_s  |        0|        0|   0 ns   |   0 ns   |    1|    1| function |
        |agg_result_V_i23_avg_ap_fixed_12_4_0_0_0_8_s_fu_2526  |avg_ap_fixed_12_4_0_0_0_8_s  |        0|        0|   0 ns   |   0 ns   |    1|    1| function |
        |agg_result_V_i24_avg_ap_fixed_12_4_0_0_0_8_s_fu_2546  |avg_ap_fixed_12_4_0_0_0_8_s  |        0|        0|   0 ns   |   0 ns   |    1|    1| function |
        |agg_result_V_i25_avg_ap_fixed_12_4_0_0_0_8_s_fu_2566  |avg_ap_fixed_12_4_0_0_0_8_s  |        0|        0|   0 ns   |   0 ns   |    1|    1| function |
        |agg_result_V_i26_avg_ap_fixed_12_4_0_0_0_8_s_fu_2586  |avg_ap_fixed_12_4_0_0_0_8_s  |        0|        0|   0 ns   |   0 ns   |    1|    1| function |
        |agg_result_V_i27_avg_ap_fixed_12_4_0_0_0_8_s_fu_2606  |avg_ap_fixed_12_4_0_0_0_8_s  |        0|        0|   0 ns   |   0 ns   |    1|    1| function |
        |agg_result_V_i28_avg_ap_fixed_12_4_0_0_0_8_s_fu_2626  |avg_ap_fixed_12_4_0_0_0_8_s  |        0|        0|   0 ns   |   0 ns   |    1|    1| function |
        |agg_result_V_i29_avg_ap_fixed_12_4_0_0_0_8_s_fu_2646  |avg_ap_fixed_12_4_0_0_0_8_s  |        0|        0|   0 ns   |   0 ns   |    1|    1| function |
        |agg_result_V_i30_avg_ap_fixed_12_4_0_0_0_8_s_fu_2666  |avg_ap_fixed_12_4_0_0_0_8_s  |        0|        0|   0 ns   |   0 ns   |    1|    1| function |
        |agg_result_V_i31_avg_ap_fixed_12_4_0_0_0_8_s_fu_2686  |avg_ap_fixed_12_4_0_0_0_8_s  |        0|        0|   0 ns   |   0 ns   |    1|    1| function |
        +------------------------------------------------------+-----------------------------+---------+---------+----------+----------+-----+-----+----------+

        * Loop: 
        N/A



================================================================
== Utilization Estimates
================================================================
* Summary: 
+---------------------+---------+-------+---------+---------+------+
|         Name        | BRAM_18K| DSP48E|    FF   |   LUT   | URAM |
+---------------------+---------+-------+---------+---------+------+
|DSP                  |        -|      -|        -|        -|     -|
|Expression           |        -|      -|        0|        2|     -|
|FIFO                 |        -|      -|        -|        -|     -|
|Instance             |        -|      -|        0|     3584|     -|
|Memory               |        -|      -|        -|        -|     -|
|Multiplexer          |        -|      -|        -|      297|     -|
|Register             |        -|      -|      290|        -|     -|
+---------------------+---------+-------+---------+---------+------+
|Total                |        0|      0|      290|     3883|     0|
+---------------------+---------+-------+---------+---------+------+
|Available SLR        |     1344|   3072|   864000|   432000|   320|
+---------------------+---------+-------+---------+---------+------+
|Utilization SLR (%)  |        0|      0|    ~0   |    ~0   |     0|
+---------------------+---------+-------+---------+---------+------+
|Available            |     5376|  12288|  3456000|  1728000|  1280|
+---------------------+---------+-------+---------+---------+------+
|Utilization (%)      |        0|      0|    ~0   |    ~0   |     0|
+---------------------+---------+-------+---------+---------+------+

+ Detail: 
    * Instance: 
    +------------------------------------------------------+-----------------------------+---------+-------+---+-----+-----+
    |                       Instance                       |            Module           | BRAM_18K| DSP48E| FF| LUT | URAM|
    +------------------------------------------------------+-----------------------------+---------+-------+---+-----+-----+
    |agg_result_V_i_avg_ap_fixed_12_4_0_0_0_8_s_fu_2066    |avg_ap_fixed_12_4_0_0_0_8_s  |        0|      0|  0|  112|    0|
    |agg_result_V_i1_avg_ap_fixed_12_4_0_0_0_8_s_fu_2086   |avg_ap_fixed_12_4_0_0_0_8_s  |        0|      0|  0|  112|    0|
    |agg_result_V_i2_avg_ap_fixed_12_4_0_0_0_8_s_fu_2106   |avg_ap_fixed_12_4_0_0_0_8_s  |        0|      0|  0|  112|    0|
    |agg_result_V_i3_avg_ap_fixed_12_4_0_0_0_8_s_fu_2126   |avg_ap_fixed_12_4_0_0_0_8_s  |        0|      0|  0|  112|    0|
    |agg_result_V_i4_avg_ap_fixed_12_4_0_0_0_8_s_fu_2146   |avg_ap_fixed_12_4_0_0_0_8_s  |        0|      0|  0|  112|    0|
    |agg_result_V_i5_avg_ap_fixed_12_4_0_0_0_8_s_fu_2166   |avg_ap_fixed_12_4_0_0_0_8_s  |        0|      0|  0|  112|    0|
    |agg_result_V_i6_avg_ap_fixed_12_4_0_0_0_8_s_fu_2186   |avg_ap_fixed_12_4_0_0_0_8_s  |        0|      0|  0|  112|    0|
    |agg_result_V_i7_avg_ap_fixed_12_4_0_0_0_8_s_fu_2206   |avg_ap_fixed_12_4_0_0_0_8_s  |        0|      0|  0|  112|    0|
    |agg_result_V_i8_avg_ap_fixed_12_4_0_0_0_8_s_fu_2226   |avg_ap_fixed_12_4_0_0_0_8_s  |        0|      0|  0|  112|    0|
    |agg_result_V_i9_avg_ap_fixed_12_4_0_0_0_8_s_fu_2246   |avg_ap_fixed_12_4_0_0_0_8_s  |        0|      0|  0|  112|    0|
    |agg_result_V_i10_avg_ap_fixed_12_4_0_0_0_8_s_fu_2266  |avg_ap_fixed_12_4_0_0_0_8_s  |        0|      0|  0|  112|    0|
    |agg_result_V_i11_avg_ap_fixed_12_4_0_0_0_8_s_fu_2286  |avg_ap_fixed_12_4_0_0_0_8_s  |        0|      0|  0|  112|    0|
    |agg_result_V_i12_avg_ap_fixed_12_4_0_0_0_8_s_fu_2306  |avg_ap_fixed_12_4_0_0_0_8_s  |        0|      0|  0|  112|    0|
    |agg_result_V_i13_avg_ap_fixed_12_4_0_0_0_8_s_fu_2326  |avg_ap_fixed_12_4_0_0_0_8_s  |        0|      0|  0|  112|    0|
    |agg_result_V_i14_avg_ap_fixed_12_4_0_0_0_8_s_fu_2346  |avg_ap_fixed_12_4_0_0_0_8_s  |        0|      0|  0|  112|    0|
    |agg_result_V_i15_avg_ap_fixed_12_4_0_0_0_8_s_fu_2366  |avg_ap_fixed_12_4_0_0_0_8_s  |        0|      0|  0|  112|    0|
    |agg_result_V_i16_avg_ap_fixed_12_4_0_0_0_8_s_fu_2386  |avg_ap_fixed_12_4_0_0_0_8_s  |        0|      0|  0|  112|    0|
    |agg_result_V_i17_avg_ap_fixed_12_4_0_0_0_8_s_fu_2406  |avg_ap_fixed_12_4_0_0_0_8_s  |        0|      0|  0|  112|    0|
    |agg_result_V_i18_avg_ap_fixed_12_4_0_0_0_8_s_fu_2426  |avg_ap_fixed_12_4_0_0_0_8_s  |        0|      0|  0|  112|    0|
    |agg_result_V_i19_avg_ap_fixed_12_4_0_0_0_8_s_fu_2446  |avg_ap_fixed_12_4_0_0_0_8_s  |        0|      0|  0|  112|    0|
    |agg_result_V_i20_avg_ap_fixed_12_4_0_0_0_8_s_fu_2466  |avg_ap_fixed_12_4_0_0_0_8_s  |        0|      0|  0|  112|    0|
    |agg_result_V_i21_avg_ap_fixed_12_4_0_0_0_8_s_fu_2486  |avg_ap_fixed_12_4_0_0_0_8_s  |        0|      0|  0|  112|    0|
    |agg_result_V_i22_avg_ap_fixed_12_4_0_0_0_8_s_fu_2506  |avg_ap_fixed_12_4_0_0_0_8_s  |        0|      0|  0|  112|    0|
    |agg_result_V_i23_avg_ap_fixed_12_4_0_0_0_8_s_fu_2526  |avg_ap_fixed_12_4_0_0_0_8_s  |        0|      0|  0|  112|    0|
    |agg_result_V_i24_avg_ap_fixed_12_4_0_0_0_8_s_fu_2546  |avg_ap_fixed_12_4_0_0_0_8_s  |        0|      0|  0|  112|    0|
    |agg_result_V_i25_avg_ap_fixed_12_4_0_0_0_8_s_fu_2566  |avg_ap_fixed_12_4_0_0_0_8_s  |        0|      0|  0|  112|    0|
    |agg_result_V_i26_avg_ap_fixed_12_4_0_0_0_8_s_fu_2586  |avg_ap_fixed_12_4_0_0_0_8_s  |        0|      0|  0|  112|    0|
    |agg_result_V_i27_avg_ap_fixed_12_4_0_0_0_8_s_fu_2606  |avg_ap_fixed_12_4_0_0_0_8_s  |        0|      0|  0|  112|    0|
    |agg_result_V_i28_avg_ap_fixed_12_4_0_0_0_8_s_fu_2626  |avg_ap_fixed_12_4_0_0_0_8_s  |        0|      0|  0|  112|    0|
    |agg_result_V_i29_avg_ap_fixed_12_4_0_0_0_8_s_fu_2646  |avg_ap_fixed_12_4_0_0_0_8_s  |        0|      0|  0|  112|    0|
    |agg_result_V_i30_avg_ap_fixed_12_4_0_0_0_8_s_fu_2666  |avg_ap_fixed_12_4_0_0_0_8_s  |        0|      0|  0|  112|    0|
    |agg_result_V_i31_avg_ap_fixed_12_4_0_0_0_8_s_fu_2686  |avg_ap_fixed_12_4_0_0_0_8_s  |        0|      0|  0|  112|    0|
    +------------------------------------------------------+-----------------------------+---------+-------+---+-----+-----+
    |Total                                                 |                             |        0|      0|  0| 3584|    0|
    +------------------------------------------------------+-----------------------------+---------+-------+---+-----+-----+

    * DSP48E: 
    N/A

    * Memory: 
    N/A

    * FIFO: 
    N/A

    * Expression: 
    +-----------------+----------+-------+---+----+------------+------------+
    |  Variable Name  | Operation| DSP48E| FF| LUT| Bitwidth P0| Bitwidth P1|
    +-----------------+----------+-------+---+----+------------+------------+
    |ap_block_state1  |    or    |      0|  0|   2|           1|           1|
    +-----------------+----------+-------+---+----+------------+------------+
    |Total            |          |      0|  0|   2|           1|           1|
    +-----------------+----------+-------+---+----+------------+------------+

    * Multiplexer: 
    +--------------+----+-----------+-----+-----------+
    |     Name     | LUT| Input Size| Bits| Total Bits|
    +--------------+----+-----------+-----+-----------+
    |ap_done       |   9|          2|    1|          2|
    |ap_return_0   |   9|          2|    9|         18|
    |ap_return_1   |   9|          2|    9|         18|
    |ap_return_10  |   9|          2|    9|         18|
    |ap_return_11  |   9|          2|    9|         18|
    |ap_return_12  |   9|          2|    9|         18|
    |ap_return_13  |   9|          2|    9|         18|
    |ap_return_14  |   9|          2|    9|         18|
    |ap_return_15  |   9|          2|    9|         18|
    |ap_return_16  |   9|          2|    9|         18|
    |ap_return_17  |   9|          2|    9|         18|
    |ap_return_18  |   9|          2|    9|         18|
    |ap_return_19  |   9|          2|    9|         18|
    |ap_return_2   |   9|          2|    9|         18|
    |ap_return_20  |   9|          2|    9|         18|
    |ap_return_21  |   9|          2|    9|         18|
    |ap_return_22  |   9|          2|    9|         18|
    |ap_return_23  |   9|          2|    9|         18|
    |ap_return_24  |   9|          2|    9|         18|
    |ap_return_25  |   9|          2|    9|         18|
    |ap_return_26  |   9|          2|    9|         18|
    |ap_return_27  |   9|          2|    9|         18|
    |ap_return_28  |   9|          2|    9|         18|
    |ap_return_29  |   9|          2|    9|         18|
    |ap_return_3   |   9|          2|    9|         18|
    |ap_return_30  |   9|          2|    9|         18|
    |ap_return_31  |   9|          2|    9|         18|
    |ap_return_4   |   9|          2|    9|         18|
    |ap_return_5   |   9|          2|    9|         18|
    |ap_return_6   |   9|          2|    9|         18|
    |ap_return_7   |   9|          2|    9|         18|
    |ap_return_8   |   9|          2|    9|         18|
    |ap_return_9   |   9|          2|    9|         18|
    +--------------+----+-----------+-----+-----------+
    |Total         | 297|         66|  289|        578|
    +--------------+----+-----------+-----+-----------+

    * Register: 
    +-------------------+---+----+-----+-----------+
    |        Name       | FF| LUT| Bits| Const Bits|
    +-------------------+---+----+-----+-----------+
    |ap_CS_fsm          |  1|   0|    1|          0|
    |ap_done_reg        |  1|   0|    1|          0|
    |ap_return_0_preg   |  9|   0|   14|          5|
    |ap_return_10_preg  |  9|   0|   14|          5|
    |ap_return_11_preg  |  9|   0|   14|          5|
    |ap_return_12_preg  |  9|   0|   14|          5|
    |ap_return_13_preg  |  9|   0|   14|          5|
    |ap_return_14_preg  |  9|   0|   14|          5|
    |ap_return_15_preg  |  9|   0|   14|          5|
    |ap_return_16_preg  |  9|   0|   14|          5|
    |ap_return_17_preg  |  9|   0|   14|          5|
    |ap_return_18_preg  |  9|   0|   14|          5|
    |ap_return_19_preg  |  9|   0|   14|          5|
    |ap_return_1_preg   |  9|   0|   14|          5|
    |ap_return_20_preg  |  9|   0|   14|          5|
    |ap_return_21_preg  |  9|   0|   14|          5|
    |ap_return_22_preg  |  9|   0|   14|          5|
    |ap_return_23_preg  |  9|   0|   14|          5|
    |ap_return_24_preg  |  9|   0|   14|          5|
    |ap_return_25_preg  |  9|   0|   14|          5|
    |ap_return_26_preg  |  9|   0|   14|          5|
    |ap_return_27_preg  |  9|   0|   14|          5|
    |ap_return_28_preg  |  9|   0|   14|          5|
    |ap_return_29_preg  |  9|   0|   14|          5|
    |ap_return_2_preg   |  9|   0|   14|          5|
    |ap_return_30_preg  |  9|   0|   14|          5|
    |ap_return_31_preg  |  9|   0|   14|          5|
    |ap_return_3_preg   |  9|   0|   14|          5|
    |ap_return_4_preg   |  9|   0|   14|          5|
    |ap_return_5_preg   |  9|   0|   14|          5|
    |ap_return_6_preg   |  9|   0|   14|          5|
    |ap_return_7_preg   |  9|   0|   14|          5|
    |ap_return_8_preg   |  9|   0|   14|          5|
    |ap_return_9_preg   |  9|   0|   14|          5|
    +-------------------+---+----+-----+-----------+
    |Total              |290|   0|  450|        160|
    +-------------------+---+----+-----+-----------+



================================================================
== Interface
================================================================
* Summary: 
+-----------------+-----+-----+------------+-------------------------------------------------------------+--------------+
|    RTL Ports    | Dir | Bits|  Protocol  |                        Source Object                        |    C Type    |
+-----------------+-----+-----+------------+-------------------------------------------------------------+--------------+
|ap_clk           |  in |    1| ap_ctrl_hs | global_pooling1d_cl<ap_fixed,ap_fixed<16,6,5,3,0>,config12> | return value |
|ap_rst           |  in |    1| ap_ctrl_hs | global_pooling1d_cl<ap_fixed,ap_fixed<16,6,5,3,0>,config12> | return value |
|ap_start         |  in |    1| ap_ctrl_hs | global_pooling1d_cl<ap_fixed,ap_fixed<16,6,5,3,0>,config12> | return value |
|ap_done          | out |    1| ap_ctrl_hs | global_pooling1d_cl<ap_fixed,ap_fixed<16,6,5,3,0>,config12> | return value |
|ap_continue      |  in |    1| ap_ctrl_hs | global_pooling1d_cl<ap_fixed,ap_fixed<16,6,5,3,0>,config12> | return value |
|ap_idle          | out |    1| ap_ctrl_hs | global_pooling1d_cl<ap_fixed,ap_fixed<16,6,5,3,0>,config12> | return value |
|ap_ready         | out |    1| ap_ctrl_hs | global_pooling1d_cl<ap_fixed,ap_fixed<16,6,5,3,0>,config12> | return value |
|ap_return_0      | out |   14| ap_ctrl_hs | global_pooling1d_cl<ap_fixed,ap_fixed<16,6,5,3,0>,config12> | return value |
|ap_return_1      | out |   14| ap_ctrl_hs | global_pooling1d_cl<ap_fixed,ap_fixed<16,6,5,3,0>,config12> | return value |
|ap_return_2      | out |   14| ap_ctrl_hs | global_pooling1d_cl<ap_fixed,ap_fixed<16,6,5,3,0>,config12> | return value |
|ap_return_3      | out |   14| ap_ctrl_hs | global_pooling1d_cl<ap_fixed,ap_fixed<16,6,5,3,0>,config12> | return value |
|ap_return_4      | out |   14| ap_ctrl_hs | global_pooling1d_cl<ap_fixed,ap_fixed<16,6,5,3,0>,config12> | return value |
|ap_return_5      | out |   14| ap_ctrl_hs | global_pooling1d_cl<ap_fixed,ap_fixed<16,6,5,3,0>,config12> | return value |
|ap_return_6      | out |   14| ap_ctrl_hs | global_pooling1d_cl<ap_fixed,ap_fixed<16,6,5,3,0>,config12> | return value |
|ap_return_7      | out |   14| ap_ctrl_hs | global_pooling1d_cl<ap_fixed,ap_fixed<16,6,5,3,0>,config12> | return value |
|ap_return_8      | out |   14| ap_ctrl_hs | global_pooling1d_cl<ap_fixed,ap_fixed<16,6,5,3,0>,config12> | return value |
|ap_return_9      | out |   14| ap_ctrl_hs | global_pooling1d_cl<ap_fixed,ap_fixed<16,6,5,3,0>,config12> | return value |
|ap_return_10     | out |   14| ap_ctrl_hs | global_pooling1d_cl<ap_fixed,ap_fixed<16,6,5,3,0>,config12> | return value |
|ap_return_11     | out |   14| ap_ctrl_hs | global_pooling1d_cl<ap_fixed,ap_fixed<16,6,5,3,0>,config12> | return value |
|ap_return_12     | out |   14| ap_ctrl_hs | global_pooling1d_cl<ap_fixed,ap_fixed<16,6,5,3,0>,config12> | return value |
|ap_return_13     | out |   14| ap_ctrl_hs | global_pooling1d_cl<ap_fixed,ap_fixed<16,6,5,3,0>,config12> | return value |
|ap_return_14     | out |   14| ap_ctrl_hs | global_pooling1d_cl<ap_fixed,ap_fixed<16,6,5,3,0>,config12> | return value |
|ap_return_15     | out |   14| ap_ctrl_hs | global_pooling1d_cl<ap_fixed,ap_fixed<16,6,5,3,0>,config12> | return value |
|ap_return_16     | out |   14| ap_ctrl_hs | global_pooling1d_cl<ap_fixed,ap_fixed<16,6,5,3,0>,config12> | return value |
|ap_return_17     | out |   14| ap_ctrl_hs | global_pooling1d_cl<ap_fixed,ap_fixed<16,6,5,3,0>,config12> | return value |
|ap_return_18     | out |   14| ap_ctrl_hs | global_pooling1d_cl<ap_fixed,ap_fixed<16,6,5,3,0>,config12> | return value |
|ap_return_19     | out |   14| ap_ctrl_hs | global_pooling1d_cl<ap_fixed,ap_fixed<16,6,5,3,0>,config12> | return value |
|ap_return_20     | out |   14| ap_ctrl_hs | global_pooling1d_cl<ap_fixed,ap_fixed<16,6,5,3,0>,config12> | return value |
|ap_return_21     | out |   14| ap_ctrl_hs | global_pooling1d_cl<ap_fixed,ap_fixed<16,6,5,3,0>,config12> | return value |
|ap_return_22     | out |   14| ap_ctrl_hs | global_pooling1d_cl<ap_fixed,ap_fixed<16,6,5,3,0>,config12> | return value |
|ap_return_23     | out |   14| ap_ctrl_hs | global_pooling1d_cl<ap_fixed,ap_fixed<16,6,5,3,0>,config12> | return value |
|ap_return_24     | out |   14| ap_ctrl_hs | global_pooling1d_cl<ap_fixed,ap_fixed<16,6,5,3,0>,config12> | return value |
|ap_return_25     | out |   14| ap_ctrl_hs | global_pooling1d_cl<ap_fixed,ap_fixed<16,6,5,3,0>,config12> | return value |
|ap_return_26     | out |   14| ap_ctrl_hs | global_pooling1d_cl<ap_fixed,ap_fixed<16,6,5,3,0>,config12> | return value |
|ap_return_27     | out |   14| ap_ctrl_hs | global_pooling1d_cl<ap_fixed,ap_fixed<16,6,5,3,0>,config12> | return value |
|ap_return_28     | out |   14| ap_ctrl_hs | global_pooling1d_cl<ap_fixed,ap_fixed<16,6,5,3,0>,config12> | return value |
|ap_return_29     | out |   14| ap_ctrl_hs | global_pooling1d_cl<ap_fixed,ap_fixed<16,6,5,3,0>,config12> | return value |
|ap_return_30     | out |   14| ap_ctrl_hs | global_pooling1d_cl<ap_fixed,ap_fixed<16,6,5,3,0>,config12> | return value |
|ap_return_31     | out |   14| ap_ctrl_hs | global_pooling1d_cl<ap_fixed,ap_fixed<16,6,5,3,0>,config12> | return value |
|data_0_V_read    |  in |    8|   ap_none  |                        data_0_V_read                        |    scalar    |
|data_1_V_read    |  in |    8|   ap_none  |                        data_1_V_read                        |    scalar    |
|data_2_V_read    |  in |    8|   ap_none  |                        data_2_V_read                        |    scalar    |
|data_3_V_read    |  in |    8|   ap_none  |                        data_3_V_read                        |    scalar    |
|data_4_V_read    |  in |    8|   ap_none  |                        data_4_V_read                        |    scalar    |
|data_5_V_read    |  in |    8|   ap_none  |                        data_5_V_read                        |    scalar    |
|data_6_V_read    |  in |    8|   ap_none  |                        data_6_V_read                        |    scalar    |
|data_7_V_read    |  in |    8|   ap_none  |                        data_7_V_read                        |    scalar    |
|data_8_V_read    |  in |    8|   ap_none  |                        data_8_V_read                        |    scalar    |
|data_9_V_read    |  in |    8|   ap_none  |                        data_9_V_read                        |    scalar    |
|data_10_V_read   |  in |    8|   ap_none  |                        data_10_V_read                       |    scalar    |
|data_11_V_read   |  in |    8|   ap_none  |                        data_11_V_read                       |    scalar    |
|data_12_V_read   |  in |    8|   ap_none  |                        data_12_V_read                       |    scalar    |
|data_13_V_read   |  in |    8|   ap_none  |                        data_13_V_read                       |    scalar    |
|data_14_V_read   |  in |    8|   ap_none  |                        data_14_V_read                       |    scalar    |
|data_15_V_read   |  in |    8|   ap_none  |                        data_15_V_read                       |    scalar    |
|data_16_V_read   |  in |    8|   ap_none  |                        data_16_V_read                       |    scalar    |
|data_17_V_read   |  in |    8|   ap_none  |                        data_17_V_read                       |    scalar    |
|data_18_V_read   |  in |    8|   ap_none  |                        data_18_V_read                       |    scalar    |
|data_19_V_read   |  in |    8|   ap_none  |                        data_19_V_read                       |    scalar    |
|data_20_V_read   |  in |    8|   ap_none  |                        data_20_V_read                       |    scalar    |
|data_21_V_read   |  in |    8|   ap_none  |                        data_21_V_read                       |    scalar    |
|data_22_V_read   |  in |    8|   ap_none  |                        data_22_V_read                       |    scalar    |
|data_23_V_read   |  in |    8|   ap_none  |                        data_23_V_read                       |    scalar    |
|data_24_V_read   |  in |    8|   ap_none  |                        data_24_V_read                       |    scalar    |
|data_25_V_read   |  in |    8|   ap_none  |                        data_25_V_read                       |    scalar    |
|data_26_V_read   |  in |    8|   ap_none  |                        data_26_V_read                       |    scalar    |
|data_27_V_read   |  in |    8|   ap_none  |                        data_27_V_read                       |    scalar    |
|data_28_V_read   |  in |    8|   ap_none  |                        data_28_V_read                       |    scalar    |
|data_29_V_read   |  in |    8|   ap_none  |                        data_29_V_read                       |    scalar    |
|data_30_V_read   |  in |    8|   ap_none  |                        data_30_V_read                       |    scalar    |
|data_31_V_read   |  in |    8|   ap_none  |                        data_31_V_read                       |    scalar    |
|data_32_V_read   |  in |    8|   ap_none  |                        data_32_V_read                       |    scalar    |
|data_33_V_read   |  in |    8|   ap_none  |                        data_33_V_read                       |    scalar    |
|data_34_V_read   |  in |    8|   ap_none  |                        data_34_V_read                       |    scalar    |
|data_35_V_read   |  in |    8|   ap_none  |                        data_35_V_read                       |    scalar    |
|data_36_V_read   |  in |    8|   ap_none  |                        data_36_V_read                       |    scalar    |
|data_37_V_read   |  in |    8|   ap_none  |                        data_37_V_read                       |    scalar    |
|data_38_V_read   |  in |    8|   ap_none  |                        data_38_V_read                       |    scalar    |
|data_39_V_read   |  in |    8|   ap_none  |                        data_39_V_read                       |    scalar    |
|data_40_V_read   |  in |    8|   ap_none  |                        data_40_V_read                       |    scalar    |
|data_41_V_read   |  in |    8|   ap_none  |                        data_41_V_read                       |    scalar    |
|data_42_V_read   |  in |    8|   ap_none  |                        data_42_V_read                       |    scalar    |
|data_43_V_read   |  in |    8|   ap_none  |                        data_43_V_read                       |    scalar    |
|data_44_V_read   |  in |    8|   ap_none  |                        data_44_V_read                       |    scalar    |
|data_45_V_read   |  in |    8|   ap_none  |                        data_45_V_read                       |    scalar    |
|data_46_V_read   |  in |    8|   ap_none  |                        data_46_V_read                       |    scalar    |
|data_47_V_read   |  in |    8|   ap_none  |                        data_47_V_read                       |    scalar    |
|data_48_V_read   |  in |    8|   ap_none  |                        data_48_V_read                       |    scalar    |
|data_49_V_read   |  in |    8|   ap_none  |                        data_49_V_read                       |    scalar    |
|data_50_V_read   |  in |    8|   ap_none  |                        data_50_V_read                       |    scalar    |
|data_51_V_read   |  in |    8|   ap_none  |                        data_51_V_read                       |    scalar    |
|data_52_V_read   |  in |    8|   ap_none  |                        data_52_V_read                       |    scalar    |
|data_53_V_read   |  in |    8|   ap_none  |                        data_53_V_read                       |    scalar    |
|data_54_V_read   |  in |    8|   ap_none  |                        data_54_V_read                       |    scalar    |
|data_55_V_read   |  in |    8|   ap_none  |                        data_55_V_read                       |    scalar    |
|data_56_V_read   |  in |    8|   ap_none  |                        data_56_V_read                       |    scalar    |
|data_57_V_read   |  in |    8|   ap_none  |                        data_57_V_read                       |    scalar    |
|data_58_V_read   |  in |    8|   ap_none  |                        data_58_V_read                       |    scalar    |
|data_59_V_read   |  in |    8|   ap_none  |                        data_59_V_read                       |    scalar    |
|data_60_V_read   |  in |    8|   ap_none  |                        data_60_V_read                       |    scalar    |
|data_61_V_read   |  in |    8|   ap_none  |                        data_61_V_read                       |    scalar    |
|data_62_V_read   |  in |    8|   ap_none  |                        data_62_V_read                       |    scalar    |
|data_63_V_read   |  in |    8|   ap_none  |                        data_63_V_read                       |    scalar    |
|data_64_V_read   |  in |    8|   ap_none  |                        data_64_V_read                       |    scalar    |
|data_65_V_read   |  in |    8|   ap_none  |                        data_65_V_read                       |    scalar    |
|data_66_V_read   |  in |    8|   ap_none  |                        data_66_V_read                       |    scalar    |
|data_67_V_read   |  in |    8|   ap_none  |                        data_67_V_read                       |    scalar    |
|data_68_V_read   |  in |    8|   ap_none  |                        data_68_V_read                       |    scalar    |
|data_69_V_read   |  in |    8|   ap_none  |                        data_69_V_read                       |    scalar    |
|data_70_V_read   |  in |    8|   ap_none  |                        data_70_V_read                       |    scalar    |
|data_71_V_read   |  in |    8|   ap_none  |                        data_71_V_read                       |    scalar    |
|data_72_V_read   |  in |    8|   ap_none  |                        data_72_V_read                       |    scalar    |
|data_73_V_read   |  in |    8|   ap_none  |                        data_73_V_read                       |    scalar    |
|data_74_V_read   |  in |    8|   ap_none  |                        data_74_V_read                       |    scalar    |
|data_75_V_read   |  in |    8|   ap_none  |                        data_75_V_read                       |    scalar    |
|data_76_V_read   |  in |    8|   ap_none  |                        data_76_V_read                       |    scalar    |
|data_77_V_read   |  in |    8|   ap_none  |                        data_77_V_read                       |    scalar    |
|data_78_V_read   |  in |    8|   ap_none  |                        data_78_V_read                       |    scalar    |
|data_79_V_read   |  in |    8|   ap_none  |                        data_79_V_read                       |    scalar    |
|data_80_V_read   |  in |    8|   ap_none  |                        data_80_V_read                       |    scalar    |
|data_81_V_read   |  in |    8|   ap_none  |                        data_81_V_read                       |    scalar    |
|data_82_V_read   |  in |    8|   ap_none  |                        data_82_V_read                       |    scalar    |
|data_83_V_read   |  in |    8|   ap_none  |                        data_83_V_read                       |    scalar    |
|data_84_V_read   |  in |    8|   ap_none  |                        data_84_V_read                       |    scalar    |
|data_85_V_read   |  in |    8|   ap_none  |                        data_85_V_read                       |    scalar    |
|data_86_V_read   |  in |    8|   ap_none  |                        data_86_V_read                       |    scalar    |
|data_87_V_read   |  in |    8|   ap_none  |                        data_87_V_read                       |    scalar    |
|data_88_V_read   |  in |    8|   ap_none  |                        data_88_V_read                       |    scalar    |
|data_89_V_read   |  in |    8|   ap_none  |                        data_89_V_read                       |    scalar    |
|data_90_V_read   |  in |    8|   ap_none  |                        data_90_V_read                       |    scalar    |
|data_91_V_read   |  in |    8|   ap_none  |                        data_91_V_read                       |    scalar    |
|data_92_V_read   |  in |    8|   ap_none  |                        data_92_V_read                       |    scalar    |
|data_93_V_read   |  in |    8|   ap_none  |                        data_93_V_read                       |    scalar    |
|data_94_V_read   |  in |    8|   ap_none  |                        data_94_V_read                       |    scalar    |
|data_95_V_read   |  in |    8|   ap_none  |                        data_95_V_read                       |    scalar    |
|data_96_V_read   |  in |    8|   ap_none  |                        data_96_V_read                       |    scalar    |
|data_97_V_read   |  in |    8|   ap_none  |                        data_97_V_read                       |    scalar    |
|data_98_V_read   |  in |    8|   ap_none  |                        data_98_V_read                       |    scalar    |
|data_99_V_read   |  in |    8|   ap_none  |                        data_99_V_read                       |    scalar    |
|data_100_V_read  |  in |    8|   ap_none  |                       data_100_V_read                       |    scalar    |
|data_101_V_read  |  in |    8|   ap_none  |                       data_101_V_read                       |    scalar    |
|data_102_V_read  |  in |    8|   ap_none  |                       data_102_V_read                       |    scalar    |
|data_103_V_read  |  in |    8|   ap_none  |                       data_103_V_read                       |    scalar    |
|data_104_V_read  |  in |    8|   ap_none  |                       data_104_V_read                       |    scalar    |
|data_105_V_read  |  in |    8|   ap_none  |                       data_105_V_read                       |    scalar    |
|data_106_V_read  |  in |    8|   ap_none  |                       data_106_V_read                       |    scalar    |
|data_107_V_read  |  in |    8|   ap_none  |                       data_107_V_read                       |    scalar    |
|data_108_V_read  |  in |    8|   ap_none  |                       data_108_V_read                       |    scalar    |
|data_109_V_read  |  in |    8|   ap_none  |                       data_109_V_read                       |    scalar    |
|data_110_V_read  |  in |    8|   ap_none  |                       data_110_V_read                       |    scalar    |
|data_111_V_read  |  in |    8|   ap_none  |                       data_111_V_read                       |    scalar    |
|data_112_V_read  |  in |    8|   ap_none  |                       data_112_V_read                       |    scalar    |
|data_113_V_read  |  in |    8|   ap_none  |                       data_113_V_read                       |    scalar    |
|data_114_V_read  |  in |    8|   ap_none  |                       data_114_V_read                       |    scalar    |
|data_115_V_read  |  in |    8|   ap_none  |                       data_115_V_read                       |    scalar    |
|data_116_V_read  |  in |    8|   ap_none  |                       data_116_V_read                       |    scalar    |
|data_117_V_read  |  in |    8|   ap_none  |                       data_117_V_read                       |    scalar    |
|data_118_V_read  |  in |    8|   ap_none  |                       data_118_V_read                       |    scalar    |
|data_119_V_read  |  in |    8|   ap_none  |                       data_119_V_read                       |    scalar    |
|data_120_V_read  |  in |    8|   ap_none  |                       data_120_V_read                       |    scalar    |
|data_121_V_read  |  in |    8|   ap_none  |                       data_121_V_read                       |    scalar    |
|data_122_V_read  |  in |    8|   ap_none  |                       data_122_V_read                       |    scalar    |
|data_123_V_read  |  in |    8|   ap_none  |                       data_123_V_read                       |    scalar    |
|data_124_V_read  |  in |    8|   ap_none  |                       data_124_V_read                       |    scalar    |
|data_125_V_read  |  in |    8|   ap_none  |                       data_125_V_read                       |    scalar    |
|data_126_V_read  |  in |    8|   ap_none  |                       data_126_V_read                       |    scalar    |
|data_127_V_read  |  in |    8|   ap_none  |                       data_127_V_read                       |    scalar    |
|data_128_V_read  |  in |    8|   ap_none  |                       data_128_V_read                       |    scalar    |
|data_129_V_read  |  in |    8|   ap_none  |                       data_129_V_read                       |    scalar    |
|data_130_V_read  |  in |    8|   ap_none  |                       data_130_V_read                       |    scalar    |
|data_131_V_read  |  in |    8|   ap_none  |                       data_131_V_read                       |    scalar    |
|data_132_V_read  |  in |    8|   ap_none  |                       data_132_V_read                       |    scalar    |
|data_133_V_read  |  in |    8|   ap_none  |                       data_133_V_read                       |    scalar    |
|data_134_V_read  |  in |    8|   ap_none  |                       data_134_V_read                       |    scalar    |
|data_135_V_read  |  in |    8|   ap_none  |                       data_135_V_read                       |    scalar    |
|data_136_V_read  |  in |    8|   ap_none  |                       data_136_V_read                       |    scalar    |
|data_137_V_read  |  in |    8|   ap_none  |                       data_137_V_read                       |    scalar    |
|data_138_V_read  |  in |    8|   ap_none  |                       data_138_V_read                       |    scalar    |
|data_139_V_read  |  in |    8|   ap_none  |                       data_139_V_read                       |    scalar    |
|data_140_V_read  |  in |    8|   ap_none  |                       data_140_V_read                       |    scalar    |
|data_141_V_read  |  in |    8|   ap_none  |                       data_141_V_read                       |    scalar    |
|data_142_V_read  |  in |    8|   ap_none  |                       data_142_V_read                       |    scalar    |
|data_143_V_read  |  in |    8|   ap_none  |                       data_143_V_read                       |    scalar    |
|data_144_V_read  |  in |    8|   ap_none  |                       data_144_V_read                       |    scalar    |
|data_145_V_read  |  in |    8|   ap_none  |                       data_145_V_read                       |    scalar    |
|data_146_V_read  |  in |    8|   ap_none  |                       data_146_V_read                       |    scalar    |
|data_147_V_read  |  in |    8|   ap_none  |                       data_147_V_read                       |    scalar    |
|data_148_V_read  |  in |    8|   ap_none  |                       data_148_V_read                       |    scalar    |
|data_149_V_read  |  in |    8|   ap_none  |                       data_149_V_read                       |    scalar    |
|data_150_V_read  |  in |    8|   ap_none  |                       data_150_V_read                       |    scalar    |
|data_151_V_read  |  in |    8|   ap_none  |                       data_151_V_read                       |    scalar    |
|data_152_V_read  |  in |    8|   ap_none  |                       data_152_V_read                       |    scalar    |
|data_153_V_read  |  in |    8|   ap_none  |                       data_153_V_read                       |    scalar    |
|data_154_V_read  |  in |    8|   ap_none  |                       data_154_V_read                       |    scalar    |
|data_155_V_read  |  in |    8|   ap_none  |                       data_155_V_read                       |    scalar    |
|data_156_V_read  |  in |    8|   ap_none  |                       data_156_V_read                       |    scalar    |
|data_157_V_read  |  in |    8|   ap_none  |                       data_157_V_read                       |    scalar    |
|data_158_V_read  |  in |    8|   ap_none  |                       data_158_V_read                       |    scalar    |
|data_159_V_read  |  in |    8|   ap_none  |                       data_159_V_read                       |    scalar    |
|data_160_V_read  |  in |    8|   ap_none  |                       data_160_V_read                       |    scalar    |
|data_161_V_read  |  in |    8|   ap_none  |                       data_161_V_read                       |    scalar    |
|data_162_V_read  |  in |    8|   ap_none  |                       data_162_V_read                       |    scalar    |
|data_163_V_read  |  in |    8|   ap_none  |                       data_163_V_read                       |    scalar    |
|data_164_V_read  |  in |    8|   ap_none  |                       data_164_V_read                       |    scalar    |
|data_165_V_read  |  in |    8|   ap_none  |                       data_165_V_read                       |    scalar    |
|data_166_V_read  |  in |    8|   ap_none  |                       data_166_V_read                       |    scalar    |
|data_167_V_read  |  in |    8|   ap_none  |                       data_167_V_read                       |    scalar    |
|data_168_V_read  |  in |    8|   ap_none  |                       data_168_V_read                       |    scalar    |
|data_169_V_read  |  in |    8|   ap_none  |                       data_169_V_read                       |    scalar    |
|data_170_V_read  |  in |    8|   ap_none  |                       data_170_V_read                       |    scalar    |
|data_171_V_read  |  in |    8|   ap_none  |                       data_171_V_read                       |    scalar    |
|data_172_V_read  |  in |    8|   ap_none  |                       data_172_V_read                       |    scalar    |
|data_173_V_read  |  in |    8|   ap_none  |                       data_173_V_read                       |    scalar    |
|data_174_V_read  |  in |    8|   ap_none  |                       data_174_V_read                       |    scalar    |
|data_175_V_read  |  in |    8|   ap_none  |                       data_175_V_read                       |    scalar    |
|data_176_V_read  |  in |    8|   ap_none  |                       data_176_V_read                       |    scalar    |
|data_177_V_read  |  in |    8|   ap_none  |                       data_177_V_read                       |    scalar    |
|data_178_V_read  |  in |    8|   ap_none  |                       data_178_V_read                       |    scalar    |
|data_179_V_read  |  in |    8|   ap_none  |                       data_179_V_read                       |    scalar    |
|data_180_V_read  |  in |    8|   ap_none  |                       data_180_V_read                       |    scalar    |
|data_181_V_read  |  in |    8|   ap_none  |                       data_181_V_read                       |    scalar    |
|data_182_V_read  |  in |    8|   ap_none  |                       data_182_V_read                       |    scalar    |
|data_183_V_read  |  in |    8|   ap_none  |                       data_183_V_read                       |    scalar    |
|data_184_V_read  |  in |    8|   ap_none  |                       data_184_V_read                       |    scalar    |
|data_185_V_read  |  in |    8|   ap_none  |                       data_185_V_read                       |    scalar    |
|data_186_V_read  |  in |    8|   ap_none  |                       data_186_V_read                       |    scalar    |
|data_187_V_read  |  in |    8|   ap_none  |                       data_187_V_read                       |    scalar    |
|data_188_V_read  |  in |    8|   ap_none  |                       data_188_V_read                       |    scalar    |
|data_189_V_read  |  in |    8|   ap_none  |                       data_189_V_read                       |    scalar    |
|data_190_V_read  |  in |    8|   ap_none  |                       data_190_V_read                       |    scalar    |
|data_191_V_read  |  in |    8|   ap_none  |                       data_191_V_read                       |    scalar    |
|data_192_V_read  |  in |    8|   ap_none  |                       data_192_V_read                       |    scalar    |
|data_193_V_read  |  in |    8|   ap_none  |                       data_193_V_read                       |    scalar    |
|data_194_V_read  |  in |    8|   ap_none  |                       data_194_V_read                       |    scalar    |
|data_195_V_read  |  in |    8|   ap_none  |                       data_195_V_read                       |    scalar    |
|data_196_V_read  |  in |    8|   ap_none  |                       data_196_V_read                       |    scalar    |
|data_197_V_read  |  in |    8|   ap_none  |                       data_197_V_read                       |    scalar    |
|data_198_V_read  |  in |    8|   ap_none  |                       data_198_V_read                       |    scalar    |
|data_199_V_read  |  in |    8|   ap_none  |                       data_199_V_read                       |    scalar    |
|data_200_V_read  |  in |    8|   ap_none  |                       data_200_V_read                       |    scalar    |
|data_201_V_read  |  in |    8|   ap_none  |                       data_201_V_read                       |    scalar    |
|data_202_V_read  |  in |    8|   ap_none  |                       data_202_V_read                       |    scalar    |
|data_203_V_read  |  in |    8|   ap_none  |                       data_203_V_read                       |    scalar    |
|data_204_V_read  |  in |    8|   ap_none  |                       data_204_V_read                       |    scalar    |
|data_205_V_read  |  in |    8|   ap_none  |                       data_205_V_read                       |    scalar    |
|data_206_V_read  |  in |    8|   ap_none  |                       data_206_V_read                       |    scalar    |
|data_207_V_read  |  in |    8|   ap_none  |                       data_207_V_read                       |    scalar    |
|data_208_V_read  |  in |    8|   ap_none  |                       data_208_V_read                       |    scalar    |
|data_209_V_read  |  in |    8|   ap_none  |                       data_209_V_read                       |    scalar    |
|data_210_V_read  |  in |    8|   ap_none  |                       data_210_V_read                       |    scalar    |
|data_211_V_read  |  in |    8|   ap_none  |                       data_211_V_read                       |    scalar    |
|data_212_V_read  |  in |    8|   ap_none  |                       data_212_V_read                       |    scalar    |
|data_213_V_read  |  in |    8|   ap_none  |                       data_213_V_read                       |    scalar    |
|data_214_V_read  |  in |    8|   ap_none  |                       data_214_V_read                       |    scalar    |
|data_215_V_read  |  in |    8|   ap_none  |                       data_215_V_read                       |    scalar    |
|data_216_V_read  |  in |    8|   ap_none  |                       data_216_V_read                       |    scalar    |
|data_217_V_read  |  in |    8|   ap_none  |                       data_217_V_read                       |    scalar    |
|data_218_V_read  |  in |    8|   ap_none  |                       data_218_V_read                       |    scalar    |
|data_219_V_read  |  in |    8|   ap_none  |                       data_219_V_read                       |    scalar    |
|data_220_V_read  |  in |    8|   ap_none  |                       data_220_V_read                       |    scalar    |
|data_221_V_read  |  in |    8|   ap_none  |                       data_221_V_read                       |    scalar    |
|data_222_V_read  |  in |    8|   ap_none  |                       data_222_V_read                       |    scalar    |
|data_223_V_read  |  in |    8|   ap_none  |                       data_223_V_read                       |    scalar    |
|data_224_V_read  |  in |    8|   ap_none  |                       data_224_V_read                       |    scalar    |
|data_225_V_read  |  in |    8|   ap_none  |                       data_225_V_read                       |    scalar    |
|data_226_V_read  |  in |    8|   ap_none  |                       data_226_V_read                       |    scalar    |
|data_227_V_read  |  in |    8|   ap_none  |                       data_227_V_read                       |    scalar    |
|data_228_V_read  |  in |    8|   ap_none  |                       data_228_V_read                       |    scalar    |
|data_229_V_read  |  in |    8|   ap_none  |                       data_229_V_read                       |    scalar    |
|data_230_V_read  |  in |    8|   ap_none  |                       data_230_V_read                       |    scalar    |
|data_231_V_read  |  in |    8|   ap_none  |                       data_231_V_read                       |    scalar    |
|data_232_V_read  |  in |    8|   ap_none  |                       data_232_V_read                       |    scalar    |
|data_233_V_read  |  in |    8|   ap_none  |                       data_233_V_read                       |    scalar    |
|data_234_V_read  |  in |    8|   ap_none  |                       data_234_V_read                       |    scalar    |
|data_235_V_read  |  in |    8|   ap_none  |                       data_235_V_read                       |    scalar    |
|data_236_V_read  |  in |    8|   ap_none  |                       data_236_V_read                       |    scalar    |
|data_237_V_read  |  in |    8|   ap_none  |                       data_237_V_read                       |    scalar    |
|data_238_V_read  |  in |    8|   ap_none  |                       data_238_V_read                       |    scalar    |
|data_239_V_read  |  in |    8|   ap_none  |                       data_239_V_read                       |    scalar    |
|data_240_V_read  |  in |    8|   ap_none  |                       data_240_V_read                       |    scalar    |
|data_241_V_read  |  in |    8|   ap_none  |                       data_241_V_read                       |    scalar    |
|data_242_V_read  |  in |    8|   ap_none  |                       data_242_V_read                       |    scalar    |
|data_243_V_read  |  in |    8|   ap_none  |                       data_243_V_read                       |    scalar    |
|data_244_V_read  |  in |    8|   ap_none  |                       data_244_V_read                       |    scalar    |
|data_245_V_read  |  in |    8|   ap_none  |                       data_245_V_read                       |    scalar    |
|data_246_V_read  |  in |    8|   ap_none  |                       data_246_V_read                       |    scalar    |
|data_247_V_read  |  in |    8|   ap_none  |                       data_247_V_read                       |    scalar    |
|data_248_V_read  |  in |    8|   ap_none  |                       data_248_V_read                       |    scalar    |
|data_249_V_read  |  in |    8|   ap_none  |                       data_249_V_read                       |    scalar    |
|data_250_V_read  |  in |    8|   ap_none  |                       data_250_V_read                       |    scalar    |
|data_251_V_read  |  in |    8|   ap_none  |                       data_251_V_read                       |    scalar    |
|data_252_V_read  |  in |    8|   ap_none  |                       data_252_V_read                       |    scalar    |
|data_253_V_read  |  in |    8|   ap_none  |                       data_253_V_read                       |    scalar    |
|data_254_V_read  |  in |    8|   ap_none  |                       data_254_V_read                       |    scalar    |
|data_255_V_read  |  in |    8|   ap_none  |                       data_255_V_read                       |    scalar    |
+-----------------+-----+-----+------------+-------------------------------------------------------------+--------------+

