

================================================================
== Vivado HLS Report for 'pointwise_conv_1d_cl_ap_fixed_ap_fixed_16_6_5_3_0_config19_s'
================================================================
* Date:           Thu Nov  2 21:18:41 2023

* Version:        2020.1 (Build 2897737 on Wed May 27 20:21:37 MDT 2020)
* Project:        myproject_prj
* Solution:       solution1
* Product family: virtexuplus
* Target device:  xcvu13p-flga2577-2-e


================================================================
== Performance Estimates
================================================================
+ Timing: 
    * Summary: 
    +--------+---------+----------+------------+
    |  Clock |  Target | Estimated| Uncertainty|
    +--------+---------+----------+------------+
    |ap_clk  | 5.00 ns | 2.938 ns |   0.62 ns  |
    +--------+---------+----------+------------+

+ Latency: 
    * Summary: 
    +---------+---------+----------+----------+-----+-----+---------+
    |  Latency (cycles) |  Latency (absolute) |  Interval | Pipeline|
    |   min   |   max   |    min   |    max   | min | max |   Type  |
    +---------+---------+----------+----------+-----+-----+---------+
    |        0|        0|   0 ns   |   0 ns   |    0|    0|   none  |
    +---------+---------+----------+----------+-----+-----+---------+

    + Detail: 
        * Instance: 
        +-----------------------------------------------------------------------------------------------------+------------------------------------------------------------------------------------+---------+---------+----------+----------+-----+-----+----------+
        |                                                                                                     |                                                                                    |  Latency (cycles) |  Latency (absolute) |  Interval | Pipeline |
        |                                               Instance                                              |                                       Module                                       |   min   |   max   |    min   |    max   | min | max |   Type   |
        +-----------------------------------------------------------------------------------------------------+------------------------------------------------------------------------------------+---------+---------+----------+----------+-----+-----+----------+
        |call_ret3_pointwise_conv_1d_latency_cl_0_0_0_0_0_0_0_0_0_0_0_0_0_0_0_0_0_0_0_0_0_0_0_0_0_0_2_fu_108  |pointwise_conv_1d_latency_cl_0_0_0_0_0_0_0_0_0_0_0_0_0_0_0_0_0_0_0_0_0_0_0_0_0_0_2  |        0|        0|   0 ns   |   0 ns   |    1|    1| function |
        |call_ret_pointwise_conv_1d_latency_cl_0_0_0_0_0_0_0_0_0_0_0_0_0_0_0_0_0_0_0_0_0_0_0_0_0_0_2_fu_124   |pointwise_conv_1d_latency_cl_0_0_0_0_0_0_0_0_0_0_0_0_0_0_0_0_0_0_0_0_0_0_0_0_0_0_2  |        0|        0|   0 ns   |   0 ns   |    1|    1| function |
        +-----------------------------------------------------------------------------------------------------+------------------------------------------------------------------------------------+---------+---------+----------+----------+-----+-----+----------+

        * Loop: 
        N/A



================================================================
== Utilization Estimates
================================================================
* Summary: 
+---------------------+---------+-------+---------+---------+------+
|         Name        | BRAM_18K| DSP48E|    FF   |   LUT   | URAM |
+---------------------+---------+-------+---------+---------+------+
|DSP                  |        -|      -|        -|        -|     -|
|Expression           |        -|      -|        0|        2|     -|
|FIFO                 |        -|      -|        -|        -|     -|
|Instance             |        -|      -|        0|    12712|     -|
|Memory               |        -|      -|        -|        -|     -|
|Multiplexer          |        -|      -|        -|       18|     -|
|Register             |        -|      -|        2|        -|     -|
+---------------------+---------+-------+---------+---------+------+
|Total                |        0|      0|        2|    12732|     0|
+---------------------+---------+-------+---------+---------+------+
|Available SLR        |     1344|   3072|   864000|   432000|   320|
+---------------------+---------+-------+---------+---------+------+
|Utilization SLR (%)  |        0|      0|    ~0   |        2|     0|
+---------------------+---------+-------+---------+---------+------+
|Available            |     5376|  12288|  3456000|  1728000|  1280|
+---------------------+---------+-------+---------+---------+------+
|Utilization (%)      |        0|      0|    ~0   |    ~0   |     0|
+---------------------+---------+-------+---------+---------+------+

+ Detail: 
    * Instance: 
    +-----------------------------------------------------------------------------------------------------+------------------------------------------------------------------------------------+---------+-------+---+------+-----+
    |                                               Instance                                              |                                       Module                                       | BRAM_18K| DSP48E| FF|  LUT | URAM|
    +-----------------------------------------------------------------------------------------------------+------------------------------------------------------------------------------------+---------+-------+---+------+-----+
    |call_ret3_pointwise_conv_1d_latency_cl_0_0_0_0_0_0_0_0_0_0_0_0_0_0_0_0_0_0_0_0_0_0_0_0_0_0_2_fu_108  |pointwise_conv_1d_latency_cl_0_0_0_0_0_0_0_0_0_0_0_0_0_0_0_0_0_0_0_0_0_0_0_0_0_0_2  |        0|      0|  0|  6356|    0|
    |call_ret_pointwise_conv_1d_latency_cl_0_0_0_0_0_0_0_0_0_0_0_0_0_0_0_0_0_0_0_0_0_0_0_0_0_0_2_fu_124   |pointwise_conv_1d_latency_cl_0_0_0_0_0_0_0_0_0_0_0_0_0_0_0_0_0_0_0_0_0_0_0_0_0_0_2  |        0|      0|  0|  6356|    0|
    +-----------------------------------------------------------------------------------------------------+------------------------------------------------------------------------------------+---------+-------+---+------+-----+
    |Total                                                                                                |                                                                                    |        0|      0|  0| 12712|    0|
    +-----------------------------------------------------------------------------------------------------+------------------------------------------------------------------------------------+---------+-------+---+------+-----+

    * DSP48E: 
    N/A

    * Memory: 
    N/A

    * FIFO: 
    N/A

    * Expression: 
    +-----------------+----------+-------+---+----+------------+------------+
    |  Variable Name  | Operation| DSP48E| FF| LUT| Bitwidth P0| Bitwidth P1|
    +-----------------+----------+-------+---+----+------------+------------+
    |ap_block_state1  |    or    |      0|  0|   2|           1|           1|
    +-----------------+----------+-------+---+----+------------+------------+
    |Total            |          |      0|  0|   2|           1|           1|
    +-----------------+----------+-------+---+----+------------+------------+

    * Multiplexer: 
    +--------------+----+-----------+-----+-----------+
    |     Name     | LUT| Input Size| Bits| Total Bits|
    +--------------+----+-----------+-----+-----------+
    |ap_done       |   9|          2|    1|          2|
    |data_V_blk_n  |   9|          2|    1|          2|
    +--------------+----+-----------+-----+-----------+
    |Total         |  18|          4|    2|          4|
    +--------------+----+-----------+-----+-----------+

    * Register: 
    +-------------+---+----+-----+-----------+
    |     Name    | FF| LUT| Bits| Const Bits|
    +-------------+---+----+-----+-----------+
    |ap_CS_fsm    |  1|   0|    1|          0|
    |ap_done_reg  |  1|   0|    1|          0|
    +-------------+---+----+-----+-----------+
    |Total        |  2|   0|    2|          0|
    +-------------+---+----+-----+-----------+



================================================================
== Interface
================================================================
* Summary: 
+---------------+-----+-----+------------+--------------------------------------------------------------+--------------+
|   RTL Ports   | Dir | Bits|  Protocol  |                         Source Object                        |    C Type    |
+---------------+-----+-----+------------+--------------------------------------------------------------+--------------+
|ap_clk         |  in |    1| ap_ctrl_hs | pointwise_conv_1d_cl<ap_fixed,ap_fixed<16,6,5,3,0>,config19> | return value |
|ap_rst         |  in |    1| ap_ctrl_hs | pointwise_conv_1d_cl<ap_fixed,ap_fixed<16,6,5,3,0>,config19> | return value |
|ap_start       |  in |    1| ap_ctrl_hs | pointwise_conv_1d_cl<ap_fixed,ap_fixed<16,6,5,3,0>,config19> | return value |
|ap_done        | out |    1| ap_ctrl_hs | pointwise_conv_1d_cl<ap_fixed,ap_fixed<16,6,5,3,0>,config19> | return value |
|ap_continue    |  in |    1| ap_ctrl_hs | pointwise_conv_1d_cl<ap_fixed,ap_fixed<16,6,5,3,0>,config19> | return value |
|ap_idle        | out |    1| ap_ctrl_hs | pointwise_conv_1d_cl<ap_fixed,ap_fixed<16,6,5,3,0>,config19> | return value |
|ap_ready       | out |    1| ap_ctrl_hs | pointwise_conv_1d_cl<ap_fixed,ap_fixed<16,6,5,3,0>,config19> | return value |
|ap_return_0    | out |   16| ap_ctrl_hs | pointwise_conv_1d_cl<ap_fixed,ap_fixed<16,6,5,3,0>,config19> | return value |
|ap_return_1    | out |   16| ap_ctrl_hs | pointwise_conv_1d_cl<ap_fixed,ap_fixed<16,6,5,3,0>,config19> | return value |
|ap_return_2    | out |   16| ap_ctrl_hs | pointwise_conv_1d_cl<ap_fixed,ap_fixed<16,6,5,3,0>,config19> | return value |
|ap_return_3    | out |   16| ap_ctrl_hs | pointwise_conv_1d_cl<ap_fixed,ap_fixed<16,6,5,3,0>,config19> | return value |
|ap_return_4    | out |   16| ap_ctrl_hs | pointwise_conv_1d_cl<ap_fixed,ap_fixed<16,6,5,3,0>,config19> | return value |
|ap_return_5    | out |   16| ap_ctrl_hs | pointwise_conv_1d_cl<ap_fixed,ap_fixed<16,6,5,3,0>,config19> | return value |
|ap_return_6    | out |   16| ap_ctrl_hs | pointwise_conv_1d_cl<ap_fixed,ap_fixed<16,6,5,3,0>,config19> | return value |
|ap_return_7    | out |   16| ap_ctrl_hs | pointwise_conv_1d_cl<ap_fixed,ap_fixed<16,6,5,3,0>,config19> | return value |
|ap_return_8    | out |   16| ap_ctrl_hs | pointwise_conv_1d_cl<ap_fixed,ap_fixed<16,6,5,3,0>,config19> | return value |
|ap_return_9    | out |   16| ap_ctrl_hs | pointwise_conv_1d_cl<ap_fixed,ap_fixed<16,6,5,3,0>,config19> | return value |
|ap_return_10   | out |   16| ap_ctrl_hs | pointwise_conv_1d_cl<ap_fixed,ap_fixed<16,6,5,3,0>,config19> | return value |
|ap_return_11   | out |   16| ap_ctrl_hs | pointwise_conv_1d_cl<ap_fixed,ap_fixed<16,6,5,3,0>,config19> | return value |
|ap_return_12   | out |   16| ap_ctrl_hs | pointwise_conv_1d_cl<ap_fixed,ap_fixed<16,6,5,3,0>,config19> | return value |
|ap_return_13   | out |   16| ap_ctrl_hs | pointwise_conv_1d_cl<ap_fixed,ap_fixed<16,6,5,3,0>,config19> | return value |
|ap_return_14   | out |   16| ap_ctrl_hs | pointwise_conv_1d_cl<ap_fixed,ap_fixed<16,6,5,3,0>,config19> | return value |
|ap_return_15   | out |   16| ap_ctrl_hs | pointwise_conv_1d_cl<ap_fixed,ap_fixed<16,6,5,3,0>,config19> | return value |
|ap_return_16   | out |   16| ap_ctrl_hs | pointwise_conv_1d_cl<ap_fixed,ap_fixed<16,6,5,3,0>,config19> | return value |
|ap_return_17   | out |   16| ap_ctrl_hs | pointwise_conv_1d_cl<ap_fixed,ap_fixed<16,6,5,3,0>,config19> | return value |
|ap_return_18   | out |   16| ap_ctrl_hs | pointwise_conv_1d_cl<ap_fixed,ap_fixed<16,6,5,3,0>,config19> | return value |
|ap_return_19   | out |   16| ap_ctrl_hs | pointwise_conv_1d_cl<ap_fixed,ap_fixed<16,6,5,3,0>,config19> | return value |
|ap_return_20   | out |   16| ap_ctrl_hs | pointwise_conv_1d_cl<ap_fixed,ap_fixed<16,6,5,3,0>,config19> | return value |
|ap_return_21   | out |   16| ap_ctrl_hs | pointwise_conv_1d_cl<ap_fixed,ap_fixed<16,6,5,3,0>,config19> | return value |
|ap_return_22   | out |   16| ap_ctrl_hs | pointwise_conv_1d_cl<ap_fixed,ap_fixed<16,6,5,3,0>,config19> | return value |
|ap_return_23   | out |   16| ap_ctrl_hs | pointwise_conv_1d_cl<ap_fixed,ap_fixed<16,6,5,3,0>,config19> | return value |
|ap_return_24   | out |   16| ap_ctrl_hs | pointwise_conv_1d_cl<ap_fixed,ap_fixed<16,6,5,3,0>,config19> | return value |
|ap_return_25   | out |   16| ap_ctrl_hs | pointwise_conv_1d_cl<ap_fixed,ap_fixed<16,6,5,3,0>,config19> | return value |
|ap_return_26   | out |   16| ap_ctrl_hs | pointwise_conv_1d_cl<ap_fixed,ap_fixed<16,6,5,3,0>,config19> | return value |
|ap_return_27   | out |   16| ap_ctrl_hs | pointwise_conv_1d_cl<ap_fixed,ap_fixed<16,6,5,3,0>,config19> | return value |
|ap_return_28   | out |   16| ap_ctrl_hs | pointwise_conv_1d_cl<ap_fixed,ap_fixed<16,6,5,3,0>,config19> | return value |
|ap_return_29   | out |   16| ap_ctrl_hs | pointwise_conv_1d_cl<ap_fixed,ap_fixed<16,6,5,3,0>,config19> | return value |
|ap_return_30   | out |   16| ap_ctrl_hs | pointwise_conv_1d_cl<ap_fixed,ap_fixed<16,6,5,3,0>,config19> | return value |
|ap_return_31   | out |   16| ap_ctrl_hs | pointwise_conv_1d_cl<ap_fixed,ap_fixed<16,6,5,3,0>,config19> | return value |
|ap_return_32   | out |   16| ap_ctrl_hs | pointwise_conv_1d_cl<ap_fixed,ap_fixed<16,6,5,3,0>,config19> | return value |
|ap_return_33   | out |   16| ap_ctrl_hs | pointwise_conv_1d_cl<ap_fixed,ap_fixed<16,6,5,3,0>,config19> | return value |
|ap_return_34   | out |   16| ap_ctrl_hs | pointwise_conv_1d_cl<ap_fixed,ap_fixed<16,6,5,3,0>,config19> | return value |
|ap_return_35   | out |   16| ap_ctrl_hs | pointwise_conv_1d_cl<ap_fixed,ap_fixed<16,6,5,3,0>,config19> | return value |
|ap_return_36   | out |   16| ap_ctrl_hs | pointwise_conv_1d_cl<ap_fixed,ap_fixed<16,6,5,3,0>,config19> | return value |
|ap_return_37   | out |   16| ap_ctrl_hs | pointwise_conv_1d_cl<ap_fixed,ap_fixed<16,6,5,3,0>,config19> | return value |
|ap_return_38   | out |   16| ap_ctrl_hs | pointwise_conv_1d_cl<ap_fixed,ap_fixed<16,6,5,3,0>,config19> | return value |
|ap_return_39   | out |   16| ap_ctrl_hs | pointwise_conv_1d_cl<ap_fixed,ap_fixed<16,6,5,3,0>,config19> | return value |
|ap_return_40   | out |   16| ap_ctrl_hs | pointwise_conv_1d_cl<ap_fixed,ap_fixed<16,6,5,3,0>,config19> | return value |
|ap_return_41   | out |   16| ap_ctrl_hs | pointwise_conv_1d_cl<ap_fixed,ap_fixed<16,6,5,3,0>,config19> | return value |
|ap_return_42   | out |   16| ap_ctrl_hs | pointwise_conv_1d_cl<ap_fixed,ap_fixed<16,6,5,3,0>,config19> | return value |
|ap_return_43   | out |   16| ap_ctrl_hs | pointwise_conv_1d_cl<ap_fixed,ap_fixed<16,6,5,3,0>,config19> | return value |
|ap_return_44   | out |   16| ap_ctrl_hs | pointwise_conv_1d_cl<ap_fixed,ap_fixed<16,6,5,3,0>,config19> | return value |
|ap_return_45   | out |   16| ap_ctrl_hs | pointwise_conv_1d_cl<ap_fixed,ap_fixed<16,6,5,3,0>,config19> | return value |
|ap_return_46   | out |   16| ap_ctrl_hs | pointwise_conv_1d_cl<ap_fixed,ap_fixed<16,6,5,3,0>,config19> | return value |
|ap_return_47   | out |   16| ap_ctrl_hs | pointwise_conv_1d_cl<ap_fixed,ap_fixed<16,6,5,3,0>,config19> | return value |
|ap_return_48   | out |   16| ap_ctrl_hs | pointwise_conv_1d_cl<ap_fixed,ap_fixed<16,6,5,3,0>,config19> | return value |
|ap_return_49   | out |   16| ap_ctrl_hs | pointwise_conv_1d_cl<ap_fixed,ap_fixed<16,6,5,3,0>,config19> | return value |
|ap_return_50   | out |   16| ap_ctrl_hs | pointwise_conv_1d_cl<ap_fixed,ap_fixed<16,6,5,3,0>,config19> | return value |
|ap_return_51   | out |   16| ap_ctrl_hs | pointwise_conv_1d_cl<ap_fixed,ap_fixed<16,6,5,3,0>,config19> | return value |
|ap_return_52   | out |   16| ap_ctrl_hs | pointwise_conv_1d_cl<ap_fixed,ap_fixed<16,6,5,3,0>,config19> | return value |
|ap_return_53   | out |   16| ap_ctrl_hs | pointwise_conv_1d_cl<ap_fixed,ap_fixed<16,6,5,3,0>,config19> | return value |
|ap_return_54   | out |   16| ap_ctrl_hs | pointwise_conv_1d_cl<ap_fixed,ap_fixed<16,6,5,3,0>,config19> | return value |
|ap_return_55   | out |   16| ap_ctrl_hs | pointwise_conv_1d_cl<ap_fixed,ap_fixed<16,6,5,3,0>,config19> | return value |
|ap_return_56   | out |   16| ap_ctrl_hs | pointwise_conv_1d_cl<ap_fixed,ap_fixed<16,6,5,3,0>,config19> | return value |
|ap_return_57   | out |   16| ap_ctrl_hs | pointwise_conv_1d_cl<ap_fixed,ap_fixed<16,6,5,3,0>,config19> | return value |
|ap_return_58   | out |   16| ap_ctrl_hs | pointwise_conv_1d_cl<ap_fixed,ap_fixed<16,6,5,3,0>,config19> | return value |
|ap_return_59   | out |   16| ap_ctrl_hs | pointwise_conv_1d_cl<ap_fixed,ap_fixed<16,6,5,3,0>,config19> | return value |
|ap_return_60   | out |   16| ap_ctrl_hs | pointwise_conv_1d_cl<ap_fixed,ap_fixed<16,6,5,3,0>,config19> | return value |
|ap_return_61   | out |   16| ap_ctrl_hs | pointwise_conv_1d_cl<ap_fixed,ap_fixed<16,6,5,3,0>,config19> | return value |
|ap_return_62   | out |   16| ap_ctrl_hs | pointwise_conv_1d_cl<ap_fixed,ap_fixed<16,6,5,3,0>,config19> | return value |
|ap_return_63   | out |   16| ap_ctrl_hs | pointwise_conv_1d_cl<ap_fixed,ap_fixed<16,6,5,3,0>,config19> | return value |
|ap_return_64   | out |   16| ap_ctrl_hs | pointwise_conv_1d_cl<ap_fixed,ap_fixed<16,6,5,3,0>,config19> | return value |
|ap_return_65   | out |   16| ap_ctrl_hs | pointwise_conv_1d_cl<ap_fixed,ap_fixed<16,6,5,3,0>,config19> | return value |
|ap_return_66   | out |   16| ap_ctrl_hs | pointwise_conv_1d_cl<ap_fixed,ap_fixed<16,6,5,3,0>,config19> | return value |
|ap_return_67   | out |   16| ap_ctrl_hs | pointwise_conv_1d_cl<ap_fixed,ap_fixed<16,6,5,3,0>,config19> | return value |
|ap_return_68   | out |   16| ap_ctrl_hs | pointwise_conv_1d_cl<ap_fixed,ap_fixed<16,6,5,3,0>,config19> | return value |
|ap_return_69   | out |   16| ap_ctrl_hs | pointwise_conv_1d_cl<ap_fixed,ap_fixed<16,6,5,3,0>,config19> | return value |
|ap_return_70   | out |   16| ap_ctrl_hs | pointwise_conv_1d_cl<ap_fixed,ap_fixed<16,6,5,3,0>,config19> | return value |
|ap_return_71   | out |   16| ap_ctrl_hs | pointwise_conv_1d_cl<ap_fixed,ap_fixed<16,6,5,3,0>,config19> | return value |
|ap_return_72   | out |   16| ap_ctrl_hs | pointwise_conv_1d_cl<ap_fixed,ap_fixed<16,6,5,3,0>,config19> | return value |
|ap_return_73   | out |   16| ap_ctrl_hs | pointwise_conv_1d_cl<ap_fixed,ap_fixed<16,6,5,3,0>,config19> | return value |
|ap_return_74   | out |   16| ap_ctrl_hs | pointwise_conv_1d_cl<ap_fixed,ap_fixed<16,6,5,3,0>,config19> | return value |
|ap_return_75   | out |   16| ap_ctrl_hs | pointwise_conv_1d_cl<ap_fixed,ap_fixed<16,6,5,3,0>,config19> | return value |
|ap_return_76   | out |   16| ap_ctrl_hs | pointwise_conv_1d_cl<ap_fixed,ap_fixed<16,6,5,3,0>,config19> | return value |
|ap_return_77   | out |   16| ap_ctrl_hs | pointwise_conv_1d_cl<ap_fixed,ap_fixed<16,6,5,3,0>,config19> | return value |
|ap_return_78   | out |   16| ap_ctrl_hs | pointwise_conv_1d_cl<ap_fixed,ap_fixed<16,6,5,3,0>,config19> | return value |
|ap_return_79   | out |   16| ap_ctrl_hs | pointwise_conv_1d_cl<ap_fixed,ap_fixed<16,6,5,3,0>,config19> | return value |
|ap_return_80   | out |   16| ap_ctrl_hs | pointwise_conv_1d_cl<ap_fixed,ap_fixed<16,6,5,3,0>,config19> | return value |
|ap_return_81   | out |   16| ap_ctrl_hs | pointwise_conv_1d_cl<ap_fixed,ap_fixed<16,6,5,3,0>,config19> | return value |
|ap_return_82   | out |   16| ap_ctrl_hs | pointwise_conv_1d_cl<ap_fixed,ap_fixed<16,6,5,3,0>,config19> | return value |
|ap_return_83   | out |   16| ap_ctrl_hs | pointwise_conv_1d_cl<ap_fixed,ap_fixed<16,6,5,3,0>,config19> | return value |
|ap_return_84   | out |   16| ap_ctrl_hs | pointwise_conv_1d_cl<ap_fixed,ap_fixed<16,6,5,3,0>,config19> | return value |
|ap_return_85   | out |   16| ap_ctrl_hs | pointwise_conv_1d_cl<ap_fixed,ap_fixed<16,6,5,3,0>,config19> | return value |
|ap_return_86   | out |   16| ap_ctrl_hs | pointwise_conv_1d_cl<ap_fixed,ap_fixed<16,6,5,3,0>,config19> | return value |
|ap_return_87   | out |   16| ap_ctrl_hs | pointwise_conv_1d_cl<ap_fixed,ap_fixed<16,6,5,3,0>,config19> | return value |
|ap_return_88   | out |   16| ap_ctrl_hs | pointwise_conv_1d_cl<ap_fixed,ap_fixed<16,6,5,3,0>,config19> | return value |
|ap_return_89   | out |   16| ap_ctrl_hs | pointwise_conv_1d_cl<ap_fixed,ap_fixed<16,6,5,3,0>,config19> | return value |
|ap_return_90   | out |   16| ap_ctrl_hs | pointwise_conv_1d_cl<ap_fixed,ap_fixed<16,6,5,3,0>,config19> | return value |
|ap_return_91   | out |   16| ap_ctrl_hs | pointwise_conv_1d_cl<ap_fixed,ap_fixed<16,6,5,3,0>,config19> | return value |
|ap_return_92   | out |   16| ap_ctrl_hs | pointwise_conv_1d_cl<ap_fixed,ap_fixed<16,6,5,3,0>,config19> | return value |
|ap_return_93   | out |   16| ap_ctrl_hs | pointwise_conv_1d_cl<ap_fixed,ap_fixed<16,6,5,3,0>,config19> | return value |
|ap_return_94   | out |   16| ap_ctrl_hs | pointwise_conv_1d_cl<ap_fixed,ap_fixed<16,6,5,3,0>,config19> | return value |
|ap_return_95   | out |   16| ap_ctrl_hs | pointwise_conv_1d_cl<ap_fixed,ap_fixed<16,6,5,3,0>,config19> | return value |
|ap_return_96   | out |   16| ap_ctrl_hs | pointwise_conv_1d_cl<ap_fixed,ap_fixed<16,6,5,3,0>,config19> | return value |
|ap_return_97   | out |   16| ap_ctrl_hs | pointwise_conv_1d_cl<ap_fixed,ap_fixed<16,6,5,3,0>,config19> | return value |
|ap_return_98   | out |   16| ap_ctrl_hs | pointwise_conv_1d_cl<ap_fixed,ap_fixed<16,6,5,3,0>,config19> | return value |
|ap_return_99   | out |   16| ap_ctrl_hs | pointwise_conv_1d_cl<ap_fixed,ap_fixed<16,6,5,3,0>,config19> | return value |
|ap_return_100  | out |   16| ap_ctrl_hs | pointwise_conv_1d_cl<ap_fixed,ap_fixed<16,6,5,3,0>,config19> | return value |
|ap_return_101  | out |   16| ap_ctrl_hs | pointwise_conv_1d_cl<ap_fixed,ap_fixed<16,6,5,3,0>,config19> | return value |
|ap_return_102  | out |   16| ap_ctrl_hs | pointwise_conv_1d_cl<ap_fixed,ap_fixed<16,6,5,3,0>,config19> | return value |
|ap_return_103  | out |   16| ap_ctrl_hs | pointwise_conv_1d_cl<ap_fixed,ap_fixed<16,6,5,3,0>,config19> | return value |
|ap_return_104  | out |   16| ap_ctrl_hs | pointwise_conv_1d_cl<ap_fixed,ap_fixed<16,6,5,3,0>,config19> | return value |
|ap_return_105  | out |   16| ap_ctrl_hs | pointwise_conv_1d_cl<ap_fixed,ap_fixed<16,6,5,3,0>,config19> | return value |
|ap_return_106  | out |   16| ap_ctrl_hs | pointwise_conv_1d_cl<ap_fixed,ap_fixed<16,6,5,3,0>,config19> | return value |
|ap_return_107  | out |   16| ap_ctrl_hs | pointwise_conv_1d_cl<ap_fixed,ap_fixed<16,6,5,3,0>,config19> | return value |
|ap_return_108  | out |   16| ap_ctrl_hs | pointwise_conv_1d_cl<ap_fixed,ap_fixed<16,6,5,3,0>,config19> | return value |
|ap_return_109  | out |   16| ap_ctrl_hs | pointwise_conv_1d_cl<ap_fixed,ap_fixed<16,6,5,3,0>,config19> | return value |
|ap_return_110  | out |   16| ap_ctrl_hs | pointwise_conv_1d_cl<ap_fixed,ap_fixed<16,6,5,3,0>,config19> | return value |
|ap_return_111  | out |   16| ap_ctrl_hs | pointwise_conv_1d_cl<ap_fixed,ap_fixed<16,6,5,3,0>,config19> | return value |
|ap_return_112  | out |   16| ap_ctrl_hs | pointwise_conv_1d_cl<ap_fixed,ap_fixed<16,6,5,3,0>,config19> | return value |
|ap_return_113  | out |   16| ap_ctrl_hs | pointwise_conv_1d_cl<ap_fixed,ap_fixed<16,6,5,3,0>,config19> | return value |
|ap_return_114  | out |   16| ap_ctrl_hs | pointwise_conv_1d_cl<ap_fixed,ap_fixed<16,6,5,3,0>,config19> | return value |
|ap_return_115  | out |   16| ap_ctrl_hs | pointwise_conv_1d_cl<ap_fixed,ap_fixed<16,6,5,3,0>,config19> | return value |
|ap_return_116  | out |   16| ap_ctrl_hs | pointwise_conv_1d_cl<ap_fixed,ap_fixed<16,6,5,3,0>,config19> | return value |
|ap_return_117  | out |   16| ap_ctrl_hs | pointwise_conv_1d_cl<ap_fixed,ap_fixed<16,6,5,3,0>,config19> | return value |
|ap_return_118  | out |   16| ap_ctrl_hs | pointwise_conv_1d_cl<ap_fixed,ap_fixed<16,6,5,3,0>,config19> | return value |
|ap_return_119  | out |   16| ap_ctrl_hs | pointwise_conv_1d_cl<ap_fixed,ap_fixed<16,6,5,3,0>,config19> | return value |
|ap_return_120  | out |   16| ap_ctrl_hs | pointwise_conv_1d_cl<ap_fixed,ap_fixed<16,6,5,3,0>,config19> | return value |
|ap_return_121  | out |   16| ap_ctrl_hs | pointwise_conv_1d_cl<ap_fixed,ap_fixed<16,6,5,3,0>,config19> | return value |
|ap_return_122  | out |   16| ap_ctrl_hs | pointwise_conv_1d_cl<ap_fixed,ap_fixed<16,6,5,3,0>,config19> | return value |
|ap_return_123  | out |   16| ap_ctrl_hs | pointwise_conv_1d_cl<ap_fixed,ap_fixed<16,6,5,3,0>,config19> | return value |
|ap_return_124  | out |   16| ap_ctrl_hs | pointwise_conv_1d_cl<ap_fixed,ap_fixed<16,6,5,3,0>,config19> | return value |
|ap_return_125  | out |   16| ap_ctrl_hs | pointwise_conv_1d_cl<ap_fixed,ap_fixed<16,6,5,3,0>,config19> | return value |
|ap_return_126  | out |   16| ap_ctrl_hs | pointwise_conv_1d_cl<ap_fixed,ap_fixed<16,6,5,3,0>,config19> | return value |
|ap_return_127  | out |   16| ap_ctrl_hs | pointwise_conv_1d_cl<ap_fixed,ap_fixed<16,6,5,3,0>,config19> | return value |
|ap_return_128  | out |   16| ap_ctrl_hs | pointwise_conv_1d_cl<ap_fixed,ap_fixed<16,6,5,3,0>,config19> | return value |
|ap_return_129  | out |   16| ap_ctrl_hs | pointwise_conv_1d_cl<ap_fixed,ap_fixed<16,6,5,3,0>,config19> | return value |
|ap_return_130  | out |   16| ap_ctrl_hs | pointwise_conv_1d_cl<ap_fixed,ap_fixed<16,6,5,3,0>,config19> | return value |
|ap_return_131  | out |   16| ap_ctrl_hs | pointwise_conv_1d_cl<ap_fixed,ap_fixed<16,6,5,3,0>,config19> | return value |
|ap_return_132  | out |   16| ap_ctrl_hs | pointwise_conv_1d_cl<ap_fixed,ap_fixed<16,6,5,3,0>,config19> | return value |
|ap_return_133  | out |   16| ap_ctrl_hs | pointwise_conv_1d_cl<ap_fixed,ap_fixed<16,6,5,3,0>,config19> | return value |
|ap_return_134  | out |   16| ap_ctrl_hs | pointwise_conv_1d_cl<ap_fixed,ap_fixed<16,6,5,3,0>,config19> | return value |
|ap_return_135  | out |   16| ap_ctrl_hs | pointwise_conv_1d_cl<ap_fixed,ap_fixed<16,6,5,3,0>,config19> | return value |
|ap_return_136  | out |   16| ap_ctrl_hs | pointwise_conv_1d_cl<ap_fixed,ap_fixed<16,6,5,3,0>,config19> | return value |
|ap_return_137  | out |   16| ap_ctrl_hs | pointwise_conv_1d_cl<ap_fixed,ap_fixed<16,6,5,3,0>,config19> | return value |
|ap_return_138  | out |   16| ap_ctrl_hs | pointwise_conv_1d_cl<ap_fixed,ap_fixed<16,6,5,3,0>,config19> | return value |
|ap_return_139  | out |   16| ap_ctrl_hs | pointwise_conv_1d_cl<ap_fixed,ap_fixed<16,6,5,3,0>,config19> | return value |
|ap_return_140  | out |   16| ap_ctrl_hs | pointwise_conv_1d_cl<ap_fixed,ap_fixed<16,6,5,3,0>,config19> | return value |
|ap_return_141  | out |   16| ap_ctrl_hs | pointwise_conv_1d_cl<ap_fixed,ap_fixed<16,6,5,3,0>,config19> | return value |
|ap_return_142  | out |   16| ap_ctrl_hs | pointwise_conv_1d_cl<ap_fixed,ap_fixed<16,6,5,3,0>,config19> | return value |
|ap_return_143  | out |   16| ap_ctrl_hs | pointwise_conv_1d_cl<ap_fixed,ap_fixed<16,6,5,3,0>,config19> | return value |
|ap_return_144  | out |   16| ap_ctrl_hs | pointwise_conv_1d_cl<ap_fixed,ap_fixed<16,6,5,3,0>,config19> | return value |
|ap_return_145  | out |   16| ap_ctrl_hs | pointwise_conv_1d_cl<ap_fixed,ap_fixed<16,6,5,3,0>,config19> | return value |
|ap_return_146  | out |   16| ap_ctrl_hs | pointwise_conv_1d_cl<ap_fixed,ap_fixed<16,6,5,3,0>,config19> | return value |
|ap_return_147  | out |   16| ap_ctrl_hs | pointwise_conv_1d_cl<ap_fixed,ap_fixed<16,6,5,3,0>,config19> | return value |
|ap_return_148  | out |   16| ap_ctrl_hs | pointwise_conv_1d_cl<ap_fixed,ap_fixed<16,6,5,3,0>,config19> | return value |
|ap_return_149  | out |   16| ap_ctrl_hs | pointwise_conv_1d_cl<ap_fixed,ap_fixed<16,6,5,3,0>,config19> | return value |
|ap_return_150  | out |   16| ap_ctrl_hs | pointwise_conv_1d_cl<ap_fixed,ap_fixed<16,6,5,3,0>,config19> | return value |
|ap_return_151  | out |   16| ap_ctrl_hs | pointwise_conv_1d_cl<ap_fixed,ap_fixed<16,6,5,3,0>,config19> | return value |
|ap_return_152  | out |   16| ap_ctrl_hs | pointwise_conv_1d_cl<ap_fixed,ap_fixed<16,6,5,3,0>,config19> | return value |
|ap_return_153  | out |   16| ap_ctrl_hs | pointwise_conv_1d_cl<ap_fixed,ap_fixed<16,6,5,3,0>,config19> | return value |
|ap_return_154  | out |   16| ap_ctrl_hs | pointwise_conv_1d_cl<ap_fixed,ap_fixed<16,6,5,3,0>,config19> | return value |
|ap_return_155  | out |   16| ap_ctrl_hs | pointwise_conv_1d_cl<ap_fixed,ap_fixed<16,6,5,3,0>,config19> | return value |
|ap_return_156  | out |   16| ap_ctrl_hs | pointwise_conv_1d_cl<ap_fixed,ap_fixed<16,6,5,3,0>,config19> | return value |
|ap_return_157  | out |   16| ap_ctrl_hs | pointwise_conv_1d_cl<ap_fixed,ap_fixed<16,6,5,3,0>,config19> | return value |
|ap_return_158  | out |   16| ap_ctrl_hs | pointwise_conv_1d_cl<ap_fixed,ap_fixed<16,6,5,3,0>,config19> | return value |
|ap_return_159  | out |   16| ap_ctrl_hs | pointwise_conv_1d_cl<ap_fixed,ap_fixed<16,6,5,3,0>,config19> | return value |
|ap_return_160  | out |   16| ap_ctrl_hs | pointwise_conv_1d_cl<ap_fixed,ap_fixed<16,6,5,3,0>,config19> | return value |
|ap_return_161  | out |   16| ap_ctrl_hs | pointwise_conv_1d_cl<ap_fixed,ap_fixed<16,6,5,3,0>,config19> | return value |
|ap_return_162  | out |   16| ap_ctrl_hs | pointwise_conv_1d_cl<ap_fixed,ap_fixed<16,6,5,3,0>,config19> | return value |
|ap_return_163  | out |   16| ap_ctrl_hs | pointwise_conv_1d_cl<ap_fixed,ap_fixed<16,6,5,3,0>,config19> | return value |
|ap_return_164  | out |   16| ap_ctrl_hs | pointwise_conv_1d_cl<ap_fixed,ap_fixed<16,6,5,3,0>,config19> | return value |
|ap_return_165  | out |   16| ap_ctrl_hs | pointwise_conv_1d_cl<ap_fixed,ap_fixed<16,6,5,3,0>,config19> | return value |
|ap_return_166  | out |   16| ap_ctrl_hs | pointwise_conv_1d_cl<ap_fixed,ap_fixed<16,6,5,3,0>,config19> | return value |
|ap_return_167  | out |   16| ap_ctrl_hs | pointwise_conv_1d_cl<ap_fixed,ap_fixed<16,6,5,3,0>,config19> | return value |
|ap_return_168  | out |   16| ap_ctrl_hs | pointwise_conv_1d_cl<ap_fixed,ap_fixed<16,6,5,3,0>,config19> | return value |
|ap_return_169  | out |   16| ap_ctrl_hs | pointwise_conv_1d_cl<ap_fixed,ap_fixed<16,6,5,3,0>,config19> | return value |
|ap_return_170  | out |   16| ap_ctrl_hs | pointwise_conv_1d_cl<ap_fixed,ap_fixed<16,6,5,3,0>,config19> | return value |
|ap_return_171  | out |   16| ap_ctrl_hs | pointwise_conv_1d_cl<ap_fixed,ap_fixed<16,6,5,3,0>,config19> | return value |
|ap_return_172  | out |   16| ap_ctrl_hs | pointwise_conv_1d_cl<ap_fixed,ap_fixed<16,6,5,3,0>,config19> | return value |
|ap_return_173  | out |   16| ap_ctrl_hs | pointwise_conv_1d_cl<ap_fixed,ap_fixed<16,6,5,3,0>,config19> | return value |
|ap_return_174  | out |   16| ap_ctrl_hs | pointwise_conv_1d_cl<ap_fixed,ap_fixed<16,6,5,3,0>,config19> | return value |
|ap_return_175  | out |   16| ap_ctrl_hs | pointwise_conv_1d_cl<ap_fixed,ap_fixed<16,6,5,3,0>,config19> | return value |
|ap_return_176  | out |   16| ap_ctrl_hs | pointwise_conv_1d_cl<ap_fixed,ap_fixed<16,6,5,3,0>,config19> | return value |
|ap_return_177  | out |   16| ap_ctrl_hs | pointwise_conv_1d_cl<ap_fixed,ap_fixed<16,6,5,3,0>,config19> | return value |
|ap_return_178  | out |   16| ap_ctrl_hs | pointwise_conv_1d_cl<ap_fixed,ap_fixed<16,6,5,3,0>,config19> | return value |
|ap_return_179  | out |   16| ap_ctrl_hs | pointwise_conv_1d_cl<ap_fixed,ap_fixed<16,6,5,3,0>,config19> | return value |
|ap_return_180  | out |   16| ap_ctrl_hs | pointwise_conv_1d_cl<ap_fixed,ap_fixed<16,6,5,3,0>,config19> | return value |
|ap_return_181  | out |   16| ap_ctrl_hs | pointwise_conv_1d_cl<ap_fixed,ap_fixed<16,6,5,3,0>,config19> | return value |
|ap_return_182  | out |   16| ap_ctrl_hs | pointwise_conv_1d_cl<ap_fixed,ap_fixed<16,6,5,3,0>,config19> | return value |
|ap_return_183  | out |   16| ap_ctrl_hs | pointwise_conv_1d_cl<ap_fixed,ap_fixed<16,6,5,3,0>,config19> | return value |
|ap_return_184  | out |   16| ap_ctrl_hs | pointwise_conv_1d_cl<ap_fixed,ap_fixed<16,6,5,3,0>,config19> | return value |
|ap_return_185  | out |   16| ap_ctrl_hs | pointwise_conv_1d_cl<ap_fixed,ap_fixed<16,6,5,3,0>,config19> | return value |
|ap_return_186  | out |   16| ap_ctrl_hs | pointwise_conv_1d_cl<ap_fixed,ap_fixed<16,6,5,3,0>,config19> | return value |
|ap_return_187  | out |   16| ap_ctrl_hs | pointwise_conv_1d_cl<ap_fixed,ap_fixed<16,6,5,3,0>,config19> | return value |
|ap_return_188  | out |   16| ap_ctrl_hs | pointwise_conv_1d_cl<ap_fixed,ap_fixed<16,6,5,3,0>,config19> | return value |
|ap_return_189  | out |   16| ap_ctrl_hs | pointwise_conv_1d_cl<ap_fixed,ap_fixed<16,6,5,3,0>,config19> | return value |
|ap_return_190  | out |   16| ap_ctrl_hs | pointwise_conv_1d_cl<ap_fixed,ap_fixed<16,6,5,3,0>,config19> | return value |
|ap_return_191  | out |   16| ap_ctrl_hs | pointwise_conv_1d_cl<ap_fixed,ap_fixed<16,6,5,3,0>,config19> | return value |
|ap_return_192  | out |   16| ap_ctrl_hs | pointwise_conv_1d_cl<ap_fixed,ap_fixed<16,6,5,3,0>,config19> | return value |
|ap_return_193  | out |   16| ap_ctrl_hs | pointwise_conv_1d_cl<ap_fixed,ap_fixed<16,6,5,3,0>,config19> | return value |
|ap_return_194  | out |   16| ap_ctrl_hs | pointwise_conv_1d_cl<ap_fixed,ap_fixed<16,6,5,3,0>,config19> | return value |
|ap_return_195  | out |   16| ap_ctrl_hs | pointwise_conv_1d_cl<ap_fixed,ap_fixed<16,6,5,3,0>,config19> | return value |
|ap_return_196  | out |   16| ap_ctrl_hs | pointwise_conv_1d_cl<ap_fixed,ap_fixed<16,6,5,3,0>,config19> | return value |
|ap_return_197  | out |   16| ap_ctrl_hs | pointwise_conv_1d_cl<ap_fixed,ap_fixed<16,6,5,3,0>,config19> | return value |
|ap_return_198  | out |   16| ap_ctrl_hs | pointwise_conv_1d_cl<ap_fixed,ap_fixed<16,6,5,3,0>,config19> | return value |
|ap_return_199  | out |   16| ap_ctrl_hs | pointwise_conv_1d_cl<ap_fixed,ap_fixed<16,6,5,3,0>,config19> | return value |
|ap_return_200  | out |   16| ap_ctrl_hs | pointwise_conv_1d_cl<ap_fixed,ap_fixed<16,6,5,3,0>,config19> | return value |
|ap_return_201  | out |   16| ap_ctrl_hs | pointwise_conv_1d_cl<ap_fixed,ap_fixed<16,6,5,3,0>,config19> | return value |
|ap_return_202  | out |   16| ap_ctrl_hs | pointwise_conv_1d_cl<ap_fixed,ap_fixed<16,6,5,3,0>,config19> | return value |
|ap_return_203  | out |   16| ap_ctrl_hs | pointwise_conv_1d_cl<ap_fixed,ap_fixed<16,6,5,3,0>,config19> | return value |
|ap_return_204  | out |   16| ap_ctrl_hs | pointwise_conv_1d_cl<ap_fixed,ap_fixed<16,6,5,3,0>,config19> | return value |
|ap_return_205  | out |   16| ap_ctrl_hs | pointwise_conv_1d_cl<ap_fixed,ap_fixed<16,6,5,3,0>,config19> | return value |
|ap_return_206  | out |   16| ap_ctrl_hs | pointwise_conv_1d_cl<ap_fixed,ap_fixed<16,6,5,3,0>,config19> | return value |
|ap_return_207  | out |   16| ap_ctrl_hs | pointwise_conv_1d_cl<ap_fixed,ap_fixed<16,6,5,3,0>,config19> | return value |
|ap_return_208  | out |   16| ap_ctrl_hs | pointwise_conv_1d_cl<ap_fixed,ap_fixed<16,6,5,3,0>,config19> | return value |
|ap_return_209  | out |   16| ap_ctrl_hs | pointwise_conv_1d_cl<ap_fixed,ap_fixed<16,6,5,3,0>,config19> | return value |
|ap_return_210  | out |   16| ap_ctrl_hs | pointwise_conv_1d_cl<ap_fixed,ap_fixed<16,6,5,3,0>,config19> | return value |
|ap_return_211  | out |   16| ap_ctrl_hs | pointwise_conv_1d_cl<ap_fixed,ap_fixed<16,6,5,3,0>,config19> | return value |
|ap_return_212  | out |   16| ap_ctrl_hs | pointwise_conv_1d_cl<ap_fixed,ap_fixed<16,6,5,3,0>,config19> | return value |
|ap_return_213  | out |   16| ap_ctrl_hs | pointwise_conv_1d_cl<ap_fixed,ap_fixed<16,6,5,3,0>,config19> | return value |
|ap_return_214  | out |   16| ap_ctrl_hs | pointwise_conv_1d_cl<ap_fixed,ap_fixed<16,6,5,3,0>,config19> | return value |
|ap_return_215  | out |   16| ap_ctrl_hs | pointwise_conv_1d_cl<ap_fixed,ap_fixed<16,6,5,3,0>,config19> | return value |
|ap_return_216  | out |   16| ap_ctrl_hs | pointwise_conv_1d_cl<ap_fixed,ap_fixed<16,6,5,3,0>,config19> | return value |
|ap_return_217  | out |   16| ap_ctrl_hs | pointwise_conv_1d_cl<ap_fixed,ap_fixed<16,6,5,3,0>,config19> | return value |
|ap_return_218  | out |   16| ap_ctrl_hs | pointwise_conv_1d_cl<ap_fixed,ap_fixed<16,6,5,3,0>,config19> | return value |
|ap_return_219  | out |   16| ap_ctrl_hs | pointwise_conv_1d_cl<ap_fixed,ap_fixed<16,6,5,3,0>,config19> | return value |
|ap_return_220  | out |   16| ap_ctrl_hs | pointwise_conv_1d_cl<ap_fixed,ap_fixed<16,6,5,3,0>,config19> | return value |
|ap_return_221  | out |   16| ap_ctrl_hs | pointwise_conv_1d_cl<ap_fixed,ap_fixed<16,6,5,3,0>,config19> | return value |
|ap_return_222  | out |   16| ap_ctrl_hs | pointwise_conv_1d_cl<ap_fixed,ap_fixed<16,6,5,3,0>,config19> | return value |
|ap_return_223  | out |   16| ap_ctrl_hs | pointwise_conv_1d_cl<ap_fixed,ap_fixed<16,6,5,3,0>,config19> | return value |
|ap_return_224  | out |   16| ap_ctrl_hs | pointwise_conv_1d_cl<ap_fixed,ap_fixed<16,6,5,3,0>,config19> | return value |
|ap_return_225  | out |   16| ap_ctrl_hs | pointwise_conv_1d_cl<ap_fixed,ap_fixed<16,6,5,3,0>,config19> | return value |
|ap_return_226  | out |   16| ap_ctrl_hs | pointwise_conv_1d_cl<ap_fixed,ap_fixed<16,6,5,3,0>,config19> | return value |
|ap_return_227  | out |   16| ap_ctrl_hs | pointwise_conv_1d_cl<ap_fixed,ap_fixed<16,6,5,3,0>,config19> | return value |
|ap_return_228  | out |   16| ap_ctrl_hs | pointwise_conv_1d_cl<ap_fixed,ap_fixed<16,6,5,3,0>,config19> | return value |
|ap_return_229  | out |   16| ap_ctrl_hs | pointwise_conv_1d_cl<ap_fixed,ap_fixed<16,6,5,3,0>,config19> | return value |
|ap_return_230  | out |   16| ap_ctrl_hs | pointwise_conv_1d_cl<ap_fixed,ap_fixed<16,6,5,3,0>,config19> | return value |
|ap_return_231  | out |   16| ap_ctrl_hs | pointwise_conv_1d_cl<ap_fixed,ap_fixed<16,6,5,3,0>,config19> | return value |
|ap_return_232  | out |   16| ap_ctrl_hs | pointwise_conv_1d_cl<ap_fixed,ap_fixed<16,6,5,3,0>,config19> | return value |
|ap_return_233  | out |   16| ap_ctrl_hs | pointwise_conv_1d_cl<ap_fixed,ap_fixed<16,6,5,3,0>,config19> | return value |
|ap_return_234  | out |   16| ap_ctrl_hs | pointwise_conv_1d_cl<ap_fixed,ap_fixed<16,6,5,3,0>,config19> | return value |
|ap_return_235  | out |   16| ap_ctrl_hs | pointwise_conv_1d_cl<ap_fixed,ap_fixed<16,6,5,3,0>,config19> | return value |
|ap_return_236  | out |   16| ap_ctrl_hs | pointwise_conv_1d_cl<ap_fixed,ap_fixed<16,6,5,3,0>,config19> | return value |
|ap_return_237  | out |   16| ap_ctrl_hs | pointwise_conv_1d_cl<ap_fixed,ap_fixed<16,6,5,3,0>,config19> | return value |
|ap_return_238  | out |   16| ap_ctrl_hs | pointwise_conv_1d_cl<ap_fixed,ap_fixed<16,6,5,3,0>,config19> | return value |
|ap_return_239  | out |   16| ap_ctrl_hs | pointwise_conv_1d_cl<ap_fixed,ap_fixed<16,6,5,3,0>,config19> | return value |
|ap_return_240  | out |   16| ap_ctrl_hs | pointwise_conv_1d_cl<ap_fixed,ap_fixed<16,6,5,3,0>,config19> | return value |
|ap_return_241  | out |   16| ap_ctrl_hs | pointwise_conv_1d_cl<ap_fixed,ap_fixed<16,6,5,3,0>,config19> | return value |
|ap_return_242  | out |   16| ap_ctrl_hs | pointwise_conv_1d_cl<ap_fixed,ap_fixed<16,6,5,3,0>,config19> | return value |
|ap_return_243  | out |   16| ap_ctrl_hs | pointwise_conv_1d_cl<ap_fixed,ap_fixed<16,6,5,3,0>,config19> | return value |
|ap_return_244  | out |   16| ap_ctrl_hs | pointwise_conv_1d_cl<ap_fixed,ap_fixed<16,6,5,3,0>,config19> | return value |
|ap_return_245  | out |   16| ap_ctrl_hs | pointwise_conv_1d_cl<ap_fixed,ap_fixed<16,6,5,3,0>,config19> | return value |
|ap_return_246  | out |   16| ap_ctrl_hs | pointwise_conv_1d_cl<ap_fixed,ap_fixed<16,6,5,3,0>,config19> | return value |
|ap_return_247  | out |   16| ap_ctrl_hs | pointwise_conv_1d_cl<ap_fixed,ap_fixed<16,6,5,3,0>,config19> | return value |
|ap_return_248  | out |   16| ap_ctrl_hs | pointwise_conv_1d_cl<ap_fixed,ap_fixed<16,6,5,3,0>,config19> | return value |
|ap_return_249  | out |   16| ap_ctrl_hs | pointwise_conv_1d_cl<ap_fixed,ap_fixed<16,6,5,3,0>,config19> | return value |
|ap_return_250  | out |   16| ap_ctrl_hs | pointwise_conv_1d_cl<ap_fixed,ap_fixed<16,6,5,3,0>,config19> | return value |
|ap_return_251  | out |   16| ap_ctrl_hs | pointwise_conv_1d_cl<ap_fixed,ap_fixed<16,6,5,3,0>,config19> | return value |
|ap_return_252  | out |   16| ap_ctrl_hs | pointwise_conv_1d_cl<ap_fixed,ap_fixed<16,6,5,3,0>,config19> | return value |
|ap_return_253  | out |   16| ap_ctrl_hs | pointwise_conv_1d_cl<ap_fixed,ap_fixed<16,6,5,3,0>,config19> | return value |
|ap_return_254  | out |   16| ap_ctrl_hs | pointwise_conv_1d_cl<ap_fixed,ap_fixed<16,6,5,3,0>,config19> | return value |
|ap_return_255  | out |   16| ap_ctrl_hs | pointwise_conv_1d_cl<ap_fixed,ap_fixed<16,6,5,3,0>,config19> | return value |
|data_V         |  in |  288|   ap_vld   |                            data_V                            |    pointer   |
|data_V_ap_vld  |  in |    1|   ap_vld   |                            data_V                            |    pointer   |
+---------------+-----+-----+------------+--------------------------------------------------------------+--------------+

