

================================================================
== Vivado HLS Report for 'dense_latency_ap_ufixed_ap_fixed_16_6_5_3_0_config16_0_0_0_0_0_0'
================================================================
* Date:           Thu Nov  2 21:48:40 2023

* Version:        2020.1 (Build 2897737 on Wed May 27 20:21:37 MDT 2020)
* Project:        myproject_prj
* Solution:       solution1
* Product family: virtexuplus
* Target device:  xcvu13p-flga2577-2-e


================================================================
== Performance Estimates
================================================================
+ Timing: 
    * Summary: 
    +--------+---------+----------+------------+
    |  Clock |  Target | Estimated| Uncertainty|
    +--------+---------+----------+------------+
    |ap_clk  | 5.00 ns | 4.141 ns |   0.62 ns  |
    +--------+---------+----------+------------+

+ Latency: 
    * Summary: 
    +---------+---------+----------+----------+-----+-----+----------+
    |  Latency (cycles) |  Latency (absolute) |  Interval | Pipeline |
    |   min   |   max   |    min   |    max   | min | max |   Type   |
    +---------+---------+----------+----------+-----+-----+----------+
    |        1|        1| 5.000 ns | 5.000 ns |    1|    1| function |
    +---------+---------+----------+----------+-----+-----+----------+

    + Detail: 
        * Instance: 
        N/A

        * Loop: 
        N/A



================================================================
== Utilization Estimates
================================================================
* Summary: 
+---------------------+---------+-------+---------+---------+------+
|         Name        | BRAM_18K| DSP48E|    FF   |   LUT   | URAM |
+---------------------+---------+-------+---------+---------+------+
|DSP                  |        -|      -|        -|        -|     -|
|Expression           |        -|     80|        0|     7588|     -|
|FIFO                 |        -|      -|        -|        -|     -|
|Instance             |        -|      -|        -|        -|     -|
|Memory               |        -|      -|        -|        -|     -|
|Multiplexer          |        -|      -|        -|       54|     -|
|Register             |        -|      -|      519|        -|     -|
+---------------------+---------+-------+---------+---------+------+
|Total                |        0|     80|      519|     7642|     0|
+---------------------+---------+-------+---------+---------+------+
|Available SLR        |     1344|   3072|   864000|   432000|   320|
+---------------------+---------+-------+---------+---------+------+
|Utilization SLR (%)  |        0|      2|    ~0   |        1|     0|
+---------------------+---------+-------+---------+---------+------+
|Available            |     5376|  12288|  3456000|  1728000|  1280|
+---------------------+---------+-------+---------+---------+------+
|Utilization (%)      |        0|   ~0  |    ~0   |    ~0   |     0|
+---------------------+---------+-------+---------+---------+------+

+ Detail: 
    * Instance: 
    N/A

    * DSP48E: 
    N/A

    * Memory: 
    N/A

    * FIFO: 
    N/A

    * Expression: 
    +----------------------------------+----------+-------+---+----+------------+------------+
    |           Variable Name          | Operation| DSP48E| FF| LUT| Bitwidth P0| Bitwidth P1|
    +----------------------------------+----------+-------+---+----+------------+------------+
    |mul_ln1118_672_fu_725_p2          |     *    |      1|  0|   6|           8|          11|
    |mul_ln1118_673_fu_703_p2          |     *    |      1|  0|   9|           8|          12|
    |mul_ln1118_674_fu_704_p2          |     *    |      1|  0|   8|           8|          13|
    |mul_ln1118_675_fu_738_p2          |     *    |      0|  0|  62|           8|          10|
    |mul_ln1118_676_fu_682_p2          |     *    |      1|  0|   6|           8|          11|
    |mul_ln1118_677_fu_798_p2          |     *    |      0|  0|  49|           8|           9|
    |mul_ln1118_678_fu_706_p2          |     *    |      0|  0|  62|           8|          10|
    |mul_ln1118_679_fu_724_p2          |     *    |      1|  0|   9|           8|          12|
    |mul_ln1118_680_fu_808_p2          |     *    |      0|  0|  49|           8|           9|
    |mul_ln1118_681_fu_717_p2          |     *    |      0|  0|  40|           8|           5|
    |mul_ln1118_682_fu_764_p2          |     *    |      1|  0|   7|           8|          14|
    |mul_ln1118_683_fu_673_p2          |     *    |      1|  0|   8|           8|          13|
    |mul_ln1118_684_fu_674_p2          |     *    |      1|  0|   6|           8|          11|
    |mul_ln1118_685_fu_800_p2          |     *    |      1|  0|   6|           8|          11|
    |mul_ln1118_686_fu_700_p2          |     *    |      1|  0|   6|           8|          11|
    |mul_ln1118_687_fu_770_p2          |     *    |      1|  0|   7|           8|          14|
    |mul_ln1118_688_fu_686_p2          |     *    |      1|  0|   9|           8|          12|
    |mul_ln1118_689_fu_701_p2          |     *    |      0|  0|  49|           8|           9|
    |mul_ln1118_690_fu_788_p2          |     *    |      1|  0|   8|           8|          13|
    |mul_ln1118_691_fu_681_p2          |     *    |      1|  0|   6|           8|          11|
    |mul_ln1118_692_fu_803_p2          |     *    |      1|  0|   6|           8|          11|
    |mul_ln1118_693_fu_712_p2          |     *    |      1|  0|   6|           8|          11|
    |mul_ln1118_694_fu_736_p2          |     *    |      1|  0|   9|           8|          12|
    |mul_ln1118_695_fu_766_p2          |     *    |      1|  0|   6|           8|          11|
    |mul_ln1118_696_fu_677_p2          |     *    |      0|  0|  40|           8|           8|
    |mul_ln1118_697_fu_730_p2          |     *    |      0|  0|  62|           8|          10|
    |mul_ln1118_698_fu_805_p2          |     *    |      0|  0|  62|           8|          10|
    |mul_ln1118_699_fu_811_p2          |     *    |      0|  0|  40|           8|           8|
    |mul_ln1118_700_fu_698_p2          |     *    |      1|  0|   9|           8|          12|
    |mul_ln1118_701_fu_745_p2          |     *    |      0|  0|  62|           8|          10|
    |mul_ln1118_702_fu_792_p2          |     *    |      1|  0|   6|           8|          11|
    |mul_ln1118_703_fu_816_p2          |     *    |      1|  0|   7|           8|          14|
    |mul_ln1118_704_fu_702_p2          |     *    |      0|  0|  62|           8|          10|
    |mul_ln1118_705_fu_772_p2          |     *    |      0|  0|  40|           8|           7|
    |mul_ln1118_706_fu_821_p2          |     *    |      1|  0|   6|           8|          11|
    |mul_ln1118_707_fu_781_p2          |     *    |      1|  0|   6|           8|          11|
    |mul_ln1118_708_fu_676_p2          |     *    |      1|  0|   6|           8|          11|
    |mul_ln1118_709_fu_707_p2          |     *    |      1|  0|   6|           8|          11|
    |mul_ln1118_710_fu_689_p2          |     *    |      0|  0|  62|           8|          10|
    |mul_ln1118_711_fu_680_p2          |     *    |      1|  0|   8|           8|          13|
    |mul_ln1118_712_fu_785_p2          |     *    |      1|  0|   6|           8|          11|
    |mul_ln1118_713_fu_671_p2          |     *    |      0|  0|  62|           8|          10|
    |mul_ln1118_714_fu_787_p2          |     *    |      1|  0|   6|           8|          11|
    |mul_ln1118_715_fu_777_p2          |     *    |      1|  0|   9|           8|          12|
    |mul_ln1118_716_fu_789_p2          |     *    |      1|  0|   6|           8|          11|
    |mul_ln1118_717_fu_825_p2          |     *    |      1|  0|   8|           8|          13|
    |mul_ln1118_718_fu_818_p2          |     *    |      1|  0|   8|           8|          13|
    |mul_ln1118_719_fu_822_p2          |     *    |      1|  0|   6|           8|          11|
    |mul_ln1118_720_fu_804_p2          |     *    |      1|  0|   6|           8|          11|
    |mul_ln1118_721_fu_824_p2          |     *    |      0|  0|  49|           8|           9|
    |mul_ln1118_722_fu_779_p2          |     *    |      0|  0|  40|           8|           7|
    |mul_ln1118_723_fu_757_p2          |     *    |      1|  0|   6|           8|          11|
    |mul_ln1118_724_fu_695_p2          |     *    |      1|  0|   9|           8|          12|
    |mul_ln1118_725_fu_817_p2          |     *    |      1|  0|   9|           8|          12|
    |mul_ln1118_726_fu_760_p2          |     *    |      0|  0|  62|           8|          10|
    |mul_ln1118_727_fu_685_p2          |     *    |      1|  0|   9|           8|          12|
    |mul_ln1118_728_fu_809_p2          |     *    |      1|  0|   6|           8|          11|
    |mul_ln1118_729_fu_742_p2          |     *    |      1|  0|   6|           8|          11|
    |mul_ln1118_730_fu_828_p2          |     *    |      0|  0|  62|           8|          10|
    |mul_ln1118_731_fu_786_p2          |     *    |      1|  0|   6|           8|          11|
    |mul_ln1118_732_fu_720_p2          |     *    |      1|  0|   7|           8|          14|
    |mul_ln1118_733_fu_796_p2          |     *    |      1|  0|   9|           8|          12|
    |mul_ln1118_734_fu_797_p2          |     *    |      0|  0|  49|           8|           9|
    |mul_ln1118_735_fu_683_p2          |     *    |      0|  0|  62|           8|          10|
    |mul_ln1118_736_fu_776_p2          |     *    |      1|  0|   6|           8|          11|
    |mul_ln1118_737_fu_783_p2          |     *    |      1|  0|   7|           8|          14|
    |mul_ln1118_738_fu_729_p2          |     *    |      0|  0|  62|           8|          10|
    |mul_ln1118_739_fu_711_p2          |     *    |      0|  0|  40|           8|           8|
    |mul_ln1118_740_fu_693_p2          |     *    |      0|  0|  62|           8|          10|
    |mul_ln1118_741_fu_708_p2          |     *    |      1|  0|   6|           8|          11|
    |mul_ln1118_742_fu_750_p2          |     *    |      1|  0|   9|           8|          12|
    |mul_ln1118_743_fu_743_p2          |     *    |      1|  0|   9|           8|          12|
    |mul_ln1118_744_fu_814_p2          |     *    |      1|  0|   6|           8|          11|
    |mul_ln1118_745_fu_723_p2          |     *    |      0|  0|  62|           8|          10|
    |mul_ln1118_746_fu_747_p2          |     *    |      1|  0|   8|           8|          13|
    |mul_ln1118_747_fu_794_p2          |     *    |      1|  0|   8|           8|          13|
    |mul_ln1118_748_fu_751_p2          |     *    |      0|  0|  49|           8|           9|
    |mul_ln1118_749_fu_815_p2          |     *    |      0|  0|  49|           8|           9|
    |mul_ln1118_750_fu_748_p2          |     *    |      0|  0|  62|           8|          10|
    |mul_ln1118_751_fu_806_p2          |     *    |      0|  0|  62|           8|          10|
    |mul_ln1118_752_fu_715_p2          |     *    |      1|  0|   9|           8|          12|
    |mul_ln1118_753_fu_739_p2          |     *    |      0|  0|  62|           8|          10|
    |mul_ln1118_754_fu_694_p2          |     *    |      0|  0|  62|           8|          10|
    |mul_ln1118_755_fu_810_p2          |     *    |      0|  0|  49|           8|           9|
    |mul_ln1118_756_fu_765_p2          |     *    |      0|  0|  49|           8|           9|
    |mul_ln1118_757_fu_790_p2          |     *    |      0|  0|  49|           8|           9|
    |mul_ln1118_758_fu_728_p2          |     *    |      0|  0|  62|           8|          10|
    |mul_ln1118_759_fu_714_p2          |     *    |      0|  0|  62|           8|          10|
    |mul_ln1118_760_fu_710_p2          |     *    |      0|  0|  49|           8|           9|
    |mul_ln1118_761_fu_823_p2          |     *    |      1|  0|   9|           8|          12|
    |mul_ln1118_762_fu_778_p2          |     *    |      1|  0|   6|           8|          11|
    |mul_ln1118_763_fu_687_p2          |     *    |      1|  0|   8|           8|          13|
    |mul_ln1118_764_fu_769_p2          |     *    |      1|  0|   9|           8|          12|
    |mul_ln1118_765_fu_735_p2          |     *    |      0|  0|  49|           8|           9|
    |mul_ln1118_766_fu_752_p2          |     *    |      1|  0|   6|           8|          11|
    |mul_ln1118_767_fu_719_p2          |     *    |      1|  0|   9|           8|          12|
    |mul_ln1118_768_fu_690_p2          |     *    |      1|  0|   9|           8|          12|
    |mul_ln1118_769_fu_754_p2          |     *    |      0|  0|  49|           8|           9|
    |mul_ln1118_770_fu_758_p2          |     *    |      1|  0|   9|           8|          12|
    |mul_ln1118_771_fu_762_p2          |     *    |      0|  0|  62|           8|          10|
    |mul_ln1118_772_fu_759_p2          |     *    |      1|  0|   6|           8|          11|
    |mul_ln1118_773_fu_709_p2          |     *    |      0|  0|  62|           8|          10|
    |mul_ln1118_774_fu_727_p2          |     *    |      0|  0|  40|           8|           8|
    |mul_ln1118_775_fu_775_p2          |     *    |      1|  0|   7|           8|          14|
    |mul_ln1118_776_fu_684_p2          |     *    |      1|  0|   6|           8|          11|
    |mul_ln1118_777_fu_812_p2          |     *    |      0|  0|  49|           8|           9|
    |mul_ln1118_778_fu_734_p2          |     *    |      0|  0|  49|           8|           9|
    |mul_ln1118_779_fu_749_p2          |     *    |      0|  0|  62|           8|          10|
    |mul_ln1118_780_fu_753_p2          |     *    |      0|  0|  49|           8|           9|
    |mul_ln1118_781_fu_713_p2          |     *    |      0|  0|  62|           8|          10|
    |mul_ln1118_782_fu_782_p2          |     *    |      0|  0|  62|           8|          10|
    |mul_ln1118_783_fu_697_p2          |     *    |      1|  0|   6|           8|          11|
    |mul_ln1118_784_fu_767_p2          |     *    |      1|  0|   6|           8|          11|
    |mul_ln1118_785_fu_791_p2          |     *    |      1|  0|   6|           8|          15|
    |mul_ln1118_786_fu_746_p2          |     *    |      1|  0|   8|           8|          13|
    |mul_ln1118_787_fu_678_p2          |     *    |      0|  0|  62|           8|          10|
    |mul_ln1118_788_fu_679_p2          |     *    |      0|  0|  49|           8|           9|
    |mul_ln1118_789_fu_696_p2          |     *    |      0|  0|  62|           8|          10|
    |mul_ln1118_790_fu_771_p2          |     *    |      1|  0|   8|           8|          13|
    |mul_ln1118_791_fu_726_p2          |     *    |      0|  0|  62|           8|          10|
    |mul_ln1118_792_fu_768_p2          |     *    |      0|  0|  49|           8|           9|
    |mul_ln1118_793_fu_705_p2          |     *    |      1|  0|   8|           8|          13|
    |mul_ln1118_794_fu_737_p2          |     *    |      1|  0|   7|           8|          14|
    |mul_ln1118_795_fu_807_p2          |     *    |      1|  0|   6|           8|          11|
    |mul_ln1118_796_fu_716_p2          |     *    |      0|  0|  49|           8|           9|
    |mul_ln1118_797_fu_763_p2          |     *    |      0|  0|  62|           8|          10|
    |mul_ln1118_798_fu_718_p2          |     *    |      0|  0|  62|           8|          10|
    |mul_ln1118_799_fu_744_p2          |     *    |      1|  0|   9|           8|          12|
    |mul_ln1118_800_fu_819_p2          |     *    |      1|  0|   8|           8|          13|
    |mul_ln1118_801_fu_741_p2          |     *    |      1|  0|   6|           8|          11|
    |mul_ln1118_802_fu_675_p2          |     *    |      1|  0|   6|           8|          11|
    |mul_ln1118_803_fu_731_p2          |     *    |      0|  0|  62|           8|          10|
    |mul_ln1118_804_fu_732_p2          |     *    |      0|  0|  40|           8|           6|
    |mul_ln1118_805_fu_756_p2          |     *    |      1|  0|   8|           8|          13|
    |mul_ln1118_806_fu_780_p2          |     *    |      1|  0|   7|           8|          14|
    |mul_ln1118_807_fu_827_p2          |     *    |      0|  0|  62|           8|          10|
    |mul_ln1118_808_fu_802_p2          |     *    |      1|  0|   6|           8|          11|
    |mul_ln1118_809_fu_795_p2          |     *    |      0|  0|  40|           8|           7|
    |mul_ln1118_810_fu_799_p2          |     *    |      1|  0|   6|           8|          11|
    |mul_ln1118_811_fu_672_p2          |     *    |      0|  0|  49|           8|           9|
    |mul_ln1118_812_fu_688_p2          |     *    |      1|  0|   9|           8|          12|
    |mul_ln1118_fu_793_p2              |     *    |      0|  0|  62|           8|          10|
    |mul_ln708_173_fu_692_p2           |     *    |      0|  0|  40|           8|           7|
    |mul_ln708_174_fu_761_p2           |     *    |      0|  0|  40|           8|           5|
    |mul_ln708_175_fu_813_p2           |     *    |      0|  0|  40|           8|           8|
    |mul_ln708_176_fu_801_p2           |     *    |      0|  0|  40|           8|           8|
    |mul_ln708_177_fu_826_p2           |     *    |      0|  0|  40|           8|           8|
    |mul_ln708_178_fu_721_p2           |     *    |      0|  0|  40|           8|           6|
    |mul_ln708_179_fu_774_p2           |     *    |      0|  0|  40|           8|           5|
    |mul_ln708_180_fu_829_p2           |     *    |      0|  0|  40|           8|           8|
    |mul_ln708_181_fu_740_p2           |     *    |      0|  0|  40|           8|           7|
    |mul_ln708_fu_691_p2               |     *    |      0|  0|  40|           8|           6|
    |acc_1_V_fu_103422_p2              |     +    |      0|  0|  17|          16|          16|
    |acc_2_V_fu_103475_p2              |     +    |      0|  0|  17|          16|          16|
    |acc_3_V_fu_103545_p2              |     +    |      0|  0|  17|          16|          16|
    |acc_4_V_fu_103605_p2              |     +    |      0|  0|  23|          16|          16|
    |add_ln1118_fu_99257_p2            |     +    |      0|  0|  28|          21|          21|
    |add_ln703_4411_fu_102205_p2       |     +    |      0|  0|  17|          12|          12|
    |add_ln703_4412_fu_102211_p2       |     +    |      0|  0|  18|          11|          10|
    |add_ln703_4413_fu_102221_p2       |     +    |      0|  0|  20|          13|          13|
    |add_ln703_4414_fu_102231_p2       |     +    |      0|  0|  17|          10|           9|
    |add_ln703_4415_fu_102241_p2       |     +    |      0|  0|  20|          13|          13|
    |add_ln703_4416_fu_102251_p2       |     +    |      0|  0|  17|          11|          11|
    |add_ln703_4417_fu_102257_p2       |     +    |      0|  0|  17|          11|          11|
    |add_ln703_4418_fu_102267_p2       |     +    |      0|  0|  19|          12|          12|
    |add_ln703_4419_fu_102273_p2       |     +    |      0|  0|  17|          12|          12|
    |add_ln703_4420_fu_102279_p2       |     +    |      0|  0|  17|          12|          12|
    |add_ln703_4421_fu_102289_p2       |     +    |      0|  0|  18|          11|          11|
    |add_ln703_4422_fu_102299_p2       |     +    |      0|  0|  18|          11|          11|
    |add_ln703_4423_fu_102309_p2       |     +    |      0|  0|  19|          12|          12|
    |add_ln703_4424_fu_102319_p2       |     +    |      0|  0|  20|          13|          13|
    |add_ln703_4425_fu_102325_p2       |     +    |      0|  0|  19|          12|          12|
    |add_ln703_4426_fu_102335_p2       |     +    |      0|  0|  20|          13|          13|
    |add_ln703_4427_fu_102345_p2       |     +    |      0|  0|  17|          10|          10|
    |add_ln703_4428_fu_102355_p2       |     +    |      0|  0|  17|          14|          14|
    |add_ln703_4429_fu_102361_p2       |     +    |      0|  0|  17|          14|          14|
    |add_ln703_4430_fu_102371_p2       |     +    |      0|  0|  22|          15|          15|
    |add_ln703_4431_fu_103341_p2       |     +    |      0|  0|  17|          16|          16|
    |add_ln703_4432_fu_102377_p2       |     +    |      0|  0|  20|          13|          13|
    |add_ln703_4433_fu_102387_p2       |     +    |      0|  0|  21|          14|          14|
    |add_ln703_4434_fu_102393_p2       |     +    |      0|  0|  20|          13|          13|
    |add_ln703_4435_fu_103353_p2       |     +    |      0|  0|  21|          14|          14|
    |add_ln703_4436_fu_103363_p2       |     +    |      0|  0|  17|          15|          15|
    |add_ln703_4437_fu_103369_p2       |     +    |      0|  0|  17|          15|          15|
    |add_ln703_4438_fu_102399_p2       |     +    |      0|  0|  19|          12|          12|
    |add_ln703_4439_fu_102409_p2       |     +    |      0|  0|  19|          12|          12|
    |add_ln703_4440_fu_102419_p2       |     +    |      0|  0|  17|          13|          13|
    |add_ln703_4441_fu_102425_p2       |     +    |      0|  0|  17|          10|          10|
    |add_ln703_4442_fu_102435_p2       |     +    |      0|  0|  16|           9|           9|
    |add_ln703_4443_fu_102445_p2       |     +    |      0|  0|  18|          11|          11|
    |add_ln703_4444_fu_102455_p2       |     +    |      0|  0|  17|          13|          13|
    |add_ln703_4445_fu_103382_p2       |     +    |      0|  0|  23|          16|          16|
    |add_ln703_4446_fu_103388_p2       |     +    |      0|  0|  17|          16|          16|
    |add_ln703_4447_fu_102461_p2       |     +    |      0|  0|  19|          12|          12|
    |add_ln703_4448_fu_102471_p2       |     +    |      0|  0|  19|          12|          12|
    |add_ln703_4449_fu_102481_p2       |     +    |      0|  0|  20|          13|          13|
    |add_ln703_4450_fu_102491_p2       |     +    |      0|  0|  18|          11|          11|
    |add_ln703_4451_fu_102501_p2       |     +    |      0|  0|  19|          12|          12|
    |add_ln703_4452_fu_102511_p2       |     +    |      0|  0|  20|          13|          13|
    |add_ln703_4453_fu_102521_p2       |     +    |      0|  0|  21|          14|          14|
    |add_ln703_4454_fu_102527_p2       |     +    |      0|  0|  19|          12|          12|
    |add_ln703_4455_fu_102537_p2       |     +    |      0|  0|  19|          12|          12|
    |add_ln703_4456_fu_102547_p2       |     +    |      0|  0|  20|          13|          13|
    |add_ln703_4457_fu_102557_p2       |     +    |      0|  0|  21|          14|          14|
    |add_ln703_4458_fu_102567_p2       |     +    |      0|  0|  21|          14|          14|
    |add_ln703_4459_fu_102577_p2       |     +    |      0|  0|  17|          15|          15|
    |add_ln703_4460_fu_102583_p2       |     +    |      0|  0|  17|          15|          15|
    |add_ln703_4461_fu_103400_p2       |     +    |      0|  0|  17|          16|          16|
    |add_ln703_4462_fu_102589_p2       |     +    |      0|  0|  17|          12|          12|
    |add_ln703_4463_fu_102599_p2       |     +    |      0|  0|  20|          13|          13|
    |add_ln703_4464_fu_102609_p2       |     +    |      0|  0|  17|          14|          14|
    |add_ln703_4465_fu_102615_p2       |     +    |      0|  0|  19|          12|          12|
    |add_ln703_4466_fu_102625_p2       |     +    |      0|  0|  18|          11|          11|
    |add_ln703_4467_fu_102635_p2       |     +    |      0|  0|  20|          13|          13|
    |add_ln703_4468_fu_102645_p2       |     +    |      0|  0|  17|          14|          14|
    |add_ln703_4469_fu_102651_p2       |     +    |      0|  0|  18|          11|          11|
    |add_ln703_4470_fu_102661_p2       |     +    |      0|  0|  18|          11|          11|
    |add_ln703_4471_fu_102671_p2       |     +    |      0|  0|  19|          12|          12|
    |add_ln703_4472_fu_102681_p2       |     +    |      0|  0|  17|          11|          11|
    |add_ln703_4473_fu_102687_p2       |     +    |      0|  0|  15|           6|           6|
    |add_ln703_4474_fu_102697_p2       |     +    |      0|  0|  17|          11|          11|
    |add_ln703_4475_fu_102707_p2       |     +    |      0|  0|  20|          13|          13|
    |add_ln703_4476_fu_103412_p2       |     +    |      0|  0|  22|          15|          15|
    |add_ln703_4478_fu_102713_p2       |     +    |      0|  0|  18|          11|          11|
    |add_ln703_4479_fu_102723_p2       |     +    |      0|  0|  19|          12|          12|
    |add_ln703_4480_fu_102733_p2       |     +    |      0|  0|  19|          12|          12|
    |add_ln703_4481_fu_102743_p2       |     +    |      0|  0|  19|          12|          12|
    |add_ln703_4482_fu_102753_p2       |     +    |      0|  0|  20|          13|          13|
    |add_ln703_4483_fu_102763_p2       |     +    |      0|  0|  21|          14|          14|
    |add_ln703_4484_fu_102769_p2       |     +    |      0|  0|  21|          14|          14|
    |add_ln703_4485_fu_102779_p2       |     +    |      0|  0|  23|          16|          16|
    |add_ln703_4486_fu_102785_p2       |     +    |      0|  0|  17|          16|          16|
    |add_ln703_4487_fu_102791_p2       |     +    |      0|  0|  22|          15|          15|
    |add_ln703_4488_fu_102801_p2       |     +    |      0|  0|  22|          15|          15|
    |add_ln703_4489_fu_102811_p2       |     +    |      0|  0|  23|          16|          16|
    |add_ln703_4490_fu_102817_p2       |     +    |      0|  0|  17|          16|          16|
    |add_ln703_4491_fu_103431_p2       |     +    |      0|  0|  17|          16|          16|
    |add_ln703_4492_fu_102823_p2       |     +    |      0|  0|  22|          15|          15|
    |add_ln703_4493_fu_102833_p2       |     +    |      0|  0|  15|           7|           7|
    |add_ln703_4494_fu_102843_p2       |     +    |      0|  0|  23|          16|          16|
    |add_ln703_4495_fu_102849_p2       |     +    |      0|  0|  21|          14|          14|
    |add_ln703_4496_fu_102859_p2       |     +    |      0|  0|  21|          14|          14|
    |add_ln703_4497_fu_102869_p2       |     +    |      0|  0|  22|          15|          15|
    |add_ln703_4498_fu_103439_p2       |     +    |      0|  0|  17|          16|          16|
    |add_ln703_4499_fu_102875_p2       |     +    |      0|  0|  21|          14|          14|
    |add_ln703_4500_fu_102881_p2       |     +    |      0|  0|  20|          13|          13|
    |add_ln703_4501_fu_103450_p2       |     +    |      0|  0|  17|          15|          15|
    |add_ln703_4502_fu_102887_p2       |     +    |      0|  0|  17|          12|          12|
    |add_ln703_4503_fu_102893_p2       |     +    |      0|  0|  17|          10|          10|
    |add_ln703_4504_fu_102903_p2       |     +    |      0|  0|  17|          12|          12|
    |add_ln703_4505_fu_103459_p2       |     +    |      0|  0|  17|          15|          15|
    |add_ln703_4506_fu_103469_p2       |     +    |      0|  0|  17|          16|          16|
    |add_ln703_4508_fu_102909_p2       |     +    |      0|  0|  17|          12|          12|
    |add_ln703_4509_fu_102915_p2       |     +    |      0|  0|  17|          12|          12|
    |add_ln703_4510_fu_102921_p2       |     +    |      0|  0|  19|          12|          12|
    |add_ln703_4511_fu_102931_p2       |     +    |      0|  0|  19|          12|          12|
    |add_ln703_4512_fu_102941_p2       |     +    |      0|  0|  20|          13|          13|
    |add_ln703_4513_fu_103487_p2       |     +    |      0|  0|  17|          14|          14|
    |add_ln703_4514_fu_102947_p2       |     +    |      0|  0|  16|           9|           9|
    |add_ln703_4515_fu_102957_p2       |     +    |      0|  0|  17|          12|          12|
    |add_ln703_4516_fu_102963_p2       |     +    |      0|  0|  17|          12|          12|
    |add_ln703_4517_fu_102973_p2       |     +    |      0|  0|  18|          11|          11|
    |add_ln703_4518_fu_102983_p2       |     +    |      0|  0|  17|          10|          10|
    |add_ln703_4519_fu_102993_p2       |     +    |      0|  0|  19|          12|          12|
    |add_ln703_4520_fu_103003_p2       |     +    |      0|  0|  20|          13|          13|
    |add_ln703_4521_fu_103496_p2       |     +    |      0|  0|  17|          14|          14|
    |add_ln703_4522_fu_103009_p2       |     +    |      0|  0|  22|          15|          15|
    |add_ln703_4523_fu_103015_p2       |     +    |      0|  0|  21|          14|          14|
    |add_ln703_4524_fu_103512_p2       |     +    |      0|  0|  17|          16|          16|
    |add_ln703_4525_fu_103021_p2       |     +    |      0|  0|  22|          15|          15|
    |add_ln703_4526_fu_103027_p2       |     +    |      0|  0|  21|          14|          14|
    |add_ln703_4527_fu_103524_p2       |     +    |      0|  0|  23|          16|          16|
    |add_ln703_4528_fu_103530_p2       |     +    |      0|  0|  17|          16|          16|
    |add_ln703_4529_fu_103033_p2       |     +    |      0|  0|  20|          13|          13|
    |add_ln703_4530_fu_103043_p2       |     +    |      0|  0|  20|          13|          13|
    |add_ln703_4531_fu_103053_p2       |     +    |      0|  0|  21|          14|          14|
    |add_ln703_4532_fu_103063_p2       |     +    |      0|  0|  18|          11|          11|
    |add_ln703_4533_fu_103073_p2       |     +    |      0|  0|  18|          11|          11|
    |add_ln703_4534_fu_103083_p2       |     +    |      0|  0|  19|          12|          12|
    |add_ln703_4535_fu_103093_p2       |     +    |      0|  0|  22|          15|          15|
    |add_ln703_4536_fu_103539_p2       |     +    |      0|  0|  17|          16|          16|
    |add_ln703_4538_fu_103099_p2       |     +    |      0|  0|  18|          11|          11|
    |add_ln703_4539_fu_103109_p2       |     +    |      0|  0|  19|          12|          12|
    |add_ln703_4540_fu_103119_p2       |     +    |      0|  0|  17|          13|          13|
    |add_ln703_4541_fu_103125_p2       |     +    |      0|  0|  16|           9|           9|
    |add_ln703_4542_fu_103135_p2       |     +    |      0|  0|  17|          10|          10|
    |add_ln703_4543_fu_103145_p2       |     +    |      0|  0|  18|          11|          11|
    |add_ln703_4544_fu_103155_p2       |     +    |      0|  0|  17|          13|          13|
    |add_ln703_4545_fu_103161_p2       |     +    |      0|  0|  17|          10|          10|
    |add_ln703_4546_fu_103171_p2       |     +    |      0|  0|  18|          11|          11|
    |add_ln703_4547_fu_103181_p2       |     +    |      0|  0|  19|          12|          12|
    |add_ln703_4548_fu_103191_p2       |     +    |      0|  0|  18|          11|          11|
    |add_ln703_4549_fu_103201_p2       |     +    |      0|  0|  21|          14|          14|
    |add_ln703_4550_fu_103207_p2       |     +    |      0|  0|  17|          14|          14|
    |add_ln703_4551_fu_103213_p2       |     +    |      0|  0|  17|          14|          14|
    |add_ln703_4552_fu_103557_p2       |     +    |      0|  0|  22|          15|          15|
    |add_ln703_4553_fu_103219_p2       |     +    |      0|  0|  20|          13|          13|
    |add_ln703_4554_fu_103229_p2       |     +    |      0|  0|  20|          13|          13|
    |add_ln703_4555_fu_103239_p2       |     +    |      0|  0|  21|          14|          14|
    |add_ln703_4556_fu_103245_p2       |     +    |      0|  0|  17|          13|          13|
    |add_ln703_4557_fu_103251_p2       |     +    |      0|  0|  18|          11|          11|
    |add_ln703_4558_fu_103261_p2       |     +    |      0|  0|  17|          13|          13|
    |add_ln703_4559_fu_103573_p2       |     +    |      0|  0|  17|          15|          15|
    |add_ln703_4560_fu_103267_p2       |     +    |      0|  0|  18|          11|          11|
    |add_ln703_4561_fu_103277_p2       |     +    |      0|  0|  17|          10|          10|
    |add_ln703_4562_fu_103287_p2       |     +    |      0|  0|  19|          12|          12|
    |add_ln703_4563_fu_103293_p2       |     +    |      0|  0|  17|          10|           8|
    |add_ln703_4564_fu_103303_p2       |     +    |      0|  0|  16|           9|           9|
    |add_ln703_4565_fu_103313_p2       |     +    |      0|  0|  17|          10|          10|
    |add_ln703_4566_fu_103323_p2       |     +    |      0|  0|  18|          11|          11|
    |add_ln703_4567_fu_103585_p2       |     +    |      0|  0|  20|          13|          13|
    |add_ln703_4568_fu_103595_p2       |     +    |      0|  0|  17|          15|          15|
    |add_ln703_fu_102195_p2            |     +    |      0|  0|  17|          10|           9|
    |add_ln708_209_fu_101755_p2        |     +    |      0|  0|  20|          13|          13|
    |add_ln708_fu_99683_p2             |     +    |      0|  0|  21|          14|          14|
    |sub_ln1118_1869_fu_99595_p2       |     -    |      0|  0|  27|          20|          20|
    |sub_ln1118_1870_fu_101134_p2      |     -    |      0|  0|  25|          18|          18|
    |sub_ln1118_1871_fu_101360_p2      |     -    |      0|  0|  24|          17|          17|
    |sub_ln1118_1872_fu_101680_p2      |     -    |      0|  0|  23|           1|          16|
    |sub_ln1118_1873_fu_101690_p2      |     -    |      0|  0|  24|          17|          17|
    |sub_ln1118_1874_fu_102037_p2      |     -    |      0|  0|  18|           1|          11|
    |sub_ln1118_fu_99573_p2            |     -    |      0|  0|  26|           1|          19|
    |ap_block_pp0_stage0_11001         |    or    |      0|  0|   2|           1|           1|
    |ap_block_state1_pp0_stage0_iter0  |    or    |      0|  0|   2|           1|           1|
    |ap_enable_pp0                     |    xor   |      0|  0|   2|           1|           2|
    +----------------------------------+----------+-------+---+----+------------+------------+
    |Total                             |          |     80|  0|7588|        3401|        3822|
    +----------------------------------+----------+-------+---+----+------------+------------+

    * Multiplexer: 
    +-------------+----+-----------+-----+-----------+
    |     Name    | LUT| Input Size| Bits| Total Bits|
    +-------------+----+-----------+-----+-----------+
    |ap_done      |   9|          2|    1|          2|
    |ap_return_0  |   9|          2|   16|         32|
    |ap_return_1  |   9|          2|   16|         32|
    |ap_return_2  |   9|          2|   16|         32|
    |ap_return_3  |   9|          2|   16|         32|
    |ap_return_4  |   9|          2|   16|         32|
    +-------------+----+-----------+-----+-----------+
    |Total        |  54|         12|   81|        162|
    +-------------+----+-----------+-----+-----------+

    * Register: 
    +-----------------------------+----+----+-----+-----------+
    |             Name            | FF | LUT| Bits| Const Bits|
    +-----------------------------+----+----+-----+-----------+
    |add_ln703_4418_reg_103646    |  12|   0|   12|          0|
    |add_ln703_4424_reg_103651    |  13|   0|   13|          0|
    |add_ln703_4430_reg_103656    |  15|   0|   15|          0|
    |add_ln703_4433_reg_103661    |  14|   0|   14|          0|
    |add_ln703_4434_reg_103666    |  13|   0|   13|          0|
    |add_ln703_4444_reg_103671    |  13|   0|   13|          0|
    |add_ln703_4453_reg_103676    |  14|   0|   14|          0|
    |add_ln703_4460_reg_103681    |  15|   0|   15|          0|
    |add_ln703_4468_reg_103686    |  14|   0|   14|          0|
    |add_ln703_4475_reg_103691    |  13|   0|   13|          0|
    |add_ln703_4483_reg_103696    |  14|   0|   14|          0|
    |add_ln703_4490_reg_103701    |  16|   0|   16|          0|
    |add_ln703_4494_reg_103706    |  16|   0|   16|          0|
    |add_ln703_4497_reg_103711    |  15|   0|   15|          0|
    |add_ln703_4499_reg_103716    |  14|   0|   14|          0|
    |add_ln703_4500_reg_103721    |  13|   0|   13|          0|
    |add_ln703_4504_reg_103726    |  12|   0|   12|          0|
    |add_ln703_4509_reg_103731    |  12|   0|   12|          0|
    |add_ln703_4512_reg_103736    |  13|   0|   13|          0|
    |add_ln703_4520_reg_103741    |  13|   0|   13|          0|
    |add_ln703_4522_reg_103746    |  15|   0|   15|          0|
    |add_ln703_4523_reg_103751    |  14|   0|   14|          0|
    |add_ln703_4525_reg_103756    |  15|   0|   15|          0|
    |add_ln703_4526_reg_103761    |  14|   0|   14|          0|
    |add_ln703_4535_reg_103766    |  15|   0|   15|          0|
    |add_ln703_4544_reg_103771    |  13|   0|   13|          0|
    |add_ln703_4551_reg_103776    |  14|   0|   14|          0|
    |add_ln703_4555_reg_103781    |  14|   0|   14|          0|
    |add_ln703_4558_reg_103786    |  13|   0|   13|          0|
    |add_ln703_4562_reg_103791    |  12|   0|   12|          0|
    |add_ln703_4566_reg_103796    |  11|   0|   11|          0|
    |ap_CS_fsm                    |   1|   0|    1|          0|
    |ap_done_reg                  |   1|   0|    1|          0|
    |ap_enable_reg_pp0_iter1      |   1|   0|    1|          0|
    |ap_return_0_preg             |  16|   0|   16|          0|
    |ap_return_1_preg             |  16|   0|   16|          0|
    |ap_return_2_preg             |  16|   0|   16|          0|
    |ap_return_3_preg             |  16|   0|   16|          0|
    |ap_return_4_preg             |  16|   0|   16|          0|
    |trunc_ln708_2934_reg_103641  |  12|   0|   12|          0|
    +-----------------------------+----+----+-----+-----------+
    |Total                        | 519|   0|  519|          0|
    +-----------------------------+----+----+-----+-----------+



================================================================
== Interface
================================================================
* Summary: 
+-------------+-----+-----+------------+--------------------------------------------------------------------+--------------+
|  RTL Ports  | Dir | Bits|  Protocol  |                            Source Object                           |    C Type    |
+-------------+-----+-----+------------+--------------------------------------------------------------------+--------------+
|ap_clk       |  in |    1| ap_ctrl_hs | dense_latency<ap_ufixed,ap_fixed<16,6,5,3,0>,config16>.0.0.0.0.0.0 | return value |
|ap_rst       |  in |    1| ap_ctrl_hs | dense_latency<ap_ufixed,ap_fixed<16,6,5,3,0>,config16>.0.0.0.0.0.0 | return value |
|ap_start     |  in |    1| ap_ctrl_hs | dense_latency<ap_ufixed,ap_fixed<16,6,5,3,0>,config16>.0.0.0.0.0.0 | return value |
|ap_done      | out |    1| ap_ctrl_hs | dense_latency<ap_ufixed,ap_fixed<16,6,5,3,0>,config16>.0.0.0.0.0.0 | return value |
|ap_continue  |  in |    1| ap_ctrl_hs | dense_latency<ap_ufixed,ap_fixed<16,6,5,3,0>,config16>.0.0.0.0.0.0 | return value |
|ap_idle      | out |    1| ap_ctrl_hs | dense_latency<ap_ufixed,ap_fixed<16,6,5,3,0>,config16>.0.0.0.0.0.0 | return value |
|ap_ready     | out |    1| ap_ctrl_hs | dense_latency<ap_ufixed,ap_fixed<16,6,5,3,0>,config16>.0.0.0.0.0.0 | return value |
|ap_return_0  | out |   16| ap_ctrl_hs | dense_latency<ap_ufixed,ap_fixed<16,6,5,3,0>,config16>.0.0.0.0.0.0 | return value |
|ap_return_1  | out |   16| ap_ctrl_hs | dense_latency<ap_ufixed,ap_fixed<16,6,5,3,0>,config16>.0.0.0.0.0.0 | return value |
|ap_return_2  | out |   16| ap_ctrl_hs | dense_latency<ap_ufixed,ap_fixed<16,6,5,3,0>,config16>.0.0.0.0.0.0 | return value |
|ap_return_3  | out |   16| ap_ctrl_hs | dense_latency<ap_ufixed,ap_fixed<16,6,5,3,0>,config16>.0.0.0.0.0.0 | return value |
|ap_return_4  | out |   16| ap_ctrl_hs | dense_latency<ap_ufixed,ap_fixed<16,6,5,3,0>,config16>.0.0.0.0.0.0 | return value |
|p_read       |  in |    8|   ap_none  |                               p_read                               |    scalar    |
|p_read1      |  in |    8|   ap_none  |                               p_read1                              |    scalar    |
|p_read2      |  in |    8|   ap_none  |                               p_read2                              |    scalar    |
|p_read3      |  in |    8|   ap_none  |                               p_read3                              |    scalar    |
|p_read4      |  in |    8|   ap_none  |                               p_read4                              |    scalar    |
|p_read5      |  in |    8|   ap_none  |                               p_read5                              |    scalar    |
|p_read6      |  in |    8|   ap_none  |                               p_read6                              |    scalar    |
|p_read7      |  in |    8|   ap_none  |                               p_read7                              |    scalar    |
|p_read8      |  in |    8|   ap_none  |                               p_read8                              |    scalar    |
|p_read9      |  in |    8|   ap_none  |                               p_read9                              |    scalar    |
|p_read10     |  in |    8|   ap_none  |                              p_read10                              |    scalar    |
|p_read11     |  in |    8|   ap_none  |                              p_read11                              |    scalar    |
|p_read12     |  in |    8|   ap_none  |                              p_read12                              |    scalar    |
|p_read13     |  in |    8|   ap_none  |                              p_read13                              |    scalar    |
|p_read14     |  in |    8|   ap_none  |                              p_read14                              |    scalar    |
|p_read15     |  in |    8|   ap_none  |                              p_read15                              |    scalar    |
|p_read16     |  in |    8|   ap_none  |                              p_read16                              |    scalar    |
|p_read17     |  in |    8|   ap_none  |                              p_read17                              |    scalar    |
|p_read18     |  in |    8|   ap_none  |                              p_read18                              |    scalar    |
|p_read19     |  in |    8|   ap_none  |                              p_read19                              |    scalar    |
|p_read20     |  in |    8|   ap_none  |                              p_read20                              |    scalar    |
|p_read21     |  in |    8|   ap_none  |                              p_read21                              |    scalar    |
|p_read22     |  in |    8|   ap_none  |                              p_read22                              |    scalar    |
|p_read23     |  in |    8|   ap_none  |                              p_read23                              |    scalar    |
|p_read24     |  in |    8|   ap_none  |                              p_read24                              |    scalar    |
|p_read25     |  in |    8|   ap_none  |                              p_read25                              |    scalar    |
|p_read26     |  in |    8|   ap_none  |                              p_read26                              |    scalar    |
|p_read27     |  in |    8|   ap_none  |                              p_read27                              |    scalar    |
|p_read28     |  in |    8|   ap_none  |                              p_read28                              |    scalar    |
|p_read29     |  in |    8|   ap_none  |                              p_read29                              |    scalar    |
|p_read30     |  in |    8|   ap_none  |                              p_read30                              |    scalar    |
|p_read31     |  in |    8|   ap_none  |                              p_read31                              |    scalar    |
+-------------+-----+-----+------------+--------------------------------------------------------------------+--------------+

