

================================================================
== Vivado HLS Report for 'avg_ap_fixed_12_4_0_0_0_8_s'
================================================================
* Date:           Fri Nov  3 03:57:12 2023

* Version:        2020.1 (Build 2897737 on Wed May 27 20:21:37 MDT 2020)
* Project:        myproject_prj
* Solution:       solution1
* Product family: virtexuplus
* Target device:  xcvu13p-flga2577-2-e


================================================================
== Performance Estimates
================================================================
+ Timing: 
    * Summary: 
    +--------+---------+----------+------------+
    |  Clock |  Target | Estimated| Uncertainty|
    +--------+---------+----------+------------+
    |ap_clk  | 5.00 ns | 3.056 ns |   0.62 ns  |
    +--------+---------+----------+------------+

+ Latency: 
    * Summary: 
    +---------+---------+----------+----------+-----+-----+----------+
    |  Latency (cycles) |  Latency (absolute) |  Interval | Pipeline |
    |   min   |   max   |    min   |    max   | min | max |   Type   |
    +---------+---------+----------+----------+-----+-----+----------+
    |        0|        0|   0 ns   |   0 ns   |    1|    1| function |
    +---------+---------+----------+----------+-----+-----+----------+

    + Detail: 
        * Instance: 
        N/A

        * Loop: 
        N/A



================================================================
== Utilization Estimates
================================================================
* Summary: 
+---------------------+---------+-------+---------+---------+------+
|         Name        | BRAM_18K| DSP48E|    FF   |   LUT   | URAM |
+---------------------+---------+-------+---------+---------+------+
|DSP                  |        -|      -|        -|        -|     -|
|Expression           |        -|      -|        0|      112|     -|
|FIFO                 |        -|      -|        -|        -|     -|
|Instance             |        -|      -|        -|        -|     -|
|Memory               |        -|      -|        -|        -|     -|
|Multiplexer          |        -|      -|        -|        -|     -|
|Register             |        -|      -|        -|        -|     -|
+---------------------+---------+-------+---------+---------+------+
|Total                |        0|      0|        0|      112|     0|
+---------------------+---------+-------+---------+---------+------+
|Available SLR        |     1344|   3072|   864000|   432000|   320|
+---------------------+---------+-------+---------+---------+------+
|Utilization SLR (%)  |        0|      0|        0|    ~0   |     0|
+---------------------+---------+-------+---------+---------+------+
|Available            |     5376|  12288|  3456000|  1728000|  1280|
+---------------------+---------+-------+---------+---------+------+
|Utilization (%)      |        0|      0|        0|    ~0   |     0|
+---------------------+---------+-------+---------+---------+------+

+ Detail: 
    * Instance: 
    N/A

    * DSP48E: 
    N/A

    * Memory: 
    N/A

    * FIFO: 
    N/A

    * Expression: 
    +--------------------------+----------+-------+---+----+------------+------------+
    |       Variable Name      | Operation| DSP48E| FF| LUT| Bitwidth P0| Bitwidth P1|
    +--------------------------+----------+-------+---+----+------------+------------+
    |add_ln703_5696_fu_110_p2  |     +    |      0|  0|  16|          10|          10|
    |add_ln703_5697_fu_120_p2  |     +    |      0|  0|  16|          10|          10|
    |add_ln703_5698_fu_130_p2  |     +    |      0|  0|  16|          11|          11|
    |add_ln703_5699_fu_136_p2  |     +    |      0|  0|  16|          11|          11|
    |add_ln703_5700_fu_142_p2  |     +    |      0|  0|  16|          11|          11|
    |add_ln703_5701_fu_148_p2  |     +    |      0|  0|  16|          11|          11|
    |add_ln703_fu_96_p2        |     +    |      0|  0|  16|           9|           9|
    +--------------------------+----------+-------+---+----+------------+------------+
    |Total                     |          |      0|  0| 112|          73|          73|
    +--------------------------+----------+-------+---+----+------------+------------+

    * Multiplexer: 
    N/A

    * Register: 
    N/A



================================================================
== Interface
================================================================
* Summary: 
+------------+-----+-----+------------+----------------------------------+--------------+
|  RTL Ports | Dir | Bits|  Protocol  |           Source Object          |    C Type    |
+------------+-----+-----+------------+----------------------------------+--------------+
|ap_ready    | out |    1| ap_ctrl_hs | avg<ap_fixed<12, 4, 0, 0, 0>, 8> | return value |
|ap_return   | out |    9| ap_ctrl_hs | avg<ap_fixed<12, 4, 0, 0, 0>, 8> | return value |
|x_0_V_read  |  in |    8|   ap_none  |            x_0_V_read            |    scalar    |
|x_1_V_read  |  in |    8|   ap_none  |            x_1_V_read            |    scalar    |
|x_2_V_read  |  in |    8|   ap_none  |            x_2_V_read            |    scalar    |
|x_3_V_read  |  in |    8|   ap_none  |            x_3_V_read            |    scalar    |
|x_4_V_read  |  in |    8|   ap_none  |            x_4_V_read            |    scalar    |
|x_5_V_read  |  in |    8|   ap_none  |            x_5_V_read            |    scalar    |
|x_6_V_read  |  in |    8|   ap_none  |            x_6_V_read            |    scalar    |
|x_7_V_read  |  in |    8|   ap_none  |            x_7_V_read            |    scalar    |
+------------+-----+-----+------------+----------------------------------+--------------+

