

================================================================
== Vivado HLS Report for 'dense_latency_ap_ufixed_ap_fixed_16_6_5_3_0_config16_0_0_0_0_0_0'
================================================================
* Date:           Fri Nov  3 03:59:28 2023

* Version:        2020.1 (Build 2897737 on Wed May 27 20:21:37 MDT 2020)
* Project:        myproject_prj
* Solution:       solution1
* Product family: virtexuplus
* Target device:  xcvu13p-flga2577-2-e


================================================================
== Performance Estimates
================================================================
+ Timing: 
    * Summary: 
    +--------+---------+----------+------------+
    |  Clock |  Target | Estimated| Uncertainty|
    +--------+---------+----------+------------+
    |ap_clk  | 5.00 ns | 4.157 ns |   0.62 ns  |
    +--------+---------+----------+------------+

+ Latency: 
    * Summary: 
    +---------+---------+----------+----------+-----+-----+----------+
    |  Latency (cycles) |  Latency (absolute) |  Interval | Pipeline |
    |   min   |   max   |    min   |    max   | min | max |   Type   |
    +---------+---------+----------+----------+-----+-----+----------+
    |        1|        1| 5.000 ns | 5.000 ns |    1|    1| function |
    +---------+---------+----------+----------+-----+-----+----------+

    + Detail: 
        * Instance: 
        N/A

        * Loop: 
        N/A



================================================================
== Utilization Estimates
================================================================
* Summary: 
+---------------------+---------+-------+---------+---------+------+
|         Name        | BRAM_18K| DSP48E|    FF   |   LUT   | URAM |
+---------------------+---------+-------+---------+---------+------+
|DSP                  |        -|      -|        -|        -|     -|
|Expression           |        -|     90|        0|     7146|     -|
|FIFO                 |        -|      -|        -|        -|     -|
|Instance             |        -|      -|        -|        -|     -|
|Memory               |        -|      -|        -|        -|     -|
|Multiplexer          |        -|      -|        -|       54|     -|
|Register             |        -|      -|      473|        -|     -|
+---------------------+---------+-------+---------+---------+------+
|Total                |        0|     90|      473|     7200|     0|
+---------------------+---------+-------+---------+---------+------+
|Available SLR        |     1344|   3072|   864000|   432000|   320|
+---------------------+---------+-------+---------+---------+------+
|Utilization SLR (%)  |        0|      2|    ~0   |        1|     0|
+---------------------+---------+-------+---------+---------+------+
|Available            |     5376|  12288|  3456000|  1728000|  1280|
+---------------------+---------+-------+---------+---------+------+
|Utilization (%)      |        0|   ~0  |    ~0   |    ~0   |     0|
+---------------------+---------+-------+---------+---------+------+

+ Detail: 
    * Instance: 
    N/A

    * DSP48E: 
    N/A

    * Memory: 
    N/A

    * FIFO: 
    N/A

    * Expression: 
    +----------------------------------+----------+-------+---+----+------------+------------+
    |           Variable Name          | Operation| DSP48E| FF| LUT| Bitwidth P0| Bitwidth P1|
    +----------------------------------+----------+-------+---+----+------------+------------+
    |mul_ln1118_1331_fu_732_p2         |     *    |      0|  0|  62|           8|          10|
    |mul_ln1118_1332_fu_711_p2         |     *    |      1|  0|   7|           8|          14|
    |mul_ln1118_1333_fu_807_p2         |     *    |      1|  0|   8|           8|          13|
    |mul_ln1118_1334_fu_680_p2         |     *    |      1|  0|   6|           8|          11|
    |mul_ln1118_1335_fu_762_p2         |     *    |      1|  0|   9|           8|          12|
    |mul_ln1118_1336_fu_789_p2         |     *    |      0|  0|  62|           8|          10|
    |mul_ln1118_1337_fu_684_p2         |     *    |      1|  0|   9|           8|          12|
    |mul_ln1118_1338_fu_792_p2         |     *    |      0|  0|  62|           8|          10|
    |mul_ln1118_1339_fu_822_p2         |     *    |      0|  0|  49|           8|           9|
    |mul_ln1118_1340_fu_817_p2         |     *    |      1|  0|   8|           8|          13|
    |mul_ln1118_1341_fu_795_p2         |     *    |      0|  0|  49|           8|           9|
    |mul_ln1118_1342_fu_727_p2         |     *    |      1|  0|   6|           8|          11|
    |mul_ln1118_1343_fu_728_p2         |     *    |      0|  0|  62|           8|          10|
    |mul_ln1118_1344_fu_834_p2         |     *    |      0|  0|  62|           8|          10|
    |mul_ln1118_1345_fu_773_p2         |     *    |      1|  0|   8|           8|          13|
    |mul_ln1118_1346_fu_734_p2         |     *    |      1|  0|   8|           8|          13|
    |mul_ln1118_1347_fu_783_p2         |     *    |      1|  0|   9|           8|          12|
    |mul_ln1118_1348_fu_809_p2         |     *    |      1|  0|   9|           8|          12|
    |mul_ln1118_1349_fu_810_p2         |     *    |      1|  0|   6|           8|          11|
    |mul_ln1118_1350_fu_811_p2         |     *    |      1|  0|   9|           8|          12|
    |mul_ln1118_1351_fu_743_p2         |     *    |      0|  0|  62|           8|          10|
    |mul_ln1118_1352_fu_721_p2         |     *    |      1|  0|   9|           8|          12|
    |mul_ln1118_1353_fu_745_p2         |     *    |      1|  0|   9|           8|          12|
    |mul_ln1118_1354_fu_802_p2         |     *    |      1|  0|   9|           8|          12|
    |mul_ln1118_1355_fu_757_p2         |     *    |      0|  0|  62|           8|          10|
    |mul_ln1118_1356_fu_806_p2         |     *    |      1|  0|   9|           8|          12|
    |mul_ln1118_1357_fu_767_p2         |     *    |      1|  0|   6|           8|          11|
    |mul_ln1118_1358_fu_832_p2         |     *    |      1|  0|   9|           8|          12|
    |mul_ln1118_1359_fu_804_p2         |     *    |      0|  0|  62|           8|          10|
    |mul_ln1118_1360_fu_828_p2         |     *    |      0|  0|  62|           8|          10|
    |mul_ln1118_1361_fu_737_p2         |     *    |      0|  0|  62|           8|          10|
    |mul_ln1118_1362_fu_784_p2         |     *    |      1|  0|   8|           8|          13|
    |mul_ln1118_1363_fu_739_p2         |     *    |      1|  0|   7|           8|          14|
    |mul_ln1118_1364_fu_780_p2         |     *    |      1|  0|   6|           8|          11|
    |mul_ln1118_1365_fu_774_p2         |     *    |      0|  0|  62|           8|          10|
    |mul_ln1118_1366_fu_801_p2         |     *    |      1|  0|   6|           8|          11|
    |mul_ln1118_1367_fu_696_p2         |     *    |      1|  0|   6|           8|          15|
    |mul_ln1118_1368_fu_679_p2         |     *    |      1|  0|   6|           8|          11|
    |mul_ln1118_1369_fu_837_p2         |     *    |      0|  0|  49|           8|           9|
    |mul_ln1118_1370_fu_723_p2         |     *    |      1|  0|   6|           8|          11|
    |mul_ln1118_1371_fu_678_p2         |     *    |      1|  0|   9|           8|          12|
    |mul_ln1118_1372_fu_771_p2         |     *    |      1|  0|   8|           8|          13|
    |mul_ln1118_1373_fu_726_p2         |     *    |      1|  0|   9|           8|          12|
    |mul_ln1118_1374_fu_704_p2         |     *    |      0|  0|  49|           8|           9|
    |mul_ln1118_1375_fu_791_p2         |     *    |      1|  0|   9|           8|          12|
    |mul_ln1118_1376_fu_796_p2         |     *    |      0|  0|  62|           8|          10|
    |mul_ln1118_1377_fu_768_p2         |     *    |      0|  0|  62|           8|          10|
    |mul_ln1118_1378_fu_718_p2         |     *    |      1|  0|   9|           8|          12|
    |mul_ln1118_1379_fu_833_p2         |     *    |      1|  0|   8|           8|          13|
    |mul_ln1118_1380_fu_717_p2         |     *    |      1|  0|   9|           8|          12|
    |mul_ln1118_1381_fu_815_p2         |     *    |      1|  0|   9|           8|          12|
    |mul_ln1118_1382_fu_816_p2         |     *    |      1|  0|   6|           8|          11|
    |mul_ln1118_1383_fu_702_p2         |     *    |      1|  0|   6|           8|          11|
    |mul_ln1118_1384_fu_772_p2         |     *    |      1|  0|   6|           8|          11|
    |mul_ln1118_1385_fu_750_p2         |     *    |      1|  0|   7|           8|          14|
    |mul_ln1118_1386_fu_720_p2         |     *    |      1|  0|   9|           8|          12|
    |mul_ln1118_1387_fu_736_p2         |     *    |      0|  0|  62|           8|          10|
    |mul_ln1118_1388_fu_730_p2         |     *    |      1|  0|   9|           8|          12|
    |mul_ln1118_1389_fu_812_p2         |     *    |      1|  0|   6|           8|          11|
    |mul_ln1118_1390_fu_740_p2         |     *    |      0|  0|  49|           8|           9|
    |mul_ln1118_1391_fu_688_p2         |     *    |      1|  0|   6|           8|          11|
    |mul_ln1118_1392_fu_689_p2         |     *    |      0|  0|  62|           8|          10|
    |mul_ln1118_1393_fu_713_p2         |     *    |      0|  0|  62|           8|          10|
    |mul_ln1118_1394_fu_691_p2         |     *    |      1|  0|   7|           8|          14|
    |mul_ln1118_1395_fu_738_p2         |     *    |      1|  0|   7|           8|          14|
    |mul_ln1118_1396_fu_808_p2         |     *    |      1|  0|   9|           8|          12|
    |mul_ln1118_1397_fu_821_p2         |     *    |      0|  0|  49|           8|           9|
    |mul_ln1118_1398_fu_707_p2         |     *    |      1|  0|   9|           8|          12|
    |mul_ln1118_1399_fu_701_p2         |     *    |      1|  0|   6|           8|          11|
    |mul_ln1118_1400_fu_682_p2         |     *    |      0|  0|  62|           8|          10|
    |mul_ln1118_1401_fu_706_p2         |     *    |      0|  0|  62|           8|          10|
    |mul_ln1118_1402_fu_799_p2         |     *    |      0|  0|  62|           8|          10|
    |mul_ln1118_1403_fu_800_p2         |     *    |      1|  0|   6|           8|          11|
    |mul_ln1118_1404_fu_778_p2         |     *    |      0|  0|  49|           8|           9|
    |mul_ln1118_1405_fu_759_p2         |     *    |      1|  0|   9|           8|          12|
    |mul_ln1118_1406_fu_786_p2         |     *    |      1|  0|   9|           8|          12|
    |mul_ln1118_1407_fu_692_p2         |     *    |      0|  0|  62|           8|          10|
    |mul_ln1118_1408_fu_705_p2         |     *    |      0|  0|  49|           8|           9|
    |mul_ln1118_1409_fu_823_p2         |     *    |      0|  0|  62|           8|          10|
    |mul_ln1118_1410_fu_836_p2         |     *    |      0|  0|  62|           8|          10|
    |mul_ln1118_1411_fu_722_p2         |     *    |      0|  0|  49|           8|           9|
    |mul_ln1118_1412_fu_746_p2         |     *    |      1|  0|   9|           8|          12|
    |mul_ln1118_1413_fu_724_p2         |     *    |      0|  0|  49|           8|           9|
    |mul_ln1118_1414_fu_725_p2         |     *    |      0|  0|  62|           8|          10|
    |mul_ln1118_1415_fu_755_p2         |     *    |      1|  0|   7|           8|          14|
    |mul_ln1118_1416_fu_770_p2         |     *    |      1|  0|   9|           8|          12|
    |mul_ln1118_1417_fu_764_p2         |     *    |      1|  0|   6|           8|          11|
    |mul_ln1118_1418_fu_813_p2         |     *    |      1|  0|   9|           8|          12|
    |mul_ln1118_1419_fu_686_p2         |     *    |      1|  0|   6|           8|          11|
    |mul_ln1118_1420_fu_735_p2         |     *    |      0|  0|  49|           8|           9|
    |mul_ln1118_1421_fu_729_p2         |     *    |      1|  0|   6|           8|          11|
    |mul_ln1118_1422_fu_693_p2         |     *    |      1|  0|   9|           8|          12|
    |mul_ln1118_1423_fu_695_p2         |     *    |      0|  0|  62|           8|          10|
    |mul_ln1118_1424_fu_765_p2         |     *    |      0|  0|  62|           8|          10|
    |mul_ln1118_1425_fu_766_p2         |     *    |      0|  0|  62|           8|          10|
    |mul_ln1118_1426_fu_787_p2         |     *    |      1|  0|   6|           8|          11|
    |mul_ln1118_1427_fu_814_p2         |     *    |      0|  0|  62|           8|          10|
    |mul_ln1118_1428_fu_775_p2         |     *    |      1|  0|   6|           8|          11|
    |mul_ln1118_1429_fu_758_p2         |     *    |      1|  0|   9|           8|          12|
    |mul_ln1118_1430_fu_752_p2         |     *    |      1|  0|   8|           8|          13|
    |mul_ln1118_1431_fu_763_p2         |     *    |      1|  0|   7|           8|          14|
    |mul_ln1118_1432_fu_712_p2         |     *    |      1|  0|   7|           8|          14|
    |mul_ln1118_1433_fu_776_p2         |     *    |      0|  0|  62|           8|          10|
    |mul_ln1118_1434_fu_829_p2         |     *    |      1|  0|   9|           8|          12|
    |mul_ln1118_1435_fu_798_p2         |     *    |      1|  0|   6|           8|          11|
    |mul_ln1118_1436_fu_781_p2         |     *    |      1|  0|   9|           8|          12|
    |mul_ln1118_1437_fu_753_p2         |     *    |      0|  0|  62|           8|          10|
    |mul_ln1118_1438_fu_714_p2         |     *    |      0|  0|  40|           8|           8|
    |mul_ln1118_1439_fu_708_p2         |     *    |      1|  0|   6|           8|          11|
    |mul_ln1118_1440_fu_790_p2         |     *    |      1|  0|   6|           8|          11|
    |mul_ln1118_1441_fu_819_p2         |     *    |      1|  0|   8|           8|          13|
    |mul_ln1118_1442_fu_751_p2         |     *    |      1|  0|   7|           8|          14|
    |mul_ln1118_1443_fu_683_p2         |     *    |      1|  0|   7|           8|          14|
    |mul_ln1118_1444_fu_690_p2         |     *    |      1|  0|   6|           8|          11|
    |mul_ln1118_1445_fu_777_p2         |     *    |      1|  0|   6|           8|          11|
    |mul_ln1118_1446_fu_749_p2         |     *    |      1|  0|   7|           8|          14|
    |mul_ln1118_1447_fu_710_p2         |     *    |      1|  0|   9|           8|          12|
    |mul_ln1118_1448_fu_698_p2         |     *    |      1|  0|   6|           8|          11|
    |mul_ln1118_1449_fu_769_p2         |     *    |      1|  0|   6|           8|          11|
    |mul_ln1118_1450_fu_744_p2         |     *    |      1|  0|   7|           8|          14|
    |mul_ln1118_1451_fu_797_p2         |     *    |      1|  0|   6|           8|          11|
    |mul_ln1118_1452_fu_782_p2         |     *    |      1|  0|   6|           8|          11|
    |mul_ln1118_1453_fu_788_p2         |     *    |      1|  0|   6|           8|          11|
    |mul_ln1118_1454_fu_794_p2         |     *    |      1|  0|   6|           8|          15|
    |mul_ln1118_1455_fu_760_p2         |     *    |      0|  0|  62|           8|          10|
    |mul_ln1118_1456_fu_715_p2         |     *    |      0|  0|  62|           8|          10|
    |mul_ln1118_1457_fu_709_p2         |     *    |      0|  0|  49|           8|           9|
    |mul_ln1118_1458_fu_741_p2         |     *    |      0|  0|  40|           8|           8|
    |mul_ln1118_1459_fu_761_p2         |     *    |      0|  0|  49|           8|           9|
    |mul_ln1118_1460_fu_694_p2         |     *    |      0|  0|  62|           8|          10|
    |mul_ln1118_1461_fu_747_p2         |     *    |      1|  0|   6|           8|          11|
    |mul_ln1118_1462_fu_742_p2         |     *    |      1|  0|   9|           8|          12|
    |mul_ln1118_1463_fu_697_p2         |     *    |      1|  0|   6|           8|          11|
    |mul_ln1118_1464_fu_826_p2         |     *    |      1|  0|   9|           8|          12|
    |mul_ln1118_1465_fu_699_p2         |     *    |      1|  0|   9|           8|          12|
    |mul_ln1118_1466_fu_803_p2         |     *    |      0|  0|  62|           8|          10|
    |mul_ln1118_1467_fu_830_p2         |     *    |      1|  0|   9|           8|          12|
    |mul_ln1118_1468_fu_824_p2         |     *    |      0|  0|  40|           8|           8|
    |mul_ln1118_fu_793_p2              |     *    |      1|  0|   6|           8|          11|
    |mul_ln708_360_fu_731_p2           |     *    |      0|  0|  40|           8|           5|
    |mul_ln708_361_fu_835_p2           |     *    |      0|  0|  40|           8|           8|
    |mul_ln708_362_fu_756_p2           |     *    |      0|  0|  40|           8|           6|
    |mul_ln708_363_fu_681_p2           |     *    |      0|  0|  40|           8|           7|
    |mul_ln708_364_fu_805_p2           |     *    |      0|  0|  40|           8|           7|
    |mul_ln708_365_fu_700_p2           |     *    |      0|  0|  40|           8|           7|
    |mul_ln708_366_fu_719_p2           |     *    |      0|  0|  40|           8|           8|
    |mul_ln708_367_fu_779_p2           |     *    |      0|  0|  40|           8|           7|
    |mul_ln708_368_fu_825_p2           |     *    |      0|  0|  40|           8|           8|
    |mul_ln708_369_fu_818_p2           |     *    |      0|  0|  40|           8|           8|
    |mul_ln708_370_fu_754_p2           |     *    |      0|  0|  40|           8|           8|
    |mul_ln708_371_fu_703_p2           |     *    |      0|  0|  40|           8|           8|
    |mul_ln708_372_fu_785_p2           |     *    |      0|  0|  40|           8|           8|
    |mul_ln708_fu_687_p2               |     *    |      0|  0|  40|           8|           8|
    |acc_1_V_fu_104019_p2              |     +    |      0|  0|  16|          16|          16|
    |acc_2_V_fu_104050_p2              |     +    |      0|  0|  16|          16|          16|
    |acc_3_V_fu_104098_p2              |     +    |      0|  0|  16|          16|          16|
    |acc_4_V_fu_104155_p2              |     +    |      0|  0|  16|          16|          16|
    |add_ln703_4531_fu_102763_p2       |     +    |      0|  0|  17|          10|           9|
    |add_ln703_4532_fu_102773_p2       |     +    |      0|  0|  16|          13|          13|
    |add_ln703_4533_fu_102779_p2       |     +    |      0|  0|  16|          12|          12|
    |add_ln703_4534_fu_102785_p2       |     +    |      0|  0|  16|          12|          12|
    |add_ln703_4535_fu_102795_p2       |     +    |      0|  0|  19|          12|          12|
    |add_ln703_4536_fu_102805_p2       |     +    |      0|  0|  16|          13|          13|
    |add_ln703_4537_fu_102811_p2       |     +    |      0|  0|  16|          13|          13|
    |add_ln703_4538_fu_102821_p2       |     +    |      0|  0|  18|          11|          11|
    |add_ln703_4539_fu_102831_p2       |     +    |      0|  0|  18|          11|          11|
    |add_ln703_4540_fu_102841_p2       |     +    |      0|  0|  19|          12|          12|
    |add_ln703_4541_fu_102851_p2       |     +    |      0|  0|  21|          14|          14|
    |add_ln703_4542_fu_102857_p2       |     +    |      0|  0|  19|          12|          12|
    |add_ln703_4543_fu_102867_p2       |     +    |      0|  0|  17|          10|          10|
    |add_ln703_4544_fu_102877_p2       |     +    |      0|  0|  20|          13|          13|
    |add_ln703_4545_fu_102887_p2       |     +    |      0|  0|  19|          12|          12|
    |add_ln703_4546_fu_102897_p2       |     +    |      0|  0|  19|          12|          12|
    |add_ln703_4547_fu_102907_p2       |     +    |      0|  0|  20|          13|          13|
    |add_ln703_4548_fu_102917_p2       |     +    |      0|  0|  21|          14|          14|
    |add_ln703_4549_fu_103941_p2       |     +    |      0|  0|  22|          15|          15|
    |add_ln703_4550_fu_102923_p2       |     +    |      0|  0|  16|          12|          12|
    |add_ln703_4551_fu_102929_p2       |     +    |      0|  0|  16|           9|           9|
    |add_ln703_4552_fu_102939_p2       |     +    |      0|  0|  16|          12|          12|
    |add_ln703_4553_fu_102945_p2       |     +    |      0|  0|  16|          14|          14|
    |add_ln703_4554_fu_102951_p2       |     +    |      0|  0|  20|          13|          13|
    |add_ln703_4555_fu_102961_p2       |     +    |      0|  0|  16|          14|          14|
    |add_ln703_4556_fu_103957_p2       |     +    |      0|  0|  22|          15|          15|
    |add_ln703_4557_fu_102967_p2       |     +    |      0|  0|  20|          13|          13|
    |add_ln703_4558_fu_102977_p2       |     +    |      0|  0|  20|          13|          13|
    |add_ln703_4559_fu_102987_p2       |     +    |      0|  0|  21|          14|          14|
    |add_ln703_4560_fu_102997_p2       |     +    |      0|  0|  19|          12|          12|
    |add_ln703_4561_fu_103007_p2       |     +    |      0|  0|  18|          11|          11|
    |add_ln703_4562_fu_103017_p2       |     +    |      0|  0|  20|          13|          13|
    |add_ln703_4563_fu_103027_p2       |     +    |      0|  0|  22|          15|          15|
    |add_ln703_4564_fu_103970_p2       |     +    |      0|  0|  16|          16|          16|
    |add_ln703_4565_fu_103976_p2       |     +    |      0|  0|  16|          16|          16|
    |add_ln703_4566_fu_103033_p2       |     +    |      0|  0|  18|          11|          11|
    |add_ln703_4567_fu_103043_p2       |     +    |      0|  0|  19|          12|          12|
    |add_ln703_4568_fu_103053_p2       |     +    |      0|  0|  20|          13|          13|
    |add_ln703_4569_fu_103063_p2       |     +    |      0|  0|  19|          12|          12|
    |add_ln703_4570_fu_103073_p2       |     +    |      0|  0|  18|          11|          11|
    |add_ln703_4571_fu_103083_p2       |     +    |      0|  0|  20|          13|          13|
    |add_ln703_4572_fu_103093_p2       |     +    |      0|  0|  21|          14|          14|
    |add_ln703_4573_fu_103099_p2       |     +    |      0|  0|  19|          12|          12|
    |add_ln703_4574_fu_103109_p2       |     +    |      0|  0|  19|          12|          12|
    |add_ln703_4575_fu_103119_p2       |     +    |      0|  0|  20|          13|          13|
    |add_ln703_4576_fu_103129_p2       |     +    |      0|  0|  21|          14|          14|
    |add_ln703_4577_fu_103139_p2       |     +    |      0|  0|  20|          13|          13|
    |add_ln703_4578_fu_103149_p2       |     +    |      0|  0|  16|          15|          15|
    |add_ln703_4579_fu_103155_p2       |     +    |      0|  0|  16|          15|          15|
    |add_ln703_4580_fu_103988_p2       |     +    |      0|  0|  16|          16|          16|
    |add_ln703_4581_fu_103161_p2       |     +    |      0|  0|  20|          13|          13|
    |add_ln703_4582_fu_103171_p2       |     +    |      0|  0|  19|          12|          12|
    |add_ln703_4583_fu_103181_p2       |     +    |      0|  0|  21|          14|          14|
    |add_ln703_4584_fu_103187_p2       |     +    |      0|  0|  19|          12|          12|
    |add_ln703_4585_fu_103197_p2       |     +    |      0|  0|  19|          12|          12|
    |add_ln703_4586_fu_103207_p2       |     +    |      0|  0|  20|          13|          13|
    |add_ln703_4587_fu_104000_p2       |     +    |      0|  0|  16|          15|          15|
    |add_ln703_4588_fu_103213_p2       |     +    |      0|  0|  18|          11|          11|
    |add_ln703_4589_fu_103223_p2       |     +    |      0|  0|  18|          11|          11|
    |add_ln703_4590_fu_103233_p2       |     +    |      0|  0|  19|          12|          12|
    |add_ln703_4591_fu_103243_p2       |     +    |      0|  0|  17|          10|          10|
    |add_ln703_4592_fu_103253_p2       |     +    |      0|  0|  15|           7|           7|
    |add_ln703_4593_fu_103267_p2       |     +    |      0|  0|  16|           9|           9|
    |add_ln703_4594_fu_103277_p2       |     +    |      0|  0|  18|          11|          11|
    |add_ln703_4595_fu_103287_p2       |     +    |      0|  0|  20|          13|          13|
    |add_ln703_4596_fu_104009_p2       |     +    |      0|  0|  16|          15|          15|
    |add_ln703_4598_fu_103293_p2       |     +    |      0|  0|  19|          12|          12|
    |add_ln703_4599_fu_103303_p2       |     +    |      0|  0|  21|          14|          14|
    |add_ln703_4600_fu_103313_p2       |     +    |      0|  0|  18|          11|          11|
    |add_ln703_4601_fu_103323_p2       |     +    |      0|  0|  16|          14|          14|
    |add_ln703_4602_fu_103329_p2       |     +    |      0|  0|  16|          14|          14|
    |add_ln703_4603_fu_103339_p2       |     +    |      0|  0|  22|          15|          15|
    |add_ln703_4604_fu_103345_p2       |     +    |      0|  0|  16|          13|          13|
    |add_ln703_4605_fu_103351_p2       |     +    |      0|  0|  18|          11|          11|
    |add_ln703_4606_fu_103361_p2       |     +    |      0|  0|  16|          13|          13|
    |add_ln703_4607_fu_103371_p2       |     +    |      0|  0|  23|          16|          16|
    |add_ln703_4608_fu_103377_p2       |     +    |      0|  0|  23|          16|          16|
    |add_ln703_4609_fu_103383_p2       |     +    |      0|  0|  16|          16|          16|
    |add_ln703_4610_fu_103389_p2       |     +    |      0|  0|  16|          16|          16|
    |add_ln703_4611_fu_104028_p2       |     +    |      0|  0|  16|          16|          16|
    |add_ln703_4612_fu_103395_p2       |     +    |      0|  0|  22|          15|          15|
    |add_ln703_4613_fu_103405_p2       |     +    |      0|  0|  22|          15|          15|
    |add_ln703_4614_fu_103415_p2       |     +    |      0|  0|  23|          16|          16|
    |add_ln703_4615_fu_103421_p2       |     +    |      0|  0|  16|          13|          13|
    |add_ln703_4616_fu_103431_p2       |     +    |      0|  0|  20|          13|          13|
    |add_ln703_4617_fu_103441_p2       |     +    |      0|  0|  21|          14|          14|
    |add_ln703_4618_fu_104036_p2       |     +    |      0|  0|  16|          16|          16|
    |add_ln703_4619_fu_103447_p2       |     +    |      0|  0|  20|          13|          13|
    |add_ln703_4620_fu_103457_p2       |     +    |      0|  0|  19|          12|          12|
    |add_ln703_4621_fu_103467_p2       |     +    |      0|  0|  16|          14|          14|
    |add_ln703_4622_fu_103473_p2       |     +    |      0|  0|  18|          11|          11|
    |add_ln703_4623_fu_103483_p2       |     +    |      0|  0|  18|          11|          11|
    |add_ln703_4624_fu_103493_p2       |     +    |      0|  0|  19|          12|          12|
    |add_ln703_4625_fu_103503_p2       |     +    |      0|  0|  16|          14|          14|
    |add_ln703_4626_fu_104044_p2       |     +    |      0|  0|  16|          16|          16|
    |add_ln703_4628_fu_103509_p2       |     +    |      0|  0|  16|          12|          12|
    |add_ln703_4629_fu_103515_p2       |     +    |      0|  0|  16|          12|          12|
    |add_ln703_4630_fu_103525_p2       |     +    |      0|  0|  19|          12|          12|
    |add_ln703_4631_fu_103535_p2       |     +    |      0|  0|  19|          12|          12|
    |add_ln703_4632_fu_103545_p2       |     +    |      0|  0|  20|          13|          13|
    |add_ln703_4633_fu_103555_p2       |     +    |      0|  0|  21|          14|          14|
    |add_ln703_4634_fu_103561_p2       |     +    |      0|  0|  21|          14|          14|
    |add_ln703_4635_fu_103571_p2       |     +    |      0|  0|  22|          15|          15|
    |add_ln703_4636_fu_103581_p2       |     +    |      0|  0|  16|          16|          16|
    |add_ln703_4637_fu_103587_p2       |     +    |      0|  0|  22|          15|          15|
    |add_ln703_4638_fu_103597_p2       |     +    |      0|  0|  22|          15|          15|
    |add_ln703_4639_fu_103607_p2       |     +    |      0|  0|  23|          16|          16|
    |add_ln703_4640_fu_103613_p2       |     +    |      0|  0|  16|          16|          16|
    |add_ln703_4641_fu_104059_p2       |     +    |      0|  0|  16|          16|          16|
    |add_ln703_4642_fu_103619_p2       |     +    |      0|  0|  21|          14|          14|
    |add_ln703_4643_fu_103629_p2       |     +    |      0|  0|  20|          13|          13|
    |add_ln703_4644_fu_103639_p2       |     +    |      0|  0|  22|          15|          15|
    |add_ln703_4645_fu_103645_p2       |     +    |      0|  0|  20|          13|          13|
    |add_ln703_4646_fu_103655_p2       |     +    |      0|  0|  20|          13|          13|
    |add_ln703_4647_fu_103665_p2       |     +    |      0|  0|  21|          14|          14|
    |add_ln703_4648_fu_104070_p2       |     +    |      0|  0|  16|          16|          16|
    |add_ln703_4649_fu_103671_p2       |     +    |      0|  0|  20|          13|          13|
    |add_ln703_4650_fu_103681_p2       |     +    |      0|  0|  19|          12|          12|
    |add_ln703_4651_fu_103691_p2       |     +    |      0|  0|  21|          14|          14|
    |add_ln703_4652_fu_103697_p2       |     +    |      0|  0|  16|          12|          12|
    |add_ln703_4653_fu_103703_p2       |     +    |      0|  0|  17|          10|          10|
    |add_ln703_4654_fu_103713_p2       |     +    |      0|  0|  16|          12|          12|
    |add_ln703_4655_fu_104082_p2       |     +    |      0|  0|  22|          15|          15|
    |add_ln703_4656_fu_104092_p2       |     +    |      0|  0|  16|          16|          16|
    |add_ln703_4658_fu_103719_p2       |     +    |      0|  0|  17|          10|          10|
    |add_ln703_4659_fu_103729_p2       |     +    |      0|  0|  16|          12|          12|
    |add_ln703_4660_fu_103735_p2       |     +    |      0|  0|  16|          12|          12|
    |add_ln703_4661_fu_103745_p2       |     +    |      0|  0|  16|          12|          12|
    |add_ln703_4662_fu_103751_p2       |     +    |      0|  0|  18|          11|          11|
    |add_ln703_4663_fu_103761_p2       |     +    |      0|  0|  16|          12|          12|
    |add_ln703_4664_fu_103771_p2       |     +    |      0|  0|  20|          13|          13|
    |add_ln703_4665_fu_103777_p2       |     +    |      0|  0|  19|          12|          12|
    |add_ln703_4666_fu_103787_p2       |     +    |      0|  0|  19|          12|          12|
    |add_ln703_4667_fu_103797_p2       |     +    |      0|  0|  20|          13|          13|
    |add_ln703_4668_fu_103807_p2       |     +    |      0|  0|  17|          10|          10|
    |add_ln703_4669_fu_103817_p2       |     +    |      0|  0|  22|          15|          15|
    |add_ln703_4670_fu_103823_p2       |     +    |      0|  0|  16|          15|          15|
    |add_ln703_4671_fu_103829_p2       |     +    |      0|  0|  16|          15|          15|
    |add_ln703_4672_fu_104110_p2       |     +    |      0|  0|  16|          16|          16|
    |add_ln703_4673_fu_103835_p2       |     +    |      0|  0|  22|          15|          15|
    |add_ln703_4674_fu_103845_p2       |     +    |      0|  0|  21|          14|          14|
    |add_ln703_4675_fu_103855_p2       |     +    |      0|  0|  23|          16|          16|
    |add_ln703_4676_fu_103861_p2       |     +    |      0|  0|  20|          13|          13|
    |add_ln703_4677_fu_103871_p2       |     +    |      0|  0|  20|          13|          13|
    |add_ln703_4678_fu_103881_p2       |     +    |      0|  0|  21|          14|          14|
    |add_ln703_4679_fu_104119_p2       |     +    |      0|  0|  16|          16|          16|
    |add_ln703_4680_fu_103887_p2       |     +    |      0|  0|  19|          12|          12|
    |add_ln703_4681_fu_103893_p2       |     +    |      0|  0|  18|          11|          11|
    |add_ln703_4682_fu_104130_p2       |     +    |      0|  0|  16|          13|          13|
    |add_ln703_4683_fu_103899_p2       |     +    |      0|  0|  17|          10|           9|
    |add_ln703_4684_fu_103909_p2       |     +    |      0|  0|  16|           9|           9|
    |add_ln703_4685_fu_103919_p2       |     +    |      0|  0|  17|          10|          10|
    |add_ln703_4686_fu_103929_p2       |     +    |      0|  0|  18|          11|          11|
    |add_ln703_4687_fu_104139_p2       |     +    |      0|  0|  16|          13|          13|
    |add_ln703_4688_fu_104149_p2       |     +    |      0|  0|  16|          16|          16|
    |add_ln703_fu_102753_p2            |     +    |      0|  0|  19|          12|          12|
    |sub_ln1118_1765_fu_99898_p2       |     -    |      0|  0|  23|          16|          16|
    |sub_ln1118_1766_fu_100713_p2      |     -    |      0|  0|  26|          19|          19|
    |sub_ln1118_1767_fu_100827_p2      |     -    |      0|  0|  25|          18|          18|
    |sub_ln1118_1768_fu_101320_p2      |     -    |      0|  0|  20|          13|          13|
    |sub_ln1118_1769_fu_101821_p2      |     -    |      0|  0|  17|           1|          10|
    |sub_ln1118_fu_99876_p2            |     -    |      0|  0|  22|           1|          15|
    |sub_ln708_fu_101284_p2            |     -    |      0|  0|  19|          12|          12|
    |ap_block_pp0_stage0_11001         |    or    |      0|  0|   2|           1|           1|
    |ap_block_state1_pp0_stage0_iter0  |    or    |      0|  0|   2|           1|           1|
    |ap_enable_pp0                     |    xor   |      0|  0|   2|           1|           2|
    +----------------------------------+----------+-------+---+----+------------+------------+
    |Total                             |          |     90|  0|7146|        3413|        3871|
    +----------------------------------+----------+-------+---+----+------------+------------+

    * Multiplexer: 
    +-------------+----+-----------+-----+-----------+
    |     Name    | LUT| Input Size| Bits| Total Bits|
    +-------------+----+-----------+-----+-----------+
    |ap_done      |   9|          2|    1|          2|
    |ap_return_0  |   9|          2|   16|         32|
    |ap_return_1  |   9|          2|   16|         32|
    |ap_return_2  |   9|          2|   16|         32|
    |ap_return_3  |   9|          2|   16|         32|
    |ap_return_4  |   9|          2|   16|         32|
    +-------------+----+-----------+-----+-----------+
    |Total        |  54|         12|   81|        162|
    +-------------+----+-----------+-----+-----------+

    * Register: 
    +---------------------------+----+----+-----+-----------+
    |            Name           | FF | LUT| Bits| Const Bits|
    +---------------------------+----+----+-----+-----------+
    |add_ln703_4541_reg_104191  |  14|   0|   14|          0|
    |add_ln703_4548_reg_104196  |  14|   0|   14|          0|
    |add_ln703_4552_reg_104201  |  12|   0|   12|          0|
    |add_ln703_4555_reg_104206  |  14|   0|   14|          0|
    |add_ln703_4563_reg_104211  |  15|   0|   15|          0|
    |add_ln703_4572_reg_104216  |  14|   0|   14|          0|
    |add_ln703_4579_reg_104221  |  15|   0|   15|          0|
    |add_ln703_4583_reg_104226  |  14|   0|   14|          0|
    |add_ln703_4586_reg_104231  |  13|   0|   13|          0|
    |add_ln703_4595_reg_104236  |  13|   0|   13|          0|
    |add_ln703_4603_reg_104241  |  15|   0|   15|          0|
    |add_ln703_4610_reg_104246  |  16|   0|   16|          0|
    |add_ln703_4614_reg_104251  |  16|   0|   16|          0|
    |add_ln703_4617_reg_104256  |  14|   0|   14|          0|
    |add_ln703_4625_reg_104261  |  14|   0|   14|          0|
    |add_ln703_4633_reg_104266  |  14|   0|   14|          0|
    |add_ln703_4640_reg_104271  |  16|   0|   16|          0|
    |add_ln703_4644_reg_104276  |  15|   0|   15|          0|
    |add_ln703_4647_reg_104281  |  14|   0|   14|          0|
    |add_ln703_4651_reg_104286  |  14|   0|   14|          0|
    |add_ln703_4654_reg_104291  |  12|   0|   12|          0|
    |add_ln703_4664_reg_104296  |  13|   0|   13|          0|
    |add_ln703_4671_reg_104301  |  15|   0|   15|          0|
    |add_ln703_4675_reg_104306  |  16|   0|   16|          0|
    |add_ln703_4678_reg_104311  |  14|   0|   14|          0|
    |add_ln703_4680_reg_104316  |  12|   0|   12|          0|
    |add_ln703_4681_reg_104321  |  11|   0|   11|          0|
    |add_ln703_4686_reg_104326  |  11|   0|   11|          0|
    |ap_CS_fsm                  |   1|   0|    1|          0|
    |ap_done_reg                |   1|   0|    1|          0|
    |ap_enable_reg_pp0_iter1    |   1|   0|    1|          0|
    |ap_return_0_preg           |  16|   0|   16|          0|
    |ap_return_1_preg           |  16|   0|   16|          0|
    |ap_return_2_preg           |  16|   0|   16|          0|
    |ap_return_3_preg           |  16|   0|   16|          0|
    |ap_return_4_preg           |  16|   0|   16|          0|
    +---------------------------+----+----+-----+-----------+
    |Total                      | 473|   0|  473|          0|
    +---------------------------+----+----+-----+-----------+



================================================================
== Interface
================================================================
* Summary: 
+-------------+-----+-----+------------+--------------------------------------------------------------------+--------------+
|  RTL Ports  | Dir | Bits|  Protocol  |                            Source Object                           |    C Type    |
+-------------+-----+-----+------------+--------------------------------------------------------------------+--------------+
|ap_clk       |  in |    1| ap_ctrl_hs | dense_latency<ap_ufixed,ap_fixed<16,6,5,3,0>,config16>.0.0.0.0.0.0 | return value |
|ap_rst       |  in |    1| ap_ctrl_hs | dense_latency<ap_ufixed,ap_fixed<16,6,5,3,0>,config16>.0.0.0.0.0.0 | return value |
|ap_start     |  in |    1| ap_ctrl_hs | dense_latency<ap_ufixed,ap_fixed<16,6,5,3,0>,config16>.0.0.0.0.0.0 | return value |
|ap_done      | out |    1| ap_ctrl_hs | dense_latency<ap_ufixed,ap_fixed<16,6,5,3,0>,config16>.0.0.0.0.0.0 | return value |
|ap_continue  |  in |    1| ap_ctrl_hs | dense_latency<ap_ufixed,ap_fixed<16,6,5,3,0>,config16>.0.0.0.0.0.0 | return value |
|ap_idle      | out |    1| ap_ctrl_hs | dense_latency<ap_ufixed,ap_fixed<16,6,5,3,0>,config16>.0.0.0.0.0.0 | return value |
|ap_ready     | out |    1| ap_ctrl_hs | dense_latency<ap_ufixed,ap_fixed<16,6,5,3,0>,config16>.0.0.0.0.0.0 | return value |
|ap_return_0  | out |   16| ap_ctrl_hs | dense_latency<ap_ufixed,ap_fixed<16,6,5,3,0>,config16>.0.0.0.0.0.0 | return value |
|ap_return_1  | out |   16| ap_ctrl_hs | dense_latency<ap_ufixed,ap_fixed<16,6,5,3,0>,config16>.0.0.0.0.0.0 | return value |
|ap_return_2  | out |   16| ap_ctrl_hs | dense_latency<ap_ufixed,ap_fixed<16,6,5,3,0>,config16>.0.0.0.0.0.0 | return value |
|ap_return_3  | out |   16| ap_ctrl_hs | dense_latency<ap_ufixed,ap_fixed<16,6,5,3,0>,config16>.0.0.0.0.0.0 | return value |
|ap_return_4  | out |   16| ap_ctrl_hs | dense_latency<ap_ufixed,ap_fixed<16,6,5,3,0>,config16>.0.0.0.0.0.0 | return value |
|p_read       |  in |    8|   ap_none  |                               p_read                               |    scalar    |
|p_read1      |  in |    8|   ap_none  |                               p_read1                              |    scalar    |
|p_read2      |  in |    8|   ap_none  |                               p_read2                              |    scalar    |
|p_read3      |  in |    8|   ap_none  |                               p_read3                              |    scalar    |
|p_read4      |  in |    8|   ap_none  |                               p_read4                              |    scalar    |
|p_read5      |  in |    8|   ap_none  |                               p_read5                              |    scalar    |
|p_read6      |  in |    8|   ap_none  |                               p_read6                              |    scalar    |
|p_read7      |  in |    8|   ap_none  |                               p_read7                              |    scalar    |
|p_read8      |  in |    8|   ap_none  |                               p_read8                              |    scalar    |
|p_read9      |  in |    8|   ap_none  |                               p_read9                              |    scalar    |
|p_read10     |  in |    8|   ap_none  |                              p_read10                              |    scalar    |
|p_read11     |  in |    8|   ap_none  |                              p_read11                              |    scalar    |
|p_read12     |  in |    8|   ap_none  |                              p_read12                              |    scalar    |
|p_read13     |  in |    8|   ap_none  |                              p_read13                              |    scalar    |
|p_read14     |  in |    8|   ap_none  |                              p_read14                              |    scalar    |
|p_read15     |  in |    8|   ap_none  |                              p_read15                              |    scalar    |
|p_read16     |  in |    8|   ap_none  |                              p_read16                              |    scalar    |
|p_read17     |  in |    8|   ap_none  |                              p_read17                              |    scalar    |
|p_read18     |  in |    8|   ap_none  |                              p_read18                              |    scalar    |
|p_read19     |  in |    8|   ap_none  |                              p_read19                              |    scalar    |
|p_read20     |  in |    8|   ap_none  |                              p_read20                              |    scalar    |
|p_read21     |  in |    8|   ap_none  |                              p_read21                              |    scalar    |
|p_read22     |  in |    8|   ap_none  |                              p_read22                              |    scalar    |
|p_read23     |  in |    8|   ap_none  |                              p_read23                              |    scalar    |
|p_read24     |  in |    8|   ap_none  |                              p_read24                              |    scalar    |
|p_read25     |  in |    8|   ap_none  |                              p_read25                              |    scalar    |
|p_read26     |  in |    8|   ap_none  |                              p_read26                              |    scalar    |
|p_read27     |  in |    8|   ap_none  |                              p_read27                              |    scalar    |
|p_read28     |  in |    8|   ap_none  |                              p_read28                              |    scalar    |
|p_read29     |  in |    8|   ap_none  |                              p_read29                              |    scalar    |
|p_read30     |  in |    8|   ap_none  |                              p_read30                              |    scalar    |
|p_read31     |  in |    8|   ap_none  |                              p_read31                              |    scalar    |
+-------------+-----+-----+------------+--------------------------------------------------------------------+--------------+

