

================================================================
== Vivado HLS Report for 'softmax_stable_ap_fixed_ap_fixed_16_6_0_0_0_Softmax_config18_s'
================================================================
* Date:           Fri Nov  3 03:59:58 2023

* Version:        2020.1 (Build 2897737 on Wed May 27 20:21:37 MDT 2020)
* Project:        myproject_prj
* Solution:       solution1
* Product family: virtexuplus
* Target device:  xcvu13p-flga2577-2-e


================================================================
== Performance Estimates
================================================================
+ Timing: 
    * Summary: 
    +--------+---------+----------+------------+
    |  Clock |  Target | Estimated| Uncertainty|
    +--------+---------+----------+------------+
    |ap_clk  | 5.00 ns | 4.284 ns |   0.62 ns  |
    +--------+---------+----------+------------+

+ Latency: 
    * Summary: 
    +---------+---------+-----------+-----------+-----+-----+----------+
    |  Latency (cycles) |   Latency (absolute)  |  Interval | Pipeline |
    |   min   |   max   |    min    |    max    | min | max |   Type   |
    +---------+---------+-----------+-----------+-----+-----+----------+
    |        5|        5| 25.000 ns | 25.000 ns |    1|    1| function |
    +---------+---------+-----------+-----------+-----+-----+----------+

    + Detail: 
        * Instance: 
        N/A

        * Loop: 
        N/A



================================================================
== Utilization Estimates
================================================================
* Summary: 
+---------------------+---------+-------+---------+---------+------+
|         Name        | BRAM_18K| DSP48E|    FF   |   LUT   | URAM |
+---------------------+---------+-------+---------+---------+------+
|DSP                  |        -|      5|        -|        -|     -|
|Expression           |        -|      -|        0|     1466|     -|
|FIFO                 |        -|      -|        -|        -|     -|
|Instance             |        -|      -|        -|        -|     -|
|Memory               |        4|      -|        0|        0|     -|
|Multiplexer          |        -|      -|        -|        9|     -|
|Register             |        -|      -|      518|        -|     -|
+---------------------+---------+-------+---------+---------+------+
|Total                |        4|      5|      518|     1475|     0|
+---------------------+---------+-------+---------+---------+------+
|Available SLR        |     1344|   3072|   864000|   432000|   320|
+---------------------+---------+-------+---------+---------+------+
|Utilization SLR (%)  |    ~0   |   ~0  |    ~0   |    ~0   |     0|
+---------------------+---------+-------+---------+---------+------+
|Available            |     5376|  12288|  3456000|  1728000|  1280|
+---------------------+---------+-------+---------+---------+------+
|Utilization (%)      |    ~0   |   ~0  |    ~0   |    ~0   |     0|
+---------------------+---------+-------+---------+---------+------+

+ Detail: 
    * Instance: 
    N/A

    * DSP48E: 
    +-----------------------------------------+-----------------------------------+-----------+
    |                 Instance                |               Module              | Expression|
    +-----------------------------------------+-----------------------------------+-----------+
    |myproject_mul_mul_17ns_18s_35_1_1_U2166  |myproject_mul_mul_17ns_18s_35_1_1  |  i0 * i1  |
    |myproject_mul_mul_17ns_18s_35_1_1_U2167  |myproject_mul_mul_17ns_18s_35_1_1  |  i0 * i1  |
    |myproject_mul_mul_17ns_18s_35_1_1_U2168  |myproject_mul_mul_17ns_18s_35_1_1  |  i0 * i1  |
    |myproject_mul_mul_17ns_18s_35_1_1_U2169  |myproject_mul_mul_17ns_18s_35_1_1  |  i0 * i1  |
    |myproject_mul_mul_17ns_18s_35_1_1_U2170  |myproject_mul_mul_17ns_18s_35_1_1  |  i0 * i1  |
    +-----------------------------------------+-----------------------------------+-----------+

    * Memory: 
    +-----------------+------------------------------------------------------------------------------+---------+---+----+-----+------+-----+------+-------------+
    |      Memory     |                                    Module                                    | BRAM_18K| FF| LUT| URAM| Words| Bits| Banks| W*Bits*Banks|
    +-----------------+------------------------------------------------------------------------------+---------+---+----+-----+------+-----+------+-------------+
    |exp_table1_U     |softmax_stable_ap_fixed_ap_fixed_16_6_0_0_0_Softmax_config18_s_exp_table1     |        3|  0|   0|    0|  1024|   17|     1|        17408|
    |invert_table2_U  |softmax_stable_ap_fixed_ap_fixed_16_6_0_0_0_Softmax_config18_s_invert_table2  |        1|  0|   0|    0|  1024|   18|     1|        18432|
    +-----------------+------------------------------------------------------------------------------+---------+---+----+-----+------+-----+------+-------------+
    |Total            |                                                                              |        4|  0|   0|    0|  2048|   35|     2|        35840|
    +-----------------+------------------------------------------------------------------------------+---------+---+----+-----+------+-----+------+-------------+

    * FIFO: 
    N/A

    * Expression: 
    +----------------------------------+----------+-------+---+----+------------+------------+
    |           Variable Name          | Operation| DSP48E| FF| LUT| Bitwidth P0| Bitwidth P1|
    +----------------------------------+----------+-------+---+----+------------+------------+
    |add_ln415_1_fu_1522_p2            |     +    |      0|  0|  23|          16|          16|
    |add_ln415_2_fu_1690_p2            |     +    |      0|  0|  23|          16|          16|
    |add_ln415_3_fu_1858_p2            |     +    |      0|  0|  23|          16|          16|
    |add_ln415_4_fu_2026_p2            |     +    |      0|  0|  23|          16|          16|
    |add_ln415_fu_1354_p2              |     +    |      0|  0|  23|          16|          16|
    |p_Val2_11_fu_811_p2               |     +    |      0|  0|  25|          18|          18|
    |p_Val2_15_fu_855_p2               |     +    |      0|  0|  25|          18|          18|
    |p_Val2_19_fu_948_p2               |     +    |      0|  0|  25|          18|          18|
    |p_Val2_8_fu_781_p2                |     +    |      0|  0|  25|          18|          18|
    |ret_V_1_fu_934_p2                 |     +    |      0|  0|  26|          19|          19|
    |ret_V_fu_841_p2                   |     +    |      0|  0|  26|          19|          19|
    |sub_ln1193_1_fu_363_p2            |     -    |      0|  0|  24|          17|          17|
    |sub_ln1193_2_fu_419_p2            |     -    |      0|  0|  24|          17|          17|
    |sub_ln1193_3_fu_475_p2            |     -    |      0|  0|  24|          17|          17|
    |sub_ln1193_4_fu_531_p2            |     -    |      0|  0|  24|          17|          17|
    |sub_ln1193_fu_307_p2              |     -    |      0|  0|  24|          17|          17|
    |and_ln416_1_fu_1541_p2            |    and   |      0|  0|   2|           1|           1|
    |and_ln416_2_fu_1709_p2            |    and   |      0|  0|   2|           1|           1|
    |and_ln416_3_fu_1877_p2            |    and   |      0|  0|   2|           1|           1|
    |and_ln416_4_fu_2045_p2            |    and   |      0|  0|   2|           1|           1|
    |and_ln416_fu_1373_p2              |    and   |      0|  0|   2|           1|           1|
    |and_ln779_1_fu_1574_p2            |    and   |      0|  0|   2|           1|           1|
    |and_ln779_2_fu_1742_p2            |    and   |      0|  0|   2|           1|           1|
    |and_ln779_3_fu_1910_p2            |    and   |      0|  0|   2|           1|           1|
    |and_ln779_4_fu_2078_p2            |    and   |      0|  0|   2|           1|           1|
    |and_ln779_fu_1406_p2              |    and   |      0|  0|   2|           1|           1|
    |and_ln781_1_fu_1586_p2            |    and   |      0|  0|   2|           1|           1|
    |and_ln781_2_fu_1754_p2            |    and   |      0|  0|   2|           1|           1|
    |and_ln781_3_fu_1922_p2            |    and   |      0|  0|   2|           1|           1|
    |and_ln781_4_fu_2090_p2            |    and   |      0|  0|   2|           1|           1|
    |and_ln781_fu_1418_p2              |    and   |      0|  0|   2|           1|           1|
    |and_ln785_1_fu_1608_p2            |    and   |      0|  0|   2|           1|           1|
    |and_ln785_2_fu_1776_p2            |    and   |      0|  0|   2|           1|           1|
    |and_ln785_3_fu_1944_p2            |    and   |      0|  0|   2|           1|           1|
    |and_ln785_4_fu_2112_p2            |    and   |      0|  0|   2|           1|           1|
    |and_ln785_fu_1440_p2              |    and   |      0|  0|   2|           1|           1|
    |and_ln786_10_fu_1464_p2           |    and   |      0|  0|   2|           1|           1|
    |and_ln786_11_fu_1632_p2           |    and   |      0|  0|   2|           1|           1|
    |and_ln786_12_fu_1800_p2           |    and   |      0|  0|   2|           1|           1|
    |and_ln786_13_fu_1968_p2           |    and   |      0|  0|   2|           1|           1|
    |and_ln786_14_fu_2136_p2           |    and   |      0|  0|   2|           1|           1|
    |and_ln786_1_fu_1614_p2            |    and   |      0|  0|   2|           1|           1|
    |and_ln786_2_fu_1782_p2            |    and   |      0|  0|   2|           1|           1|
    |and_ln786_3_fu_1950_p2            |    and   |      0|  0|   2|           1|           1|
    |and_ln786_4_fu_2118_p2            |    and   |      0|  0|   2|           1|           1|
    |and_ln786_5_fu_391_p2             |    and   |      0|  0|   2|           1|           1|
    |and_ln786_6_fu_447_p2             |    and   |      0|  0|   2|           1|           1|
    |and_ln786_7_fu_503_p2             |    and   |      0|  0|   2|           1|           1|
    |and_ln786_8_fu_559_p2             |    and   |      0|  0|   2|           1|           1|
    |and_ln786_9_fu_1446_p2            |    and   |      0|  0|   2|           1|           1|
    |and_ln786_fu_335_p2               |    and   |      0|  0|   2|           1|           1|
    |underflow_1_fu_967_p2             |    and   |      0|  0|   2|           1|           1|
    |underflow_fu_875_p2               |    and   |      0|  0|   2|           1|           1|
    |icmp_ln1496_1_fu_257_p2           |   icmp   |      0|  0|  13|          16|          16|
    |icmp_ln1496_2_fu_271_p2           |   icmp   |      0|  0|  13|          16|          16|
    |icmp_ln1496_3_fu_285_p2           |   icmp   |      0|  0|  13|          16|          16|
    |icmp_ln1496_fu_243_p2             |   icmp   |      0|  0|  13|          16|          16|
    |icmp_ln768_1_fu_1152_p2           |   icmp   |      0|  0|  13|           9|           1|
    |icmp_ln768_2_fu_1214_p2           |   icmp   |      0|  0|  13|           9|           1|
    |icmp_ln768_3_fu_1276_p2           |   icmp   |      0|  0|  13|           9|           1|
    |icmp_ln768_4_fu_1338_p2           |   icmp   |      0|  0|  13|           9|           1|
    |icmp_ln768_fu_1090_p2             |   icmp   |      0|  0|  13|           9|           1|
    |icmp_ln879_1_fu_1084_p2           |   icmp   |      0|  0|  13|           9|           2|
    |icmp_ln879_2_fu_1131_p2           |   icmp   |      0|  0|  11|           8|           2|
    |icmp_ln879_3_fu_1146_p2           |   icmp   |      0|  0|  13|           9|           2|
    |icmp_ln879_4_fu_1193_p2           |   icmp   |      0|  0|  11|           8|           2|
    |icmp_ln879_5_fu_1208_p2           |   icmp   |      0|  0|  13|           9|           2|
    |icmp_ln879_6_fu_1255_p2           |   icmp   |      0|  0|  11|           8|           2|
    |icmp_ln879_7_fu_1270_p2           |   icmp   |      0|  0|  13|           9|           2|
    |icmp_ln879_8_fu_1317_p2           |   icmp   |      0|  0|  11|           8|           2|
    |icmp_ln879_9_fu_1332_p2           |   icmp   |      0|  0|  13|           9|           2|
    |icmp_ln879_fu_1069_p2             |   icmp   |      0|  0|  11|           8|           2|
    |ap_block_pp0_stage0_01001         |    or    |      0|  0|   2|           1|           1|
    |ap_block_state1_pp0_stage0_iter0  |    or    |      0|  0|   2|           1|           1|
    |or_ln340_10_fu_1637_p2            |    or    |      0|  0|   2|           1|           1|
    |or_ln340_11_fu_1643_p2            |    or    |      0|  0|   2|           1|           1|
    |or_ln340_12_fu_1649_p2            |    or    |      0|  0|   2|           1|           1|
    |or_ln340_13_fu_1805_p2            |    or    |      0|  0|   2|           1|           1|
    |or_ln340_14_fu_1811_p2            |    or    |      0|  0|   2|           1|           1|
    |or_ln340_15_fu_1817_p2            |    or    |      0|  0|   2|           1|           1|
    |or_ln340_16_fu_1973_p2            |    or    |      0|  0|   2|           1|           1|
    |or_ln340_17_fu_1979_p2            |    or    |      0|  0|   2|           1|           1|
    |or_ln340_18_fu_1985_p2            |    or    |      0|  0|   2|           1|           1|
    |or_ln340_19_fu_2141_p2            |    or    |      0|  0|   2|           1|           1|
    |or_ln340_1_fu_409_p2              |    or    |      0|  0|   2|           1|           1|
    |or_ln340_20_fu_2147_p2            |    or    |      0|  0|   2|           1|           1|
    |or_ln340_21_fu_2153_p2            |    or    |      0|  0|   2|           1|           1|
    |or_ln340_2_fu_465_p2              |    or    |      0|  0|   2|           1|           1|
    |or_ln340_3_fu_521_p2              |    or    |      0|  0|   2|           1|           1|
    |or_ln340_4_fu_577_p2              |    or    |      0|  0|   2|           1|           1|
    |or_ln340_5_fu_893_p2              |    or    |      0|  0|   2|           1|           1|
    |or_ln340_6_fu_985_p2              |    or    |      0|  0|   2|           1|           1|
    |or_ln340_7_fu_1469_p2             |    or    |      0|  0|   2|           1|           1|
    |or_ln340_8_fu_1475_p2             |    or    |      0|  0|   2|           1|           1|
    |or_ln340_9_fu_1481_p2             |    or    |      0|  0|   2|           1|           1|
    |or_ln340_fu_353_p2                |    or    |      0|  0|   2|           1|           1|
    |or_ln785_1_fu_1597_p2             |    or    |      0|  0|   2|           1|           1|
    |or_ln785_2_fu_1765_p2             |    or    |      0|  0|   2|           1|           1|
    |or_ln785_3_fu_1933_p2             |    or    |      0|  0|   2|           1|           1|
    |or_ln785_4_fu_2101_p2             |    or    |      0|  0|   2|           1|           1|
    |or_ln785_fu_1429_p2               |    or    |      0|  0|   2|           1|           1|
    |or_ln786_1_fu_1620_p2             |    or    |      0|  0|   2|           1|           1|
    |or_ln786_2_fu_1788_p2             |    or    |      0|  0|   2|           1|           1|
    |or_ln786_3_fu_1956_p2             |    or    |      0|  0|   2|           1|           1|
    |or_ln786_4_fu_2124_p2             |    or    |      0|  0|   2|           1|           1|
    |or_ln786_fu_1452_p2               |    or    |      0|  0|   2|           1|           1|
    |p_Val2_12_fu_795_p3               |  select  |      0|  0|  18|           1|          17|
    |p_Val2_13_fu_825_p3               |  select  |      0|  0|  18|           1|          17|
    |p_Val2_16_fu_915_p3               |  select  |      0|  0|  18|           1|          18|
    |res_0_V                           |  select  |      0|  0|  16|           1|          16|
    |res_1_V                           |  select  |      0|  0|  16|           1|          16|
    |res_2_V                           |  select  |      0|  0|  16|           1|          16|
    |res_3_V                           |  select  |      0|  0|  16|           1|          16|
    |res_4_V                           |  select  |      0|  0|  16|           1|          16|
    |select_ln340_11_fu_695_p3         |  select  |      0|  0|  10|           1|           9|
    |select_ln340_13_fu_729_p3         |  select  |      0|  0|  10|           1|           9|
    |select_ln340_17_fu_899_p3         |  select  |      0|  0|  18|           1|          17|
    |select_ln340_19_fu_1001_p3        |  select  |      0|  0|  10|           1|           9|
    |select_ln340_2_fu_627_p3          |  select  |      0|  0|  10|           1|           9|
    |select_ln340_4_fu_661_p3          |  select  |      0|  0|  10|           1|           9|
    |select_ln340_5_fu_1487_p3         |  select  |      0|  0|  16|           1|          15|
    |select_ln340_6_fu_1655_p3         |  select  |      0|  0|  16|           1|          15|
    |select_ln340_7_fu_1823_p3         |  select  |      0|  0|  16|           1|          15|
    |select_ln340_8_fu_1991_p3         |  select  |      0|  0|  16|           1|          15|
    |select_ln340_9_fu_2159_p3         |  select  |      0|  0|  16|           1|          15|
    |select_ln340_fu_593_p3            |  select  |      0|  0|  10|           1|           9|
    |select_ln388_10_fu_907_p3         |  select  |      0|  0|  19|           1|          19|
    |select_ln388_11_fu_1009_p3        |  select  |      0|  0|  11|           1|          11|
    |select_ln388_1_fu_635_p3          |  select  |      0|  0|  11|           1|          11|
    |select_ln388_2_fu_669_p3          |  select  |      0|  0|  11|           1|          11|
    |select_ln388_3_fu_703_p3          |  select  |      0|  0|  11|           1|          11|
    |select_ln388_4_fu_737_p3          |  select  |      0|  0|  11|           1|          11|
    |select_ln388_5_fu_1495_p3         |  select  |      0|  0|  17|           1|          17|
    |select_ln388_6_fu_1663_p3         |  select  |      0|  0|  17|           1|          17|
    |select_ln388_7_fu_1831_p3         |  select  |      0|  0|  17|           1|          17|
    |select_ln388_8_fu_1999_p3         |  select  |      0|  0|  17|           1|          17|
    |select_ln388_9_fu_2167_p3         |  select  |      0|  0|  17|           1|          17|
    |select_ln388_fu_601_p3            |  select  |      0|  0|  11|           1|          11|
    |select_ln416_1_fu_1579_p3         |  select  |      0|  0|   2|           1|           1|
    |select_ln416_2_fu_1747_p3         |  select  |      0|  0|   2|           1|           1|
    |select_ln416_3_fu_1915_p3         |  select  |      0|  0|   2|           1|           1|
    |select_ln416_4_fu_2083_p3         |  select  |      0|  0|   2|           1|           1|
    |select_ln416_fu_1411_p3           |  select  |      0|  0|   2|           1|           1|
    |select_ln66_1_fu_263_p3           |  select  |      0|  0|  16|           1|          16|
    |select_ln66_2_fu_277_p3           |  select  |      0|  0|  16|           1|          16|
    |select_ln66_fu_249_p3             |  select  |      0|  0|  16|           1|          16|
    |select_ln777_1_fu_1555_p3         |  select  |      0|  0|   2|           1|           1|
    |select_ln777_2_fu_1723_p3         |  select  |      0|  0|   2|           1|           1|
    |select_ln777_3_fu_1891_p3         |  select  |      0|  0|   2|           1|           1|
    |select_ln777_4_fu_2059_p3         |  select  |      0|  0|   2|           1|           1|
    |select_ln777_fu_1387_p3           |  select  |      0|  0|   2|           1|           1|
    |x_max_V_fu_291_p3                 |  select  |      0|  0|  16|           1|          16|
    |y_V_1_fu_643_p3                   |  select  |      0|  0|  10|           1|          10|
    |y_V_2_fu_677_p3                   |  select  |      0|  0|  10|           1|          10|
    |y_V_3_fu_711_p3                   |  select  |      0|  0|  10|           1|          10|
    |y_V_4_fu_745_p3                   |  select  |      0|  0|  10|           1|          10|
    |y_V_5_fu_1017_p3                  |  select  |      0|  0|  10|           1|          10|
    |y_V_fu_609_p3                     |  select  |      0|  0|  10|           1|          10|
    |ap_enable_pp0                     |    xor   |      0|  0|   2|           1|           2|
    |xor_ln340_10_fu_881_p2            |    xor   |      0|  0|   2|           1|           1|
    |xor_ln340_11_fu_887_p2            |    xor   |      0|  0|   2|           1|           2|
    |xor_ln340_12_fu_973_p2            |    xor   |      0|  0|   2|           1|           1|
    |xor_ln340_13_fu_979_p2            |    xor   |      0|  0|   2|           1|           2|
    |xor_ln340_1_fu_403_p2             |    xor   |      0|  0|   2|           1|           2|
    |xor_ln340_2_fu_459_p2             |    xor   |      0|  0|   2|           1|           2|
    |xor_ln340_3_fu_515_p2             |    xor   |      0|  0|   2|           1|           2|
    |xor_ln340_4_fu_571_p2             |    xor   |      0|  0|   2|           1|           2|
    |xor_ln340_5_fu_341_p2             |    xor   |      0|  0|   2|           1|           1|
    |xor_ln340_6_fu_397_p2             |    xor   |      0|  0|   2|           1|           1|
    |xor_ln340_7_fu_453_p2             |    xor   |      0|  0|   2|           1|           1|
    |xor_ln340_8_fu_509_p2             |    xor   |      0|  0|   2|           1|           1|
    |xor_ln340_9_fu_565_p2             |    xor   |      0|  0|   2|           1|           1|
    |xor_ln340_fu_347_p2               |    xor   |      0|  0|   2|           1|           2|
    |xor_ln416_1_fu_1535_p2            |    xor   |      0|  0|   2|           1|           2|
    |xor_ln416_2_fu_1703_p2            |    xor   |      0|  0|   2|           1|           2|
    |xor_ln416_3_fu_1871_p2            |    xor   |      0|  0|   2|           1|           2|
    |xor_ln416_4_fu_2039_p2            |    xor   |      0|  0|   2|           1|           2|
    |xor_ln416_fu_1367_p2              |    xor   |      0|  0|   2|           1|           2|
    |xor_ln779_1_fu_1568_p2            |    xor   |      0|  0|   2|           1|           2|
    |xor_ln779_2_fu_1736_p2            |    xor   |      0|  0|   2|           1|           2|
    |xor_ln779_3_fu_1904_p2            |    xor   |      0|  0|   2|           1|           2|
    |xor_ln779_4_fu_2072_p2            |    xor   |      0|  0|   2|           1|           2|
    |xor_ln779_fu_1400_p2              |    xor   |      0|  0|   2|           1|           2|
    |xor_ln785_1_fu_1435_p2            |    xor   |      0|  0|   2|           1|           2|
    |xor_ln785_2_fu_1591_p2            |    xor   |      0|  0|   2|           1|           2|
    |xor_ln785_3_fu_1603_p2            |    xor   |      0|  0|   2|           1|           2|
    |xor_ln785_4_fu_1759_p2            |    xor   |      0|  0|   2|           1|           2|
    |xor_ln785_5_fu_1771_p2            |    xor   |      0|  0|   2|           1|           2|
    |xor_ln785_6_fu_1927_p2            |    xor   |      0|  0|   2|           1|           2|
    |xor_ln785_7_fu_1939_p2            |    xor   |      0|  0|   2|           1|           2|
    |xor_ln785_8_fu_2095_p2            |    xor   |      0|  0|   2|           1|           2|
    |xor_ln785_9_fu_2107_p2            |    xor   |      0|  0|   2|           1|           2|
    |xor_ln785_fu_1423_p2              |    xor   |      0|  0|   2|           1|           2|
    |xor_ln786_10_fu_1962_p2           |    xor   |      0|  0|   2|           1|           2|
    |xor_ln786_11_fu_2130_p2           |    xor   |      0|  0|   2|           1|           2|
    |xor_ln786_1_fu_385_p2             |    xor   |      0|  0|   2|           1|           2|
    |xor_ln786_2_fu_441_p2             |    xor   |      0|  0|   2|           1|           2|
    |xor_ln786_3_fu_497_p2             |    xor   |      0|  0|   2|           1|           2|
    |xor_ln786_4_fu_553_p2             |    xor   |      0|  0|   2|           1|           2|
    |xor_ln786_5_fu_869_p2             |    xor   |      0|  0|   2|           1|           2|
    |xor_ln786_6_fu_961_p2             |    xor   |      0|  0|   2|           1|           2|
    |xor_ln786_7_fu_1458_p2            |    xor   |      0|  0|   2|           1|           2|
    |xor_ln786_8_fu_1626_p2            |    xor   |      0|  0|   2|           1|           2|
    |xor_ln786_9_fu_1794_p2            |    xor   |      0|  0|   2|           1|           2|
    |xor_ln786_fu_329_p2               |    xor   |      0|  0|   2|           1|           2|
    +----------------------------------+----------+-------+---+----+------------+------------+
    |Total                             |          |      0|  0|1466|         639|        1104|
    +----------------------------------+----------+-------+---+----+------------+------------+

    * Multiplexer: 
    +---------+----+-----------+-----+-----------+
    |   Name  | LUT| Input Size| Bits| Total Bits|
    +---------+----+-----------+-----+-----------+
    |ap_done  |   9|          2|    1|          2|
    +---------+----+-----------+-----+-----------+
    |Total    |   9|          2|    1|          2|
    +---------+----+-----------+-----+-----------+

    * Register: 
    +------------------------------------+----+----+-----+-----------+
    |                Name                | FF | LUT| Bits| Const Bits|
    +------------------------------------+----+----+-----+-----------+
    |ap_CS_fsm                           |   1|   0|    1|          0|
    |ap_done_reg                         |   1|   0|    1|          0|
    |ap_enable_reg_pp0_iter1             |   1|   0|    1|          0|
    |ap_enable_reg_pp0_iter2             |   1|   0|    1|          0|
    |ap_enable_reg_pp0_iter3             |   1|   0|    1|          0|
    |ap_enable_reg_pp0_iter4             |   1|   0|    1|          0|
    |ap_enable_reg_pp0_iter5             |   1|   0|    1|          0|
    |exp_res_0_V_reg_2284                |  17|   0|   17|          0|
    |exp_res_0_V_reg_2284_pp0_iter3_reg  |  17|   0|   17|          0|
    |exp_res_1_V_reg_2289                |  17|   0|   17|          0|
    |exp_res_1_V_reg_2289_pp0_iter3_reg  |  17|   0|   17|          0|
    |exp_res_2_V_reg_2294                |  17|   0|   17|          0|
    |exp_res_2_V_reg_2294_pp0_iter3_reg  |  17|   0|   17|          0|
    |exp_res_3_V_reg_2299                |  17|   0|   17|          0|
    |exp_res_3_V_reg_2299_pp0_iter3_reg  |  17|   0|   17|          0|
    |exp_res_4_V_reg_2315                |  17|   0|   17|          0|
    |icmp_ln768_1_reg_2398               |   1|   0|    1|          0|
    |icmp_ln768_2_reg_2437               |   1|   0|    1|          0|
    |icmp_ln768_3_reg_2476               |   1|   0|    1|          0|
    |icmp_ln768_4_reg_2515               |   1|   0|    1|          0|
    |icmp_ln768_reg_2359                 |   1|   0|    1|          0|
    |icmp_ln879_1_reg_2352               |   1|   0|    1|          0|
    |icmp_ln879_2_reg_2386               |   1|   0|    1|          0|
    |icmp_ln879_3_reg_2391               |   1|   0|    1|          0|
    |icmp_ln879_4_reg_2425               |   1|   0|    1|          0|
    |icmp_ln879_5_reg_2430               |   1|   0|    1|          0|
    |icmp_ln879_6_reg_2464               |   1|   0|    1|          0|
    |icmp_ln879_7_reg_2469               |   1|   0|    1|          0|
    |icmp_ln879_8_reg_2503               |   1|   0|    1|          0|
    |icmp_ln879_9_reg_2508               |   1|   0|    1|          0|
    |icmp_ln879_reg_2347                 |   1|   0|    1|          0|
    |mul_ln1118_1_reg_2364               |  35|   0|   35|          0|
    |mul_ln1118_2_reg_2403               |  35|   0|   35|          0|
    |mul_ln1118_3_reg_2442               |  35|   0|   35|          0|
    |mul_ln1118_4_reg_2481               |  35|   0|   35|          0|
    |mul_ln1118_reg_2325                 |  35|   0|   35|          0|
    |p_Val2_16_reg_2309                  |  18|   0|   18|          0|
    |tmp_31_reg_2331                     |   1|   0|    1|          0|
    |tmp_33_reg_2342                     |   1|   0|    1|          0|
    |tmp_37_reg_2370                     |   1|   0|    1|          0|
    |tmp_39_reg_2381                     |   1|   0|    1|          0|
    |tmp_43_reg_2409                     |   1|   0|    1|          0|
    |tmp_45_reg_2420                     |   1|   0|    1|          0|
    |tmp_49_reg_2448                     |   1|   0|    1|          0|
    |tmp_51_reg_2459                     |   1|   0|    1|          0|
    |tmp_55_reg_2487                     |   1|   0|    1|          0|
    |tmp_57_reg_2498                     |   1|   0|    1|          0|
    |trunc_ln2_reg_2337                  |  16|   0|   16|          0|
    |trunc_ln708_1_reg_2376              |  16|   0|   16|          0|
    |trunc_ln708_2_reg_2415              |  16|   0|   16|          0|
    |trunc_ln708_3_reg_2454              |  16|   0|   16|          0|
    |trunc_ln708_4_reg_2493              |  16|   0|   16|          0|
    |y_V_1_reg_2244                      |  10|   0|   10|          0|
    |y_V_2_reg_2249                      |  10|   0|   10|          0|
    |y_V_3_reg_2254                      |  10|   0|   10|          0|
    |y_V_4_reg_2259                      |  10|   0|   10|          0|
    |y_V_4_reg_2259_pp0_iter1_reg        |  10|   0|   10|          0|
    |y_V_reg_2239                        |  10|   0|   10|          0|
    +------------------------------------+----+----+-----+-----------+
    |Total                               | 518|   0|  518|          0|
    +------------------------------------+----+----+-----+-----------+



================================================================
== Interface
================================================================
* Summary: 
+----------------+-----+-----+------------+----------------------------------------------------------------+--------------+
|    RTL Ports   | Dir | Bits|  Protocol  |                          Source Object                         |    C Type    |
+----------------+-----+-----+------------+----------------------------------------------------------------+--------------+
|ap_clk          |  in |    1| ap_ctrl_hs | softmax_stable<ap_fixed,ap_fixed<16,6,0,0,0>,Softmax_config18> | return value |
|ap_rst          |  in |    1| ap_ctrl_hs | softmax_stable<ap_fixed,ap_fixed<16,6,0,0,0>,Softmax_config18> | return value |
|ap_start        |  in |    1| ap_ctrl_hs | softmax_stable<ap_fixed,ap_fixed<16,6,0,0,0>,Softmax_config18> | return value |
|ap_done         | out |    1| ap_ctrl_hs | softmax_stable<ap_fixed,ap_fixed<16,6,0,0,0>,Softmax_config18> | return value |
|ap_continue     |  in |    1| ap_ctrl_hs | softmax_stable<ap_fixed,ap_fixed<16,6,0,0,0>,Softmax_config18> | return value |
|ap_idle         | out |    1| ap_ctrl_hs | softmax_stable<ap_fixed,ap_fixed<16,6,0,0,0>,Softmax_config18> | return value |
|ap_ready        | out |    1| ap_ctrl_hs | softmax_stable<ap_fixed,ap_fixed<16,6,0,0,0>,Softmax_config18> | return value |
|data_0_V_read   |  in |   16|   ap_none  |                          data_0_V_read                         |    scalar    |
|data_1_V_read   |  in |   16|   ap_none  |                          data_1_V_read                         |    scalar    |
|data_2_V_read   |  in |   16|   ap_none  |                          data_2_V_read                         |    scalar    |
|data_3_V_read   |  in |   16|   ap_none  |                          data_3_V_read                         |    scalar    |
|data_4_V_read   |  in |   16|   ap_none  |                          data_4_V_read                         |    scalar    |
|res_0_V         | out |   16|   ap_vld   |                             res_0_V                            |    pointer   |
|res_0_V_ap_vld  | out |    1|   ap_vld   |                             res_0_V                            |    pointer   |
|res_1_V         | out |   16|   ap_vld   |                             res_1_V                            |    pointer   |
|res_1_V_ap_vld  | out |    1|   ap_vld   |                             res_1_V                            |    pointer   |
|res_2_V         | out |   16|   ap_vld   |                             res_2_V                            |    pointer   |
|res_2_V_ap_vld  | out |    1|   ap_vld   |                             res_2_V                            |    pointer   |
|res_3_V         | out |   16|   ap_vld   |                             res_3_V                            |    pointer   |
|res_3_V_ap_vld  | out |    1|   ap_vld   |                             res_3_V                            |    pointer   |
|res_4_V         | out |   16|   ap_vld   |                             res_4_V                            |    pointer   |
|res_4_V_ap_vld  | out |    1|   ap_vld   |                             res_4_V                            |    pointer   |
+----------------+-----+-----+------------+----------------------------------------------------------------+--------------+

